█████████████████████████| 20/20 [00:13<00:00,  1.51it/s]
train_loss: 0.7977 | train_acc: 0.9467 | train_f1: 0.9395 | val_loss: 0.8901 | val_acc: 0.8885 | val_f1: 0.8715 | lr: 0.000116

--- Fold 3 | Epoch 10/20 ---
Training:   0%|                                                                                                                                     | 0/79 [00:00<?, ?it/s]/root/dev/upstageailab-cv-classification-cv_1/code/baseline_code_kfold.py:112: FutureWarning: `torch.cuda.amp.autocast(args...)` is deprecated. Please use `torch.amp.autocast('cuda', args...)` instead.
  with autocast():
Training - Loss: 0.9271: 100%|█████████████████████████████████████████████████████████████████████████████████████████████████████████████| 79/79 [01:27<00:00,  1.10s/it]
Validation:   0%|                                                                                                                                   | 0/20 [00:00<?, ?it/s]/root/dev/upstageailab-cv-classification-cv_1/code/baseline_code_kfold.py:151: FutureWarning: `torch.cuda.amp.autocast(args...)` is deprecated. Please use `torch.amp.autocast('cuda', args...)` instead.
  with autocast():
Validation - Loss: 0.7847: 100%|███████████████████████████████████████████████████████████████████████████████████████████████████████████| 20/20 [00:15<00:00,  1.32it/s]
train_loss: 0.7712 | train_acc: 0.9546 | train_f1: 0.9479 | val_loss: 0.8889 | val_acc: 0.8885 | val_f1: 0.8613 | lr: 0.000101

--- Fold 3 | Epoch 11/20 ---
Training:   0%|                                                                                                                                     | 0/79 [00:00<?, ?it/s]/root/dev/upstageailab-cv-classification-cv_1/code/baseline_code_kfold.py:112: FutureWarning: `torch.cuda.amp.autocast(args...)` is deprecated. Please use `torch.amp.autocast('cuda', args...)` instead.
  with autocast():
Training - Loss: 0.7700: 100%|█████████████████████████████████████████████████████████████████████████████████████████████████████████████| 79/79 [00:38<00:00,  2.05it/s]
Validation:   0%|                                                                                                                                   | 0/20 [00:00<?, ?it/s]/root/dev/upstageailab-cv-classification-cv_1/code/baseline_code_kfold.py:151: FutureWarning: `torch.cuda.amp.autocast(args...)` is deprecated. Please use `torch.amp.autocast('cuda', args...)` instead.
  with autocast():
Validation - Loss: 0.8773: 100%|███████████████████████████████████████████████████████████████████████████████████████████████████████████| 20/20 [00:04<00:00,  4.90it/s]
train_loss: 0.7556 | train_acc: 0.9602 | train_f1: 0.9570 | val_loss: 0.8673 | val_acc: 0.8854 | val_f1: 0.8660 | lr: 0.000085

--- Fold 3 | Epoch 12/20 ---
Training:   0%|                                                                                                                                     | 0/79 [00:00<?, ?it/s]/root/dev/upstageailab-cv-classification-cv_1/code/baseline_code_kfold.py:112: FutureWarning: `torch.cuda.amp.autocast(args...)` is deprecated. Please use `torch.amp.autocast('cuda', args...)` instead.
  with autocast():
Training - Loss: 0.6926: 100%|█████████████████████████████████████████████████████████████████████████████████████████████████████████████| 79/79 [00:22<00:00,  3.56it/s]
Validation:   0%|                                                                                                                                   | 0/20 [00:00<?, ?it/s]/root/dev/upstageailab-cv-classification-cv_1/code/baseline_code_kfold.py:151: FutureWarning: `torch.cuda.amp.autocast(args...)` is deprecated. Please use `torch.amp.autocast('cuda', args...)` instead.
  with autocast():
Validation - Loss: 0.7945: 100%|███████████████████████████████████████████████████████████████████████████████████████████████████████████| 20/20 [00:07<00:00,  2.57it/s]
💾 Fold 3 Best model updated! F1: 0.8826
train_loss: 0.7506 | train_acc: 0.9618 | train_f1: 0.9593 | val_loss: 0.8618 | val_acc: 0.8981 | val_f1: 0.8826 | lr: 0.000070

--- Fold 3 | Epoch 13/20 ---
Training:   0%|                                                                                                                                     | 0/79 [00:00<?, ?it/s]/root/dev/upstageailab-cv-classification-cv_1/code/baseline_code_kfold.py:112: FutureWarning: `torch.cuda.amp.autocast(args...)` is deprecated. Please use `torch.amp.autocast('cuda', args...)` instead.
  with autocast():
Training - Loss: 0.6885: 100%|█████████████████████████████████████████████████████████████████████████████████████████████████████████████| 79/79 [00:49<00:00,  1.61it/s]
Validation:   0%|                                                                                                                                   | 0/20 [00:00<?, ?it/s]/root/dev/upstageailab-cv-classification-cv_1/code/baseline_code_kfold.py:151: FutureWarning: `torch.cuda.amp.autocast(args...)` is deprecated. Please use `torch.amp.autocast('cuda', args...)` instead.
  with autocast():
Validation - Loss: 0.8274: 100%|███████████████████████████████████████████████████████████████████████████████████████████████████████████| 20/20 [00:15<00:00,  1.32it/s]
train_loss: 0.7322 | train_acc: 0.9697 | train_f1: 0.9692 | val_loss: 0.8716 | val_acc: 0.8949 | val_f1: 0.8798 | lr: 0.000055

--- Fold 3 | Epoch 14/20 ---
Training:   0%|                                                                                                                                     | 0/79 [00:00<?, ?it/s]/root/dev/upstageailab-cv-classification-cv_1/code/baseline_code_kfold.py:112: FutureWarning: `torch.cuda.amp.autocast(args...)` is deprecated. Please use `torch.amp.autocast('cuda', args...)` instead.
  with autocast():
Training - Loss: 0.7253: 100%|█████████████████████████████████████████████████████████████████████████████████████████████████████████████| 79/79 [01:45<00:00,  1.33s/it]
Validation:   0%|                                                                                                                                   | 0/20 [00:00<?, ?it/s]/root/dev/upstageailab-cv-classification-cv_1/code/baseline_code_kfold.py:151: FutureWarning: `torch.cuda.amp.autocast(args...)` is deprecated. Please use `torch.amp.autocast('cuda', args...)` instead.
  with autocast():
Validation - Loss: 0.8163: 100%|███████████████████████████████████████████████████████████████████████████████████████████████████████████| 20/20 [00:27<00:00,  1.37s/it]
💾 Fold 3 Best model updated! F1: 0.9047
train_loss: 0.7246 | train_acc: 0.9721 | train_f1: 0.9685 | val_loss: 0.8568 | val_acc: 0.9108 | val_f1: 0.9047 | lr: 0.000042

--- Fold 3 | Epoch 15/20 ---
Training:   0%|                                                                                                                                     | 0/79 [00:00<?, ?it/s]/root/dev/upstageailab-cv-classification-cv_1/code/baseline_code_kfold.py:112: FutureWarning: `torch.cuda.amp.autocast(args...)` is deprecated. Please use `torch.amp.autocast('cuda', args...)` instead.
  with autocast():
Training - Loss: 0.7043: 100%|█████████████████████████████████████████████████████████████████████████████████████████████████████████████| 79/79 [01:28<00:00,  1.12s/it]
Validation:   0%|                                                                                                                                   | 0/20 [00:00<?, ?it/s]/root/dev/upstageailab-cv-classification-cv_1/code/baseline_code_kfold.py:151: FutureWarning: `torch.cuda.amp.autocast(args...)` is deprecated. Please use `torch.amp.autocast('cuda', args...)` instead.
  with autocast():
Validation - Loss: 0.7599: 100%|███████████████████████████████████████████████████████████████████████████████████████████████████████████| 20/20 [00:10<00:00,  1.87it/s]
train_loss: 0.7246 | train_acc: 0.9753 | train_f1: 0.9744 | val_loss: 0.8612 | val_acc: 0.9013 | val_f1: 0.8902 | lr: 0.000030

--- Fold 3 | Epoch 16/20 ---
Training:   0%|                                                                                                                                     | 0/79 [00:00<?, ?it/s]/root/dev/upstageailab-cv-classification-cv_1/code/baseline_code_kfold.py:112: FutureWarning: `torch.cuda.amp.autocast(args...)` is deprecated. Please use `torch.amp.autocast('cuda', args...)` instead.
  with autocast():
Training - Loss: 0.8976: 100%|█████████████████████████████████████████████████████████████████████████████████████████████████████████████| 79/79 [00:45<00:00,  1.74it/s]
Validation:   0%|                                                                                                                                   | 0/20 [00:00<?, ?it/s]/root/dev/upstageailab-cv-classification-cv_1/code/baseline_code_kfold.py:151: FutureWarning: `torch.cuda.amp.autocast(args...)` is deprecated. Please use `torch.amp.autocast('cuda', args...)` instead.
  with autocast():
Validation - Loss: 0.7559: 100%|███████████████████████████████████████████████████████████████████████████████████████████████████████████| 20/20 [00:04<00:00,  4.78it/s]
train_loss: 0.7203 | train_acc: 0.9753 | train_f1: 0.9736 | val_loss: 0.8647 | val_acc: 0.8854 | val_f1: 0.8674 | lr: 0.000020

--- Fold 3 | Epoch 17/20 ---
Training:   0%|                                                                                                                                     | 0/79 [00:00<?, ?it/s]/root/dev/upstageailab-cv-classification-cv_1/code/baseline_code_kfold.py:112: FutureWarning: `torch.cuda.amp.autocast(args...)` is deprecated. Please use `torch.amp.autocast('cuda', args...)` instead.
  with autocast():
Training - Loss: 0.8172: 100%|█████████████████████████████████████████████████████████████████████████████████████████████████████████████| 79/79 [00:47<00:00,  1.67it/s]
Validation:   0%|                                                                                                                                   | 0/20 [00:00<?, ?it/s]/root/dev/upstageailab-cv-classification-cv_1/code/baseline_code_kfold.py:151: FutureWarning: `torch.cuda.amp.autocast(args...)` is deprecated. Please use `torch.amp.autocast('cuda', args...)` instead.
  with autocast():
Validation - Loss: 0.8400: 100%|███████████████████████████████████████████████████████████████████████████████████████████████████████████| 20/20 [00:07<00:00,  2.82it/s]
train_loss: 0.7101 | train_acc: 0.9793 | train_f1: 0.9792 | val_loss: 0.8662 | val_acc: 0.9045 | val_f1: 0.8926 | lr: 0.000012

--- Fold 3 | Epoch 18/20 ---
Training:   0%|                                                                                                                                     | 0/79 [00:00<?, ?it/s]/root/dev/upstageailab-cv-classification-cv_1/code/baseline_code_kfold.py:112: FutureWarning: `torch.cuda.amp.autocast(args...)` is deprecated. Please use `torch.amp.autocast('cuda', args...)` instead.
  with autocast():
Training - Loss: 0.6535: 100%|█████████████████████████████████████████████████████████████████████████████████████████████████████████████| 79/79 [01:07<00:00,  1.18it/s]
Validation:   0%|                                                                                                                                   | 0/20 [00:00<?, ?it/s]/root/dev/upstageailab-cv-classification-cv_1/code/baseline_code_kfold.py:151: FutureWarning: `torch.cuda.amp.autocast(args...)` is deprecated. Please use `torch.amp.autocast('cuda', args...)` instead.
  with autocast():
Validation - Loss: 0.8405: 100%|███████████████████████████████████████████████████████████████████████████████████████████████████████████| 20/20 [00:06<00:00,  3.24it/s]
train_loss: 0.7121 | train_acc: 0.9777 | train_f1: 0.9763 | val_loss: 0.8660 | val_acc: 0.9045 | val_f1: 0.8924 | lr: 0.000006

--- Fold 3 | Epoch 19/20 ---
Training:   0%|                                                                                                                                     | 0/79 [00:00<?, ?it/s]/root/dev/upstageailab-cv-classification-cv_1/code/baseline_code_kfold.py:112: FutureWarning: `torch.cuda.amp.autocast(args...)` is deprecated. Please use `torch.amp.autocast('cuda', args...)` instead.
  with autocast():
Training - Loss: 0.6499: 100%|█████████████████████████████████████████████████████████████████████████████████████████████████████████████| 79/79 [00:43<00:00,  1.83it/s]
Validation:   0%|                                                                                                                                   | 0/20 [00:00<?, ?it/s]/root/dev/upstageailab-cv-classification-cv_1/code/baseline_code_kfold.py:151: FutureWarning: `torch.cuda.amp.autocast(args...)` is deprecated. Please use `torch.amp.autocast('cuda', args...)` instead.
  with autocast():
Validation - Loss: 0.7826: 100%|███████████████████████████████████████████████████████████████████████████████████████████████████████████| 20/20 [00:03<00:00,  5.02it/s]
train_loss: 0.7056 | train_acc: 0.9817 | train_f1: 0.9796 | val_loss: 0.8555 | val_acc: 0.9013 | val_f1: 0.8908 | lr: 0.000002

--- Fold 3 | Epoch 20/20 ---
Training:   0%|                                                                                                                                     | 0/79 [00:00<?, ?it/s]/root/dev/upstageailab-cv-classification-cv_1/code/baseline_code_kfold.py:112: FutureWarning: `torch.cuda.amp.autocast(args...)` is deprecated. Please use `torch.amp.autocast('cuda', args...)` instead.
  with autocast():
Training - Loss: 0.8267: 100%|█████████████████████████████████████████████████████████████████████████████████████████████████████████████| 79/79 [01:10<00:00,  1.12it/s]
Validation:   0%|                                                                                                                                   | 0/20 [00:00<?, ?it/s]/root/dev/upstageailab-cv-classification-cv_1/code/baseline_code_kfold.py:151: FutureWarning: `torch.cuda.amp.autocast(args...)` is deprecated. Please use `torch.amp.autocast('cuda', args...)` instead.
  with autocast():
Validation - Loss: 0.7771: 100%|███████████████████████████████████████████████████████████████████████████████████████████████████████████| 20/20 [00:09<00:00,  2.02it/s]
train_loss: 0.7048 | train_acc: 0.9825 | train_f1: 0.9815 | val_loss: 0.8586 | val_acc: 0.9108 | val_f1: 0.8977 | lr: 0.000001

🎯 Fold 3 completed! Best F1: 0.9047

============================================================
🔥 FOLD 4/5
============================================================
Train samples: 1256
Validation samples: 314
Model: efficientnet_b3
Number of parameters: 10,722,361
/root/dev/upstageailab-cv-classification-cv_1/code/baseline_code_kfold.py:337: FutureWarning: `torch.cuda.amp.GradScaler(args...)` is deprecated. Please use `torch.amp.GradScaler('cuda', args...)` instead.
  scaler = GradScaler()
Starting Fold 4 training...

--- Fold 4 | Epoch 1/20 ---
Training:   0%|                                                                                                                                     | 0/79 [00:00<?, ?it/s]/root/dev/upstageailab-cv-classification-cv_1/code/baseline_code_kfold.py:112: FutureWarning: `torch.cuda.amp.autocast(args...)` is deprecated. Please use `torch.amp.autocast('cuda', args...)` instead.
  with autocast():
Training - Loss: 0.8675: 100%|█████████████████████████████████████████████████████████████████████████████████████████████████████████████| 79/79 [00:38<00:00,  2.03it/s]
Validation:   0%|                                                                                                                                   | 0/20 [00:00<?, ?it/s]/root/dev/upstageailab-cv-classification-cv_1/code/baseline_code_kfold.py:151: FutureWarning: `torch.cuda.amp.autocast(args...)` is deprecated. Please use `torch.amp.autocast('cuda', args...)` instead.
  with autocast():
Validation - Loss: 1.2085: 100%|███████████████████████████████████████████████████████████████████████████████████████████████████████████| 20/20 [00:04<00:00,  4.15it/s]
💾 Fold 4 Best model updated! F1: 0.7215
train_loss: 2.0755 | train_acc: 0.4944 | train_f1: 0.4702 | val_loss: 1.3008 | val_acc: 0.7675 | val_f1: 0.7215 | lr: 0.000199

--- Fold 4 | Epoch 2/20 ---
Training:   0%|                                                                                                                                     | 0/79 [00:00<?, ?it/s]/root/dev/upstageailab-cv-classification-cv_1/code/baseline_code_kfold.py:112: FutureWarning: `torch.cuda.amp.autocast(args...)` is deprecated. Please use `torch.amp.autocast('cuda', args...)` instead.
  with autocast():
Training - Loss: 1.5019: 100%|█████████████████████████████████████████████████████████████████████████████████████████████████████████████| 79/79 [00:51<00:00,  1.53it/s]
Validation:   0%|                                                                                                                                   | 0/20 [00:00<?, ?it/s]/root/dev/upstageailab-cv-classification-cv_1/code/baseline_code_kfold.py:151: FutureWarning: `torch.cuda.amp.autocast(args...)` is deprecated. Please use `torch.amp.autocast('cuda', args...)` instead.
  with autocast():
Validation - Loss: 0.9775: 100%|███████████████████████████████████████████████████████████████████████████████████████████████████████████| 20/20 [00:04<00:00,  4.46it/s]
💾 Fold 4 Best model updated! F1: 0.8135
train_loss: 1.2056 | train_acc: 0.7795 | train_f1: 0.7512 | val_loss: 1.0838 | val_acc: 0.8408 | val_f1: 0.8135 | lr: 0.000195

--- Fold 4 | Epoch 3/20 ---
Training:   0%|                                                                                                                                     | 0/79 [00:00<?, ?it/s]/root/dev/upstageailab-cv-classification-cv_1/code/baseline_code_kfold.py:112: FutureWarning: `torch.cuda.amp.autocast(args...)` is deprecated. Please use `torch.amp.autocast('cuda', args...)` instead.
  with autocast():
Training - Loss: 1.3326: 100%|█████████████████████████████████████████████████████████████████████████████████████████████████████████████| 79/79 [00:46<00:00,  1.72it/s]
Validation:   0%|                                                                                                                                   | 0/20 [00:00<?, ?it/s]/root/dev/upstageailab-cv-classification-cv_1/code/baseline_code_kfold.py:151: FutureWarning: `torch.cuda.amp.autocast(args...)` is deprecated. Please use `torch.amp.autocast('cuda', args...)` instead.
  with autocast():
Validation - Loss: 0.9970: 100%|███████████████████████████████████████████████████████████████████████████████████████████████████████████| 20/20 [00:02<00:00,  9.11it/s]
💾 Fold 4 Best model updated! F1: 0.8228
train_loss: 1.0367 | train_acc: 0.8432 | train_f1: 0.8292 | val_loss: 1.0171 | val_acc: 0.8503 | val_f1: 0.8228 | lr: 0.000189

--- Fold 4 | Epoch 4/20 ---
Training:   0%|                                                                                                                                     | 0/79 [00:00<?, ?it/s]/root/dev/upstageailab-cv-classification-cv_1/code/baseline_code_kfold.py:112: FutureWarning: `torch.cuda.amp.autocast(args...)` is deprecated. Please use `torch.amp.autocast('cuda', args...)` instead.
  with autocast():
Training - Loss: 1.0961: 100%|█████████████████████████████████████████████████████████████████████████████████████████████████████████████| 79/79 [00:27<00:00,  2.86it/s]
Validation:   0%|                                                                                                                                   | 0/20 [00:00<?, ?it/s]/root/dev/upstageailab-cv-classification-cv_1/code/baseline_code_kfold.py:151: FutureWarning: `torch.cuda.amp.autocast(args...)` is deprecated. Please use `torch.amp.autocast('cuda', args...)` instead.
  with autocast():
Validation - Loss: 0.8899: 100%|███████████████████████████████████████████████████████████████████████████████████████████████████████████| 20/20 [00:04<00:00,  4.65it/s]
💾 Fold 4 Best model updated! F1: 0.8425
train_loss: 0.9620 | train_acc: 0.8846 | train_f1: 0.8728 | val_loss: 0.9669 | val_acc: 0.8567 | val_f1: 0.8425 | lr: 0.000181

--- Fold 4 | Epoch 5/20 ---
Training:   0%|                                                                                                                                     | 0/79 [00:00<?, ?it/s]/root/dev/upstageailab-cv-classification-cv_1/code/baseline_code_kfold.py:112: FutureWarning: `torch.cuda.amp.autocast(args...)` is deprecated. Please use `torch.amp.autocast('cuda', args...)` instead.
  with autocast():
Training - Loss: 0.9891: 100%|█████████████████████████████████████████████████████████████████████████████████████████████████████████████| 79/79 [00:26<00:00,  2.94it/s]
Validation:   0%|                                                                                                                                   | 0/20 [00:00<?, ?it/s]/root/dev/upstageailab-cv-classification-cv_1/code/baseline_code_kfold.py:151: FutureWarning: `torch.cuda.amp.autocast(args...)` is deprecated. Please use `torch.amp.autocast('cuda', args...)` instead.
  with autocast():
Validation - Loss: 0.8125: 100%|███████████████████████████████████████████████████████████████████████████████████████████████████████████| 20/20 [00:01<00:00, 12.22it/s]
💾 Fold 4 Best model updated! F1: 0.8750
train_loss: 0.8899 | train_acc: 0.9124 | train_f1: 0.9009 | val_loss: 0.9358 | val_acc: 0.8885 | val_f1: 0.8750 | lr: 0.000171

--- Fold 4 | Epoch 6/20 ---
Training:   0%|                                                                                                                                     | 0/79 [00:00<?, ?it/s]/root/dev/upstageailab-cv-classification-cv_1/code/baseline_code_kfold.py:112: FutureWarning: `torch.cuda.amp.autocast(args...)` is deprecated. Please use `torch.amp.autocast('cuda', args...)` instead.
  with autocast():
Training - Loss: 0.7659: 100%|█████████████████████████████████████████████████████████████████████████████████████████████████████████████| 79/79 [00:11<00:00,  6.95it/s]
Validation:   0%|                                                                                                                                   | 0/20 [00:00<?, ?it/s]/root/dev/upstageailab-cv-classification-cv_1/code/baseline_code_kfold.py:151: FutureWarning: `torch.cuda.amp.autocast(args...)` is deprecated. Please use `torch.amp.autocast('cuda', args...)` instead.
  with autocast():
Validation - Loss: 0.8647: 100%|███████████████████████████████████████████████████████████████████████████████████████████████████████████| 20/20 [00:01<00:00, 15.45it/s]
train_loss: 0.8500 | train_acc: 0.9244 | train_f1: 0.9180 | val_loss: 0.9302 | val_acc: 0.8631 | val_f1: 0.8479 | lr: 0.000159

--- Fold 4 | Epoch 7/20 ---
Training:   0%|                                                                                                                                     | 0/79 [00:00<?, ?it/s]/root/dev/upstageailab-cv-classification-cv_1/code/baseline_code_kfold.py:112: FutureWarning: `torch.cuda.amp.autocast(args...)` is deprecated. Please use `torch.amp.autocast('cuda', args...)` instead.
  with autocast():
Training - Loss: 0.6798: 100%|█████████████████████████████████████████████████████████████████████████████████████████████████████████████| 79/79 [00:19<00:00,  4.11it/s]
Validation:   0%|                                                                                                                                   | 0/20 [00:00<?, ?it/s]/root/dev/upstageailab-cv-classification-cv_1/code/baseline_code_kfold.py:151: FutureWarning: `torch.cuda.amp.autocast(args...)` is deprecated. Please use `torch.amp.autocast('cuda', args...)` instead.
  with autocast():
Validation - Loss: 0.8329: 100%|███████████████████████████████████████████████████████████████████████████████████████████████████████████| 20/20 [00:01<00:00, 11.07it/s]
train_loss: 0.8279 | train_acc: 0.9371 | train_f1: 0.9310 | val_loss: 0.9225 | val_acc: 0.8822 | val_f1: 0.8729 | lr: 0.000146

--- Fold 4 | Epoch 8/20 ---
Training:   0%|                                                                                                                                     | 0/79 [00:00<?, ?it/s]/root/dev/upstageailab-cv-classification-cv_1/code/baseline_code_kfold.py:112: FutureWarning: `torch.cuda.amp.autocast(args...)` is deprecated. Please use `torch.amp.autocast('cuda', args...)` instead.
  with autocast():
Training - Loss: 1.0082: 100%|█████████████████████████████████████████████████████████████████████████████████████████████████████████████| 79/79 [00:12<00:00,  6.41it/s]
Validation:   0%|                                                                                                                                   | 0/20 [00:00<?, ?it/s]/root/dev/upstageailab-cv-classification-cv_1/code/baseline_code_kfold.py:151: FutureWarning: `torch.cuda.amp.autocast(args...)` is deprecated. Please use `torch.amp.autocast('cuda', args...)` instead.
  with autocast():
Validation - Loss: 0.9298: 100%|███████████████████████████████████████████████████████████████████████████████████████████████████████████| 20/20 [00:01<00:00, 18.14it/s]
train_loss: 0.8071 | train_acc: 0.9387 | train_f1: 0.9325 | val_loss: 0.9262 | val_acc: 0.8758 | val_f1: 0.8597 | lr: 0.000131

--- Fold 4 | Epoch 9/20 ---
Training:   0%|                                                                                                                                     | 0/79 [00:00<?, ?it/s]/root/dev/upstageailab-cv-classification-cv_1/code/baseline_code_kfold.py:112: FutureWarning: `torch.cuda.amp.autocast(args...)` is deprecated. Please use `torch.amp.autocast('cuda', args...)` instead.
  with autocast():
Training - Loss: 0.6776: 100%|█████████████████████████████████████████████████████████████████████████████████████████████████████████████| 79/79 [00:10<00:00,  7.82it/s]
Validation:   0%|                                                                                                                                   | 0/20 [00:00<?, ?it/s]/root/dev/upstageailab-cv-classification-cv_1/code/baseline_code_kfold.py:151: FutureWarning: `torch.cuda.amp.autocast(args...)` is deprecated. Please use `torch.amp.autocast('cuda', args...)` instead.
  with autocast():
Validation - Loss: 0.8321: 100%|███████████████████████████████████████████████████████████████████████████████████████████████████████████| 20/20 [00:01<00:00, 18.46it/s]
train_loss: 0.7811 | train_acc: 0.9506 | train_f1: 0.9452 | val_loss: 0.9099 | val_acc: 0.8885 | val_f1: 0.8736 | lr: 0.000116

--- Fold 4 | Epoch 10/20 ---
Training:   0%|                                                                                                                                     | 0/79 [00:00<?, ?it/s]/root/dev/upstageailab-cv-classification-cv_1/code/baseline_code_kfold.py:112: FutureWarning: `torch.cuda.amp.autocast(args...)` is deprecated. Please use `torch.amp.autocast('cuda', args...)` instead.
  with autocast():
Training - Loss: 1.2356: 100%|█████████████████████████████████████████████████████████████████████████████████████████████████████████████| 79/79 [00:09<00:00,  8.36it/s]
Validation:   0%|                                                                                                                                   | 0/20 [00:00<?, ?it/s]/root/dev/upstageailab-cv-classification-cv_1/code/baseline_code_kfold.py:151: FutureWarning: `torch.cuda.amp.autocast(args...)` is deprecated. Please use `torch.amp.autocast('cuda', args...)` instead.
  with autocast():
Validation - Loss: 0.8222: 100%|███████████████████████████████████████████████████████████████████████████████████████████████████████████| 20/20 [00:00<00:00, 21.57it/s]
train_loss: 0.7685 | train_acc: 0.9642 | train_f1: 0.9583 | val_loss: 0.9131 | val_acc: 0.8726 | val_f1: 0.8606 | lr: 0.000101

--- Fold 4 | Epoch 11/20 ---
Training:   0%|                                                                                                                                     | 0/79 [00:00<?, ?it/s]/root/dev/upstageailab-cv-classification-cv_1/code/baseline_code_kfold.py:112: FutureWarning: `torch.cuda.amp.autocast(args...)` is deprecated. Please use `torch.amp.autocast('cuda', args...)` instead.
  with autocast():
Training - Loss: 0.7311: 100%|█████████████████████████████████████████████████████████████████████████████████████████████████████████████| 79/79 [00:16<00:00,  4.93it/s]
Validation:   0%|                                                                                                                                   | 0/20 [00:00<?, ?it/s]/root/dev/upstageailab-cv-classification-cv_1/code/baseline_code_kfold.py:151: FutureWarning: `torch.cuda.amp.autocast(args...)` is deprecated. Please use `torch.amp.autocast('cuda', args...)` instead.
  with autocast():
Validation - Loss: 0.8235: 100%|███████████████████████████████████████████████████████████████████████████████████████████████████████████| 20/20 [00:04<00:00,  4.86it/s]
💾 Fold 4 Best model updated! F1: 0.8793
train_loss: 0.7603 | train_acc: 0.9554 | train_f1: 0.9537 | val_loss: 0.9058 | val_acc: 0.8917 | val_f1: 0.8793 | lr: 0.000085

--- Fold 4 | Epoch 12/20 ---
Training:   0%|                                                                                                                                     | 0/79 [00:00<?, ?it/s]/root/dev/upstageailab-cv-classification-cv_1/code/baseline_code_kfold.py:112: FutureWarning: `torch.cuda.amp.autocast(args...)` is deprecated. Please use `torch.amp.autocast('cuda', args...)` instead.
  with autocast():
Training - Loss: 0.7006: 100%|█████████████████████████████████████████████████████████████████████████████████████████████████████████████| 79/79 [00:13<00:00,  5.70it/s]
Validation:   0%|                                                                                                                                   | 0/20 [00:00<?, ?it/s]/root/dev/upstageailab-cv-classification-cv_1/code/baseline_code_kfold.py:151: FutureWarning: `torch.cuda.amp.autocast(args...)` is deprecated. Please use `torch.amp.autocast('cuda', args...)` instead.
  with autocast():
Validation - Loss: 0.7990: 100%|███████████████████████████████████████████████████████████████████████████████████████████████████████████| 20/20 [00:01<00:00, 18.40it/s]
train_loss: 0.7304 | train_acc: 0.9721 | train_f1: 0.9702 | val_loss: 0.8979 | val_acc: 0.8885 | val_f1: 0.8735 | lr: 0.000070

--- Fold 4 | Epoch 13/20 ---
Training:   0%|                                                                                                                                     | 0/79 [00:00<?, ?it/s]/root/dev/upstageailab-cv-classification-cv_1/code/baseline_code_kfold.py:112: FutureWarning: `torch.cuda.amp.autocast(args...)` is deprecated. Please use `torch.amp.autocast('cuda', args...)` instead.
  with autocast():
Training - Loss: 0.7958: 100%|█████████████████████████████████████████████████████████████████████████████████████████████████████████████| 79/79 [00:08<00:00,  8.97it/s]
Validation:   0%|                                                                                                                                   | 0/20 [00:00<?, ?it/s]/root/dev/upstageailab-cv-classification-cv_1/code/baseline_code_kfold.py:151: FutureWarning: `torch.cuda.amp.autocast(args...)` is deprecated. Please use `torch.amp.autocast('cuda', args...)` instead.
  with autocast():
Validation - Loss: 0.7732: 100%|███████████████████████████████████████████████████████████████████████████████████████████████████████████| 20/20 [00:00<00:00, 21.58it/s]
train_loss: 0.7307 | train_acc: 0.9697 | train_f1: 0.9683 | val_loss: 0.9070 | val_acc: 0.8854 | val_f1: 0.8725 | lr: 0.000055

--- Fold 4 | Epoch 14/20 ---
Training:   0%|                                                                                                                                     | 0/79 [00:00<?, ?it/s]/root/dev/upstageailab-cv-classification-cv_1/code/baseline_code_kfold.py:112: FutureWarning: `torch.cuda.amp.autocast(args...)` is deprecated. Please use `torch.amp.autocast('cuda', args...)` instead.
  with autocast():
Training - Loss: 0.6904: 100%|█████████████████████████████████████████████████████████████████████████████████████████████████████████████| 79/79 [00:08<00:00,  9.47it/s]
Validation:   0%|                                                                                                                                   | 0/20 [00:00<?, ?it/s]/root/dev/upstageailab-cv-classification-cv_1/code/baseline_code_kfold.py:151: FutureWarning: `torch.cuda.amp.autocast(args...)` is deprecated. Please use `torch.amp.autocast('cuda', args...)` instead.
  with autocast():
Validation - Loss: 0.8134: 100%|███████████████████████████████████████████████████████████████████████████████████████████████████████████| 20/20 [00:00<00:00, 21.99it/s]
train_loss: 0.7163 | train_acc: 0.9809 | train_f1: 0.9800 | val_loss: 0.8996 | val_acc: 0.8885 | val_f1: 0.8735 | lr: 0.000042

--- Fold 4 | Epoch 15/20 ---
Training:   0%|                                                                                                                                     | 0/79 [00:00<?, ?it/s]/root/dev/upstageailab-cv-classification-cv_1/code/baseline_code_kfold.py:112: FutureWarning: `torch.cuda.amp.autocast(args...)` is deprecated. Please use `torch.amp.autocast('cuda', args...)` instead.
  with autocast():
Training - Loss: 0.8128: 100%|█████████████████████████████████████████████████████████████████████████████████████████████████████████████| 79/79 [00:08<00:00,  9.84it/s]
Validation:   0%|                                                                                                                                   | 0/20 [00:00<?, ?it/s]/root/dev/upstageailab-cv-classification-cv_1/code/baseline_code_kfold.py:151: FutureWarning: `torch.cuda.amp.autocast(args...)` is deprecated. Please use `torch.amp.autocast('cuda', args...)` instead.
  with autocast():
Validation - Loss: 0.8213: 100%|███████████████████████████████████████████████████████████████████████████████████████████████████████████| 20/20 [00:01<00:00, 12.39it/s]
train_loss: 0.6987 | train_acc: 0.9873 | train_f1: 0.9870 | val_loss: 0.9124 | val_acc: 0.8917 | val_f1: 0.8768 | lr: 0.000030

--- Fold 4 | Epoch 16/20 ---
Training:   0%|                                                                                                                                     | 0/79 [00:00<?, ?it/s]/root/dev/upstageailab-cv-classification-cv_1/code/baseline_code_kfold.py:112: FutureWarning: `torch.cuda.amp.autocast(args...)` is deprecated. Please use `torch.amp.autocast('cuda', args...)` instead.
  with autocast():
Training - Loss: 0.6653: 100%|█████████████████████████████████████████████████████████████████████████████████████████████████████████████| 79/79 [00:42<00:00,  1.84it/s]
Validation:   0%|                                                                                                                                   | 0/20 [00:00<?, ?it/s]/root/dev/upstageailab-cv-classification-cv_1/code/baseline_code_kfold.py:151: FutureWarning: `torch.cuda.amp.autocast(args...)` is deprecated. Please use `torch.amp.autocast('cuda', args...)` instead.
  with autocast():
Validation - Loss: 0.7732: 100%|███████████████████████████████████████████████████████████████████████████████████████████████████████████| 20/20 [00:03<00:00,  5.70it/s]
train_loss: 0.7089 | train_acc: 0.9817 | train_f1: 0.9799 | val_loss: 0.8944 | val_acc: 0.8854 | val_f1: 0.8747 | lr: 0.000020

--- Fold 4 | Epoch 17/20 ---
Training:   0%|                                                                                                                                     | 0/79 [00:00<?, ?it/s]/root/dev/upstageailab-cv-classification-cv_1/code/baseline_code_kfold.py:112: FutureWarning: `torch.cuda.amp.autocast(args...)` is deprecated. Please use `torch.amp.autocast('cuda', args...)` instead.
  with autocast():
Training - Loss: 0.6699: 100%|█████████████████████████████████████████████████████████████████████████████████████████████████████████████| 79/79 [00:53<00:00,  1.47it/s]
Validation:   0%|                                                                                                                                   | 0/20 [00:00<?, ?it/s]/root/dev/upstageailab-cv-classification-cv_1/code/baseline_code_kfold.py:151: FutureWarning: `torch.cuda.amp.autocast(args...)` is deprecated. Please use `torch.amp.autocast('cuda', args...)` instead.
  with autocast():
Validation - Loss: 0.7888: 100%|███████████████████████████████████████████████████████████████████████████████████████████████████████████| 20/20 [00:12<00:00,  1.59it/s]
train_loss: 0.7033 | train_acc: 0.9881 | train_f1: 0.9874 | val_loss: 0.9030 | val_acc: 0.8885 | val_f1: 0.8745 | lr: 0.000012

--- Fold 4 | Epoch 18/20 ---
Training:   0%|                                                                                                                                     | 0/79 [00:00<?, ?it/s]/root/dev/upstageailab-cv-classification-cv_1/code/baseline_code_kfold.py:112: FutureWarning: `torch.cuda.amp.autocast(args...)` is deprecated. Please use `torch.amp.autocast('cuda', args...)` instead.
  with autocast():
Training - Loss: 0.8576: 100%|█████████████████████████████████████████████████████████████████████████████████████████████████████████████| 79/79 [01:01<00:00,  1.29it/s]
Validation:   0%|                                                                                                                                   | 0/20 [00:00<?, ?it/s]/root/dev/upstageailab-cv-classification-cv_1/code/baseline_code_kfold.py:151: FutureWarning: `torch.cuda.amp.autocast(args...)` is deprecated. Please use `torch.amp.autocast('cuda', args...)` instead.
  with autocast():
Validation - Loss: 0.8126: 100%|███████████████████████████████████████████████████████████████████████████████████████████████████████████| 20/20 [00:02<00:00,  9.18it/s]
💾 Fold 4 Best model updated! F1: 0.8814
train_loss: 0.7099 | train_acc: 0.9825 | train_f1: 0.9837 | val_loss: 0.9004 | val_acc: 0.8917 | val_f1: 0.8814 | lr: 0.000006

--- Fold 4 | Epoch 19/20 ---
Training:   0%|                                                                                                                                     | 0/79 [00:00<?, ?it/s]/root/dev/upstageailab-cv-classification-cv_1/code/baseline_code_kfold.py:112: FutureWarning: `torch.cuda.amp.autocast(args...)` is deprecated. Please use `torch.amp.autocast('cuda', args...)` instead.
  with autocast():
Training - Loss: 0.7051: 100%|█████████████████████████████████████████████████████████████████████████████████████████████████████████████| 79/79 [00:38<00:00,  2.07it/s]
Validation:   0%|                                                                                                                                   | 0/20 [00:00<?, ?it/s]/root/dev/upstageailab-cv-classification-cv_1/code/baseline_code_kfold.py:151: FutureWarning: `torch.cuda.amp.autocast(args...)` is deprecated. Please use `torch.amp.autocast('cuda', args...)` instead.
  with autocast():
Validation - Loss: 0.8070: 100%|███████████████████████████████████████████████████████████████████████████████████████████████████████████| 20/20 [00:03<00:00,  5.53it/s]
💾 Fold 4 Best model updated! F1: 0.8908
train_loss: 0.6911 | train_acc: 0.9873 | train_f1: 0.9860 | val_loss: 0.8892 | val_acc: 0.9013 | val_f1: 0.8908 | lr: 0.000002

--- Fold 4 | Epoch 20/20 ---
Training:   0%|                                                                                                                                     | 0/79 [00:00<?, ?it/s]/root/dev/upstageailab-cv-classification-cv_1/code/baseline_code_kfold.py:112: FutureWarning: `torch.cuda.amp.autocast(args...)` is deprecated. Please use `torch.amp.autocast('cuda', args...)` instead.
  with autocast():
Training - Loss: 0.7026: 100%|█████████████████████████████████████████████████████████████████████████████████████████████████████████████| 79/79 [00:19<00:00,  4.07it/s]
Validation:   0%|                                                                                                                                   | 0/20 [00:00<?, ?it/s]/root/dev/upstageailab-cv-classification-cv_1/code/baseline_code_kfold.py:151: FutureWarning: `torch.cuda.amp.autocast(args...)` is deprecated. Please use `torch.amp.autocast('cuda', args...)` instead.
  with autocast():
Validation - Loss: 0.8240: 100%|███████████████████████████████████████████████████████████████████████████████████████████████████████████| 20/20 [00:02<00:00,  9.91it/s]
train_loss: 0.6972 | train_acc: 0.9881 | train_f1: 0.9871 | val_loss: 0.9006 | val_acc: 0.8949 | val_f1: 0.8787 | lr: 0.000001

🎯 Fold 4 completed! Best F1: 0.8908

============================================================
🔥 FOLD 5/5
============================================================
Train samples: 1256
Validation samples: 314
Model: efficientnet_b3
Number of parameters: 10,722,361
/root/dev/upstageailab-cv-classification-cv_1/code/baseline_code_kfold.py:337: FutureWarning: `torch.cuda.amp.GradScaler(args...)` is deprecated. Please use `torch.amp.GradScaler('cuda', args...)` instead.
  scaler = GradScaler()
Starting Fold 5 training...

--- Fold 5 | Epoch 1/20 ---
Training:   0%|                                                                                                                                     | 0/79 [00:00<?, ?it/s]/root/dev/upstageailab-cv-classification-cv_1/code/baseline_code_kfold.py:112: FutureWarning: `torch.cuda.amp.autocast(args...)` is deprecated. Please use `torch.amp.autocast('cuda', args...)` instead.
  with autocast():
Training - Loss: 1.1169: 100%|█████████████████████████████████████████████████████████████████████████████████████████████████████████████| 79/79 [00:32<00:00,  2.47it/s]
Validation:   0%|                                                                                                                                   | 0/20 [00:00<?, ?it/s]/root/dev/upstageailab-cv-classification-cv_1/code/baseline_code_kfold.py:151: FutureWarning: `torch.cuda.amp.autocast(args...)` is deprecated. Please use `torch.amp.autocast('cuda', args...)` instead.
  with autocast():
Validation - Loss: 1.2982: 100%|███████████████████████████████████████████████████████████████████████████████████████████████████████████| 20/20 [00:02<00:00,  7.42it/s]
💾 Fold 5 Best model updated! F1: 0.7416
train_loss: 2.0942 | train_acc: 0.4873 | train_f1: 0.4577 | val_loss: 1.2378 | val_acc: 0.7707 | val_f1: 0.7416 | lr: 0.000199

--- Fold 5 | Epoch 2/20 ---
Training:   0%|                                                                                                                                     | 0/79 [00:00<?, ?it/s]/root/dev/upstageailab-cv-classification-cv_1/code/baseline_code_kfold.py:112: FutureWarning: `torch.cuda.amp.autocast(args...)` is deprecated. Please use `torch.amp.autocast('cuda', args...)` instead.
  with autocast():
Training - Loss: 0.8648: 100%|█████████████████████████████████████████████████████████████████████████████████████████████████████████████| 79/79 [00:16<00:00,  4.85it/s]
Validation:   0%|                                                                                                                                   | 0/20 [00:00<?, ?it/s]/root/dev/upstageailab-cv-classification-cv_1/code/baseline_code_kfold.py:151: FutureWarning: `torch.cuda.amp.autocast(args...)` is deprecated. Please use `torch.amp.autocast('cuda', args...)` instead.
  with autocast():
Validation - Loss: 0.9921: 100%|███████████████████████████████████████████████████████████████████████████████████████████████████████████| 20/20 [00:01<00:00, 11.28it/s]
💾 Fold 5 Best model updated! F1: 0.8279
train_loss: 1.2029 | train_acc: 0.7811 | train_f1: 0.7540 | val_loss: 1.0313 | val_acc: 0.8471 | val_f1: 0.8279 | lr: 0.000195

--- Fold 5 | Epoch 3/20 ---
Training:   0%|                                                                                                                                     | 0/79 [00:00<?, ?it/s]/root/dev/upstageailab-cv-classification-cv_1/code/baseline_code_kfold.py:112: FutureWarning: `torch.cuda.amp.autocast(args...)` is deprecated. Please use `torch.amp.autocast('cuda', args...)` instead.
  with autocast():
Training - Loss: 0.7918: 100%|█████████████████████████████████████████████████████████████████████████████████████████████████████████████| 79/79 [00:18<00:00,  4.32it/s]
Validation:   0%|                                                                                                                                   | 0/20 [00:00<?, ?it/s]/root/dev/upstageailab-cv-classification-cv_1/code/baseline_code_kfold.py:151: FutureWarning: `torch.cuda.amp.autocast(args...)` is deprecated. Please use `torch.amp.autocast('cuda', args...)` instead.
  with autocast():
Validation - Loss: 0.9367: 100%|███████████████████████████████████████████████████████████████████████████████████████████████████████████| 20/20 [00:05<00:00,  3.77it/s]
💾 Fold 5 Best model updated! F1: 0.8573
train_loss: 1.0306 | train_acc: 0.8543 | train_f1: 0.8424 | val_loss: 0.9875 | val_acc: 0.8726 | val_f1: 0.8573 | lr: 0.000189

--- Fold 5 | Epoch 4/20 ---
Training:   0%|                                                                                                                                     | 0/79 [00:00<?, ?it/s]/root/dev/upstageailab-cv-classification-cv_1/code/baseline_code_kfold.py:112: FutureWarning: `torch.cuda.amp.autocast(args...)` is deprecated. Please use `torch.amp.autocast('cuda', args...)` instead.
  with autocast():
Training - Loss: 0.8240: 100%|█████████████████████████████████████████████████████████████████████████████████████████████████████████████| 79/79 [00:21<00:00,  3.69it/s]
Validation:   0%|                                                                                                                                   | 0/20 [00:00<?, ?it/s]/root/dev/upstageailab-cv-classification-cv_1/code/baseline_code_kfold.py:151: FutureWarning: `torch.cuda.amp.autocast(args...)` is deprecated. Please use `torch.amp.autocast('cuda', args...)` instead.
  with autocast():
Validation - Loss: 0.8479: 100%|███████████████████████████████████████████████████████████████████████████████████████████████████████████| 20/20 [00:01<00:00, 16.38it/s]
💾 Fold 5 Best model updated! F1: 0.8738
train_loss: 0.9580 | train_acc: 0.8830 | train_f1: 0.8731 | val_loss: 0.9252 | val_acc: 0.8885 | val_f1: 0.8738 | lr: 0.000181

--- Fold 5 | Epoch 5/20 ---
Training:   0%|                                                                                                                                     | 0/79 [00:00<?, ?it/s]/root/dev/upstageailab-cv-classification-cv_1/code/baseline_code_kfold.py:112: FutureWarning: `torch.cuda.amp.autocast(args...)` is deprecated. Please use `torch.amp.autocast('cuda', args...)` instead.
  with autocast():
Training - Loss: 0.8048: 100%|█████████████████████████████████████████████████████████████████████████████████████████████████████████████| 79/79 [00:10<00:00,  7.25it/s]
Validation:   0%|                                                                                                                                   | 0/20 [00:00<?, ?it/s]/root/dev/upstageailab-cv-classification-cv_1/code/baseline_code_kfold.py:151: FutureWarning: `torch.cuda.amp.autocast(args...)` is deprecated. Please use `torch.amp.autocast('cuda', args...)` instead.
  with autocast():
Validation - Loss: 0.8380: 100%|███████████████████████████████████████████████████████████████████████████████████████████████████████████| 20/20 [00:01<00:00, 11.81it/s]
train_loss: 0.8956 | train_acc: 0.9045 | train_f1: 0.8954 | val_loss: 0.9221 | val_acc: 0.8726 | val_f1: 0.8580 | lr: 0.000171

--- Fold 5 | Epoch 6/20 ---
Training:   0%|                                                                                                                                     | 0/79 [00:00<?, ?it/s]/root/dev/upstageailab-cv-classification-cv_1/code/baseline_code_kfold.py:112: FutureWarning: `torch.cuda.amp.autocast(args...)` is deprecated. Please use `torch.amp.autocast('cuda', args...)` instead.
  with autocast():
Training - Loss: 0.8282: 100%|█████████████████████████████████████████████████████████████████████████████████████████████████████████████| 79/79 [00:17<00:00,  4.51it/s]
Validation:   0%|                                                                                                                                   | 0/20 [00:00<?, ?it/s]/root/dev/upstageailab-cv-classification-cv_1/code/baseline_code_kfold.py:151: FutureWarning: `torch.cuda.amp.autocast(args...)` is deprecated. Please use `torch.amp.autocast('cuda', args...)` instead.
  with autocast():
Validation - Loss: 0.7512: 100%|███████████████████████████████████████████████████████████████████████████████████████████████████████████| 20/20 [00:03<00:00,  5.45it/s]
💾 Fold 5 Best model updated! F1: 0.8850
train_loss: 0.8496 | train_acc: 0.9196 | train_f1: 0.9076 | val_loss: 0.9104 | val_acc: 0.8949 | val_f1: 0.8850 | lr: 0.000159

--- Fold 5 | Epoch 7/20 ---
Training:   0%|                                                                                                                                     | 0/79 [00:00<?, ?it/s]/root/dev/upstageailab-cv-classification-cv_1/code/baseline_code_kfold.py:112: FutureWarning: `torch.cuda.amp.autocast(args...)` is deprecated. Please use `torch.amp.autocast('cuda', args...)` instead.
  with autocast():
Training - Loss: 0.7572: 100%|█████████████████████████████████████████████████████████████████████████████████████████████████████████████| 79/79 [00:30<00:00,  2.57it/s]
Validation:   0%|                                                                                                                                   | 0/20 [00:00<?, ?it/s]/root/dev/upstageailab-cv-classification-cv_1/code/baseline_code_kfold.py:151: FutureWarning: `torch.cuda.amp.autocast(args...)` is deprecated. Please use `torch.amp.autocast('cuda', args...)` instead.
  with autocast():
Validation - Loss: 0.7351: 100%|███████████████████████████████████████████████████████████████████████████████████████████████████████████| 20/20 [00:03<00:00,  5.15it/s]
train_loss: 0.8130 | train_acc: 0.9498 | train_f1: 0.9473 | val_loss: 0.8831 | val_acc: 0.8981 | val_f1: 0.8850 | lr: 0.000146

--- Fold 5 | Epoch 8/20 ---
Training:   0%|                                                                                                                                     | 0/79 [00:00<?, ?it/s]/root/dev/upstageailab-cv-classification-cv_1/code/baseline_code_kfold.py:112: FutureWarning: `torch.cuda.amp.autocast(args...)` is deprecated. Please use `torch.amp.autocast('cuda', args...)` instead.
  with autocast():
Training - Loss: 0.7329: 100%|█████████████████████████████████████████████████████████████████████████████████████████████████████████████| 79/79 [00:58<00:00,  1.35it/s]
Validation:   0%|                                                                                                                                   | 0/20 [00:00<?, ?it/s]/root/dev/upstageailab-cv-classification-cv_1/code/baseline_code_kfold.py:151: FutureWarning: `torch.cuda.amp.autocast(args...)` is deprecated. Please use `torch.amp.autocast('cuda', args...)` instead.
  with autocast():
Validation - Loss: 0.7293: 100%|███████████████████████████████████████████████████████████████████████████████████████████████████████████| 20/20 [00:03<00:00,  5.61it/s]
💾 Fold 5 Best model updated! F1: 0.8908
train_loss: 0.7959 | train_acc: 0.9475 | train_f1: 0.9419 | val_loss: 0.8832 | val_acc: 0.9013 | val_f1: 0.8908 | lr: 0.000131

--- Fold 5 | Epoch 9/20 ---
Training:   0%|                                                                                                                                     | 0/79 [00:00<?, ?it/s]/root/dev/upstageailab-cv-classification-cv_1/code/baseline_code_kfold.py:112: FutureWarning: `torch.cuda.amp.autocast(args...)` is deprecated. Please use `torch.amp.autocast('cuda', args...)` instead.
  with autocast():
Training - Loss: 1.0141: 100%|█████████████████████████████████████████████████████████████████████████████████████████████████████████████| 79/79 [00:24<00:00,  3.17it/s]
Validation:   0%|                                                                                                                                   | 0/20 [00:00<?, ?it/s]/root/dev/upstageailab-cv-classification-cv_1/code/baseline_code_kfold.py:151: FutureWarning: `torch.cuda.amp.autocast(args...)` is deprecated. Please use `torch.amp.autocast('cuda', args...)` instead.
  with autocast():
Validation - Loss: 0.7782: 100%|███████████████████████████████████████████████████████████████████████████████████████████████████████████| 20/20 [00:07<00:00,  2.61it/s]
💾 Fold 5 Best model updated! F1: 0.8920
train_loss: 0.7757 | train_acc: 0.9570 | train_f1: 0.9529 | val_loss: 0.8754 | val_acc: 0.9013 | val_f1: 0.8920 | lr: 0.000116

--- Fold 5 | Epoch 10/20 ---
Training:   0%|                                                                                                                                     | 0/79 [00:00<?, ?it/s]/root/dev/upstageailab-cv-classification-cv_1/code/baseline_code_kfold.py:112: FutureWarning: `torch.cuda.amp.autocast(args...)` is deprecated. Please use `torch.amp.autocast('cuda', args...)` instead.
  with autocast():
Training - Loss: 0.8805: 100%|█████████████████████████████████████████████████████████████████████████████████████████████████████████████| 79/79 [00:37<00:00,  2.12it/s]
Validation:   0%|                                                                                                                                   | 0/20 [00:00<?, ?it/s]/root/dev/upstageailab-cv-classification-cv_1/code/baseline_code_kfold.py:151: FutureWarning: `torch.cuda.amp.autocast(args...)` is deprecated. Please use `torch.amp.autocast('cuda', args...)` instead.
  with autocast():
Validation - Loss: 0.7037: 100%|███████████████████████████████████████████████████████████████████████████████████████████████████████████| 20/20 [00:16<00:00,  1.24it/s]
train_loss: 0.7590 | train_acc: 0.9562 | train_f1: 0.9517 | val_loss: 0.8650 | val_acc: 0.9013 | val_f1: 0.8894 | lr: 0.000101

--- Fold 5 | Epoch 11/20 ---
Training:   0%|                                                                                                                                     | 0/79 [00:00<?, ?it/s]/root/dev/upstageailab-cv-classification-cv_1/code/baseline_code_kfold.py:112: FutureWarning: `torch.cuda.amp.autocast(args...)` is deprecated. Please use `torch.amp.autocast('cuda', args...)` instead.
  with autocast():
Training - Loss: 0.7392: 100%|█████████████████████████████████████████████████████████████████████████████████████████████████████████████| 79/79 [02:18<00:00,  1.75s/it]
Validation:   0%|                                                                                                                                   | 0/20 [00:00<?, ?it/s]/root/dev/upstageailab-cv-classification-cv_1/code/baseline_code_kfold.py:151: FutureWarning: `torch.cuda.amp.autocast(args...)` is deprecated. Please use `torch.amp.autocast('cuda', args...)` instead.
  with autocast():
Validation - Loss: 0.7119: 100%|███████████████████████████████████████████████████████████████████████████████████████████████████████████| 20/20 [00:27<00:00,  1.36s/it]
💾 Fold 5 Best model updated! F1: 0.9094
train_loss: 0.7353 | train_acc: 0.9674 | train_f1: 0.9659 | val_loss: 0.8472 | val_acc: 0.9204 | val_f1: 0.9094 | lr: 0.000085

--- Fold 5 | Epoch 12/20 ---
Training:   0%|                                                                                                                                     | 0/79 [00:00<?, ?it/s]/root/dev/upstageailab-cv-classification-cv_1/code/baseline_code_kfold.py:112: FutureWarning: `torch.cuda.amp.autocast(args...)` is deprecated. Please use `torch.amp.autocast('cuda', args...)` instead.
  with autocast():
Training - Loss: 0.8038: 100%|█████████████████████████████████████████████████████████████████████████████████████████████████████████████| 79/79 [01:20<00:00,  1.03s/it]
Validation:   0%|                                                                                                                                   | 0/20 [00:00<?, ?it/s]/root/dev/upstageailab-cv-classification-cv_1/code/baseline_code_kfold.py:151: FutureWarning: `torch.cuda.amp.autocast(args...)` is deprecated. Please use `torch.amp.autocast('cuda', args...)` instead.
  with autocast():
Validation - Loss: 0.6889: 100%|███████████████████████████████████████████████████████████████████████████████████████████████████████████| 20/20 [00:05<00:00,  3.40it/s]
train_loss: 0.7328 | train_acc: 0.9697 | train_f1: 0.9678 | val_loss: 0.8576 | val_acc: 0.9076 | val_f1: 0.8979 | lr: 0.000070

--- Fold 5 | Epoch 13/20 ---
Training:   0%|                                                                                                                                     | 0/79 [00:00<?, ?it/s]/root/dev/upstageailab-cv-classification-cv_1/code/baseline_code_kfold.py:112: FutureWarning: `torch.cuda.amp.autocast(args...)` is deprecated. Please use `torch.amp.autocast('cuda', args...)` instead.
  with autocast():
Training - Loss: 0.9199: 100%|█████████████████████████████████████████████████████████████████████████████████████████████████████████████| 79/79 [01:16<00:00,  1.03it/s]
Validation:   0%|                                                                                                                                   | 0/20 [00:00<?, ?it/s]/root/dev/upstageailab-cv-classification-cv_1/code/baseline_code_kfold.py:151: FutureWarning: `torch.cuda.amp.autocast(args...)` is deprecated. Please use `torch.amp.autocast('cuda', args...)` instead.
  with autocast():
Validation - Loss: 0.6620: 100%|███████████████████████████████████████████████████████████████████████████████████████████████████████████| 20/20 [00:04<00:00,  4.47it/s]
train_loss: 0.7215 | train_acc: 0.9745 | train_f1: 0.9726 | val_loss: 0.8502 | val_acc: 0.9076 | val_f1: 0.8970 | lr: 0.000055

--- Fold 5 | Epoch 14/20 ---
Training:   0%|                                                                                                                                     | 0/79 [00:00<?, ?it/s]/root/dev/upstageailab-cv-classification-cv_1/code/baseline_code_kfold.py:112: FutureWarning: `torch.cuda.amp.autocast(args...)` is deprecated. Please use `torch.amp.autocast('cuda', args...)` instead.
  with autocast():
Training - Loss: 0.6714: 100%|█████████████████████████████████████████████████████████████████████████████████████████████████████████████| 79/79 [00:44<00:00,  1.76it/s]
Validation:   0%|                                                                                                                                   | 0/20 [00:00<?, ?it/s]/root/dev/upstageailab-cv-classification-cv_1/code/baseline_code_kfold.py:151: FutureWarning: `torch.cuda.amp.autocast(args...)` is deprecated. Please use `torch.amp.autocast('cuda', args...)` instead.
  with autocast():
Validation - Loss: 0.7081: 100%|███████████████████████████████████████████████████████████████████████████████████████████████████████████| 20/20 [00:04<00:00,  4.46it/s]
train_loss: 0.7266 | train_acc: 0.9705 | train_f1: 0.9689 | val_loss: 0.8455 | val_acc: 0.8981 | val_f1: 0.8886 | lr: 0.000042

--- Fold 5 | Epoch 15/20 ---
Training:   0%|                                                                                                                                     | 0/79 [00:00<?, ?it/s]/root/dev/upstageailab-cv-classification-cv_1/code/baseline_code_kfold.py:112: FutureWarning: `torch.cuda.amp.autocast(args...)` is deprecated. Please use `torch.amp.autocast('cuda', args...)` instead.
  with autocast():
Training - Loss: 0.7492: 100%|█████████████████████████████████████████████████████████████████████████████████████████████████████████████| 79/79 [00:44<00:00,  1.76it/s]
Validation:   0%|                                                                                                                                   | 0/20 [00:00<?, ?it/s]/root/dev/upstageailab-cv-classification-cv_1/code/baseline_code_kfold.py:151: FutureWarning: `torch.cuda.amp.autocast(args...)` is deprecated. Please use `torch.amp.autocast('cuda', args...)` instead.
  with autocast():
Validation - Loss: 0.6838: 100%|███████████████████████████████████████████████████████████████████████████████████████████████████████████| 20/20 [00:13<00:00,  1.53it/s]
train_loss: 0.7045 | train_acc: 0.9817 | train_f1: 0.9786 | val_loss: 0.8380 | val_acc: 0.9140 | val_f1: 0.9054 | lr: 0.000030

--- Fold 5 | Epoch 16/20 ---
Training:   0%|                                                                                                                                     | 0/79 [00:00<?, ?it/s]/root/dev/upstageailab-cv-classification-cv_1/code/baseline_code_kfold.py:112: FutureWarning: `torch.cuda.amp.autocast(args...)` is deprecated. Please use `torch.amp.autocast('cuda', args...)` instead.
  with autocast():
Training - Loss: 0.7345: 100%|█████████████████████████████████████████████████████████████████████████████████████████████████████████████| 79/79 [00:34<00:00,  2.26it/s]
Validation:   0%|                                                                                                                                   | 0/20 [00:00<?, ?it/s]/root/dev/upstageailab-cv-classification-cv_1/code/baseline_code_kfold.py:151: FutureWarning: `torch.cuda.amp.autocast(args...)` is deprecated. Please use `torch.amp.autocast('cuda', args...)` instead.
  with autocast():
Validation - Loss: 0.6885: 100%|███████████████████████████████████████████████████████████████████████████████████████████████████████████| 20/20 [00:08<00:00,  2.32it/s]
train_loss: 0.7020 | train_acc: 0.9849 | train_f1: 0.9827 | val_loss: 0.8345 | val_acc: 0.8981 | val_f1: 0.8898 | lr: 0.000020

--- Fold 5 | Epoch 17/20 ---
Training:   0%|                                                                                                                                     | 0/79 [00:00<?, ?it/s]/root/dev/upstageailab-cv-classification-cv_1/code/baseline_code_kfold.py:112: FutureWarning: `torch.cuda.amp.autocast(args...)` is deprecated. Please use `torch.amp.autocast('cuda', args...)` instead.
  with autocast():
Training - Loss: 0.9073: 100%|█████████████████████████████████████████████████████████████████████████████████████████████████████████████| 79/79 [00:31<00:00,  2.55it/s]
Validation:   0%|                                                                                                                                   | 0/20 [00:00<?, ?it/s]/root/dev/upstageailab-cv-classification-cv_1/code/baseline_code_kfold.py:151: FutureWarning: `torch.cuda.amp.autocast(args...)` is deprecated. Please use `torch.amp.autocast('cuda', args...)` instead.
  with autocast():
Validation - Loss: 0.6868: 100%|███████████████████████████████████████████████████████████████████████████████████████████████████████████| 20/20 [00:03<00:00,  5.05it/s]
train_loss: 0.7048 | train_acc: 0.9825 | train_f1: 0.9808 | val_loss: 0.8416 | val_acc: 0.9013 | val_f1: 0.8936 | lr: 0.000012

--- Fold 5 | Epoch 18/20 ---
Training:   0%|                                                                                                                                     | 0/79 [00:00<?, ?it/s]/root/dev/upstageailab-cv-classification-cv_1/code/baseline_code_kfold.py:112: FutureWarning: `torch.cuda.amp.autocast(args...)` is deprecated. Please use `torch.amp.autocast('cuda', args...)` instead.
  with autocast():
Training - Loss: 0.9999: 100%|█████████████████████████████████████████████████████████████████████████████████████████████████████████████| 79/79 [00:48<00:00,  1.63it/s]
Validation:   0%|                                                                                                                                                            | 0/20 [00:00<?, ?it/s]/root/dev/upstageailab-cv-classification-cv_1/code/baseline_code_kfold.py:151: FutureWarning: `torch.cuda.amp.autocast(args...)` is deprecated. Please use `torch.amp.autocast('cuda', args...)` instead.
  with autocast():
Validation - Loss: 0.7216: 100%|████████████████████████████████████████████████████████████████████████████████████████████████████████████████████████████████████| 20/20 [00:02<00:00,  7.41it/s]
train_loss: 0.7021 | train_acc: 0.9889 | train_f1: 0.9872 | val_loss: 0.8555 | val_acc: 0.9045 | val_f1: 0.8948 | lr: 0.000006

--- Fold 5 | Epoch 19/20 ---
Training:   0%|                                                                                                                                                              | 0/79 [00:00<?, ?it/s]/root/dev/upstageailab-cv-classification-cv_1/code/baseline_code_kfold.py:112: FutureWarning: `torch.cuda.amp.autocast(args...)` is deprecated. Please use `torch.amp.autocast('cuda', args...)` instead.
  with autocast():
Training - Loss: 0.6885:  90%|███████████████████████████████████████████████████████████████████████████████████████Training - Loss: 0.6885:  91%|███████████████████████████████████████████████████████████████████████████████████████Training - Loss: 0.6437:  91%|███████████████████████████████████████████████████████████████████████████████████████Training - Loss: 0.6437:  92%|███████████████████████████████████████████████████████████████████████████████████████Training - Loss: 0.7400:  92%|███████████████████████████████████████████████████████████████████████████████████████Training - Loss: 0.7400:  94%|███████████████████████████████████████████████████████████████████████████████████████Training - Loss: 0.7201:  94%|███████████████████████████████████████████████████████████████████████████████████████Training - Loss: 0.7201:  95%|███████████████████████████████████████████████████████████████████████████████████████Training - Loss: 0.6790:  95%|███████████████████████████████████████████████████████████████████████████████████████Training - Loss: 0.6790:  96%|███████████████████████████████████████████████████████████████████████████████████████Training - Loss: 0.7171:  96%|███████████████████████████████████████████████████████████████████████████████████████Training - Loss: 0.7171:  97%|███████████████████████████████████████████████████████████████████████████████████████Training - Loss: 0.6697:  97%|███████████████████████████████████████████████████████████████████████████████████████Training - Loss: 0.6697:  99%|███████████████████████████████████████████████████████████████████████████████████████Training - Loss: 0.6735:  99%|███████████████████████████████████████████████████████████████████████████████████████Training - Loss: 0.6735: 100%|███████████████████████████████████████████████████████████████████████████████████████Training - Loss: 0.6735: 100%|██████████████████████████████████████████████████████████████████████████████████████████████████████████████████████████████████████| 79/79 [00:30<00:00,  2.60it/s]
Validation:   0%|                                                                             | 0/20 [00:00<?, ?it/s]/root/dev/upstageailab-cv-classification-cv_1/code/baseline_code_kfold.py:151: FutureWarning: `torch.cuda.amp.autocast(args...)` is deprecated. Please use `torch.amp.autocast('cuda', args...)` instead.
  with autocast():
Validation - Loss: 10.7654: 100%|████████████████████████████████████████████████████| 20/20 [00:13<00:00,  1.50it/s]
train_loss: 0.7010 | train_acc: 0.9833 | train_f1: 0.9817 | val_loss: 1.3534 | val_acc: 0.9108 | val_f1: 0.9025 | lr: 0.000002

--- Fold 5 | Epoch 20/20 ---
Training:   0%|                                                                               | 0/79 [00:00<?, ?it/s]/root/dev/upstageailab-cv-classification-cv_1/code/baseline_code_kfold.py:112: FutureWarning: `torch.cuda.amp.autocast(args...)` is deprecated. Please use `torch.amp.autocast('cuda', args...)` instead.
  with autocast():
Training - Loss: 0.6818: 100%|███████████████████████████████████████████████████████| 79/79 [01:16<00:00,  1.03it/s]
Validation:   0%|                                                                             | 0/20 [00:00<?, ?it/s]/root/dev/upstageailab-cv-classification-cv_1/code/baseline_code_kfold.py:151: FutureWarning: `torch.cuda.amp.autocast(args...)` is deprecated. Please use `torch.amp.autocast('cuda', args...)` instead.
  with autocast():
Validation - Loss: 0.8130: 100%|█████████████████████████████████████████████████████| 20/20 [00:24<00:00,  1.20s/it]
train_loss: 0.6962 | train_acc: 0.9889 | train_f1: 0.9889 | val_loss: 0.8501 | val_acc: 0.9013 | val_f1: 0.8909 | lr: 0.000001

🎯 Fold 5 completed! Best F1: 0.9094

============================================================
📊 K-FOLD CROSS VALIDATION RESULTS
============================================================
Individual fold scores: ['0.9198', '0.9170', '0.9047', '0.8908', '0.9094']
Mean F1 Score: 0.9083
Standard Deviation: 0.0103
Score Range: 0.9083 ± 0.0103
Min Score: 0.8908
Max Score: 0.9198

🚀 Starting Ensemble Prediction...
✅ Loaded Fold 1 model
✅ Loaded Fold 2 model
✅ Loaded Fold 3 model
✅ Loaded Fold 4 model
✅ Loaded Fold 5 model

🔮 Running ensemble prediction with 5 models and TTA...
🔮 Predicting with Fold 1 model...
TTA Prediction:   0%|                                                                        | 0/197 [00:00<?, ?it/s]/root/dev/upstageailab-cv-classification-cv_1/code/baseline_code_kfold.py:183: FutureWarning: `torch.cuda.amp.autocast(args...)` is deprecated. Please use `torch.amp.autocast('cuda', args...)` instead.
  with autocast():
TTA Prediction: 100%|██████████████████████████████████████████████████████████████| 197/197 [03:08<00:00,  1.04it/s]
🔮 Predicting with Fold 2 model...
TTA Prediction: 100%|██████████████████████████████████████████████████████████████| 197/197 [03:19<00:00,  1.01s/it]
🔮 Predicting with Fold 3 model...
TTA Prediction: 100%|██████████████████████████████████████████████████████████████| 197/197 [03:38<00:00,  1.11s/it]
🔮 Predicting with Fold 4 model...
TTA Prediction: 100%|██████████████████████████████████████████████████████████████| 197/197 [04:52<00:00,  1.48s/it]
🔮 Predicting with Fold 5 model...
TTA Prediction: 100%|██████████████████████████████████████████████████████████████| 197/197 [05:57<00:00,  1.81s/it]

✅ Ensemble prediction completed and saved to output/pred_kfold_ensemble.csv
📈 Final K-Fold CV Score: 0.9083 ± 0.0103