[25-07-02 09:37:49] [INFO] 완전한 재현성 설정이 활성화되었습니다.
[25-07-02 09:37:49] [INFO] 테스트 데이터셋 크기: 3140
[25-07-02 09:37:49] [INFO] 
============================================================
[25-07-02 09:37:49] [INFO] Fold 1/5 훈련 시작...
[25-07-02 09:37:49] [INFO] ============================================================
[25-07-02 09:37:49] [INFO] Fold 1 훈련 데이터 크기: 1256
[25-07-02 09:37:49] [INFO] Fold 1 검증 데이터 크기: 314
[25-07-02 09:37:52] [INFO] 
Fold 1 - Epoch 1/50
[25-07-02 09:37:52] [INFO] ----------------------------------------
[25-07-02 09:38:18] [INFO] 훈련 - Loss: 1.9189, Acc: 0.4896, F1: 0.4523
[25-07-02 09:38:18] [INFO] 검증 - Loss: 0.7984, Acc: 0.7452, F1: 0.6610
[25-07-02 09:38:18] [INFO] ✓ 최고 F1 스코어 갱신: 0.6610
[25-07-02 09:38:18] [INFO] 
Fold 1 - Epoch 2/50
[25-07-02 09:38:18] [INFO] ----------------------------------------
[25-07-02 09:38:39] [INFO] 훈련 - Loss: 0.5020, Acc: 0.8639, F1: 0.8234
[25-07-02 09:38:39] [INFO] 검증 - Loss: 0.3520, Acc: 0.8854, F1: 0.8801
[25-07-02 09:38:39] [INFO] ✓ 최고 F1 스코어 갱신: 0.8801
[25-07-02 09:38:39] [INFO] 
Fold 1 - Epoch 3/50
[25-07-02 09:38:39] [INFO] ----------------------------------------
[25-07-02 09:38:59] [INFO] 훈련 - Loss: 0.2117, Acc: 0.9339, F1: 0.9287
[25-07-02 09:38:59] [INFO] 검증 - Loss: 0.4081, Acc: 0.8503, F1: 0.8293
[25-07-02 09:38:59] [INFO] 성능 개선 없음 (1/7)
[25-07-02 09:38:59] [INFO] 
Fold 1 - Epoch 4/50
[25-07-02 09:38:59] [INFO] ----------------------------------------
[25-07-02 09:39:22] [INFO] 훈련 - Loss: 0.1325, Acc: 0.9634, F1: 0.9626
[25-07-02 09:39:22] [INFO] 검증 - Loss: 0.4680, Acc: 0.8726, F1: 0.8592
[25-07-02 09:39:22] [INFO] 성능 개선 없음 (2/7)
[25-07-02 09:39:22] [INFO] 
Fold 1 - Epoch 5/50
[25-07-02 09:39:22] [INFO] ----------------------------------------
[25-07-02 09:39:42] [INFO] 훈련 - Loss: 0.0872, Acc: 0.9817, F1: 0.9807
[25-07-02 09:39:42] [INFO] 검증 - Loss: 0.3764, Acc: 0.8885, F1: 0.8825
[25-07-02 09:39:42] [INFO] ✓ 최고 F1 스코어 갱신: 0.8825
[25-07-02 09:39:42] [INFO] 
Fold 1 - Epoch 6/50
[25-07-02 09:39:42] [INFO] ----------------------------------------
[25-07-02 09:40:01] [INFO] 훈련 - Loss: 0.0592, Acc: 0.9873, F1: 0.9867
[25-07-02 09:40:01] [INFO] 검증 - Loss: 0.3482, Acc: 0.8981, F1: 0.8876
[25-07-02 09:40:01] [INFO] ✓ 최고 F1 스코어 갱신: 0.8876
[25-07-02 09:40:01] [INFO] 
Fold 1 - Epoch 7/50
[25-07-02 09:40:01] [INFO] ----------------------------------------
[25-07-02 09:40:19] [INFO] 훈련 - Loss: 0.0493, Acc: 0.9841, F1: 0.9833
[25-07-02 09:40:19] [INFO] 검증 - Loss: 0.2845, Acc: 0.9172, F1: 0.9145
[25-07-02 09:40:19] [INFO] ✓ 최고 F1 스코어 갱신: 0.9145
[25-07-02 09:40:19] [INFO] 
Fold 1 - Epoch 8/50
[25-07-02 09:40:19] [INFO] ----------------------------------------
[25-07-02 09:40:45] [INFO] 훈련 - Loss: 0.0533, Acc: 0.9849, F1: 0.9843
[25-07-02 09:40:45] [INFO] 검증 - Loss: 0.2707, Acc: 0.9236, F1: 0.9205
[25-07-02 09:40:45] [INFO] ✓ 최고 F1 스코어 갱신: 0.9205
[25-07-02 09:40:45] [INFO] 
Fold 1 - Epoch 9/50
[25-07-02 09:40:45] [INFO] ----------------------------------------
[25-07-02 09:41:05] [INFO] 훈련 - Loss: 0.0485, Acc: 0.9865, F1: 0.9849
[25-07-02 09:41:05] [INFO] 검증 - Loss: 0.5414, Acc: 0.8917, F1: 0.8711
[25-07-02 09:41:05] [INFO] 성능 개선 없음 (1/7)
[25-07-02 09:41:05] [INFO] 
Fold 1 - Epoch 10/50
[25-07-02 09:41:05] [INFO] ----------------------------------------
[25-07-02 09:41:23] [INFO] 훈련 - Loss: 0.0366, Acc: 0.9865, F1: 0.9862
[25-07-02 09:41:23] [INFO] 검증 - Loss: 0.4444, Acc: 0.8949, F1: 0.8863
[25-07-02 09:41:23] [INFO] 성능 개선 없음 (2/7)
[25-07-02 09:41:23] [INFO] 
Fold 1 - Epoch 11/50
[25-07-02 09:41:23] [INFO] ----------------------------------------
[25-07-02 09:41:45] [INFO] 훈련 - Loss: 0.0224, Acc: 0.9952, F1: 0.9955
[25-07-02 09:41:45] [INFO] 검증 - Loss: 0.2994, Acc: 0.9299, F1: 0.9245
[25-07-02 09:41:45] [INFO] ✓ 최고 F1 스코어 갱신: 0.9245
[25-07-02 09:41:45] [INFO] 
Fold 1 - Epoch 12/50
[25-07-02 09:41:45] [INFO] ----------------------------------------
[25-07-02 09:42:08] [INFO] 훈련 - Loss: 0.0208, Acc: 0.9952, F1: 0.9955
[25-07-02 09:42:08] [INFO] 검증 - Loss: 0.2598, Acc: 0.9331, F1: 0.9296
[25-07-02 09:42:08] [INFO] ✓ 최고 F1 스코어 갱신: 0.9296
[25-07-02 09:42:08] [INFO] 
Fold 1 - Epoch 13/50
[25-07-02 09:42:08] [INFO] ----------------------------------------
[25-07-02 09:42:30] [INFO] 훈련 - Loss: 0.0331, Acc: 0.9912, F1: 0.9915
[25-07-02 09:42:30] [INFO] 검증 - Loss: 0.4551, Acc: 0.9108, F1: 0.9050
[25-07-02 09:42:30] [INFO] 성능 개선 없음 (1/7)
[25-07-02 09:42:30] [INFO] 
Fold 1 - Epoch 14/50
[25-07-02 09:42:30] [INFO] ----------------------------------------
[25-07-02 09:42:52] [INFO] 훈련 - Loss: 0.0206, Acc: 0.9960, F1: 0.9961
[25-07-02 09:42:52] [INFO] 검증 - Loss: 0.2818, Acc: 0.9299, F1: 0.9298
[25-07-02 09:42:52] [INFO] ✓ 최고 F1 스코어 갱신: 0.9298
[25-07-02 09:42:52] [INFO] 
Fold 1 - Epoch 15/50
[25-07-02 09:42:52] [INFO] ----------------------------------------
[25-07-02 09:43:10] [INFO] 훈련 - Loss: 0.0254, Acc: 0.9944, F1: 0.9944
[25-07-02 09:43:10] [INFO] 검증 - Loss: 0.2193, Acc: 0.9363, F1: 0.9318
[25-07-02 09:43:10] [INFO] ✓ 최고 F1 스코어 갱신: 0.9318
[25-07-02 09:43:10] [INFO] 
Fold 1 - Epoch 16/50
[25-07-02 09:43:10] [INFO] ----------------------------------------
[25-07-02 09:43:28] [INFO] 훈련 - Loss: 0.0138, Acc: 0.9960, F1: 0.9963
[25-07-02 09:43:28] [INFO] 검증 - Loss: 0.5224, Acc: 0.9108, F1: 0.9013
[25-07-02 09:43:28] [INFO] 성능 개선 없음 (1/7)
[25-07-02 09:43:28] [INFO] 
Fold 1 - Epoch 17/50
[25-07-02 09:43:28] [INFO] ----------------------------------------
[25-07-02 09:43:51] [INFO] 훈련 - Loss: 0.0143, Acc: 0.9968, F1: 0.9971
[25-07-02 09:43:51] [INFO] 검증 - Loss: 0.2836, Acc: 0.9268, F1: 0.9245
[25-07-02 09:43:51] [INFO] 성능 개선 없음 (2/7)
[25-07-02 09:43:51] [INFO] 
Fold 1 - Epoch 18/50
[25-07-02 09:43:51] [INFO] ----------------------------------------
[25-07-02 09:44:10] [INFO] 훈련 - Loss: 0.0205, Acc: 0.9936, F1: 0.9941
[25-07-02 09:44:10] [INFO] 검증 - Loss: 0.2836, Acc: 0.9236, F1: 0.9198
[25-07-02 09:44:10] [INFO] 성능 개선 없음 (3/7)
[25-07-02 09:44:10] [INFO] 
Fold 1 - Epoch 19/50
[25-07-02 09:44:10] [INFO] ----------------------------------------
[25-07-02 09:44:25] [INFO] 훈련 - Loss: 0.0250, Acc: 0.9944, F1: 0.9930
[25-07-02 09:44:25] [INFO] 검증 - Loss: 0.2904, Acc: 0.9204, F1: 0.9166
[25-07-02 09:44:25] [INFO] 성능 개선 없음 (4/7)
[25-07-02 09:44:25] [INFO] 
Fold 1 - Epoch 20/50
[25-07-02 09:44:25] [INFO] ----------------------------------------
[25-07-02 09:44:42] [INFO] 훈련 - Loss: 0.0243, Acc: 0.9936, F1: 0.9914
[25-07-02 09:44:42] [INFO] 검증 - Loss: 0.2854, Acc: 0.9236, F1: 0.9186
[25-07-02 09:44:42] [INFO] 성능 개선 없음 (5/7)
[25-07-02 09:44:42] [INFO] 
Fold 1 - Epoch 21/50
[25-07-02 09:44:42] [INFO] ----------------------------------------
[25-07-02 09:45:00] [INFO] 훈련 - Loss: 0.0069, Acc: 1.0000, F1: 1.0000
[25-07-02 09:45:00] [INFO] 검증 - Loss: 0.2853, Acc: 0.9331, F1: 0.9307
[25-07-02 09:45:00] [INFO] 성능 개선 없음 (6/7)
[25-07-02 09:45:00] [INFO] 
Fold 1 - Epoch 22/50
[25-07-02 09:45:00] [INFO] ----------------------------------------
[25-07-02 09:45:17] [INFO] 훈련 - Loss: 0.0045, Acc: 0.9984, F1: 0.9978
[25-07-02 09:45:17] [INFO] 검증 - Loss: 0.3116, Acc: 0.9395, F1: 0.9388
[25-07-02 09:45:17] [INFO] ✓ 최고 F1 스코어 갱신: 0.9388
[25-07-02 09:45:17] [INFO] 
Fold 1 - Epoch 23/50
[25-07-02 09:45:17] [INFO] ----------------------------------------
[25-07-02 09:45:31] [INFO] 훈련 - Loss: 0.0063, Acc: 0.9992, F1: 0.9993
[25-07-02 09:45:31] [INFO] 검증 - Loss: 0.3557, Acc: 0.9268, F1: 0.9219
[25-07-02 09:45:31] [INFO] 성능 개선 없음 (1/7)
[25-07-02 09:45:31] [INFO] 
Fold 1 - Epoch 24/50
[25-07-02 09:45:31] [INFO] ----------------------------------------
[25-07-02 09:45:46] [INFO] 훈련 - Loss: 0.0117, Acc: 0.9976, F1: 0.9974
[25-07-02 09:45:46] [INFO] 검증 - Loss: 0.3045, Acc: 0.9172, F1: 0.9177
[25-07-02 09:45:46] [INFO] 성능 개선 없음 (2/7)
[25-07-02 09:45:46] [INFO] 
Fold 1 - Epoch 25/50
[25-07-02 09:45:46] [INFO] ----------------------------------------
[25-07-02 09:46:00] [INFO] 훈련 - Loss: 0.0197, Acc: 0.9936, F1: 0.9941
[25-07-02 09:46:00] [INFO] 검증 - Loss: 0.3214, Acc: 0.9268, F1: 0.9256
[25-07-02 09:46:00] [INFO] 성능 개선 없음 (3/7)
[25-07-02 09:46:00] [INFO] 
Fold 1 - Epoch 26/50
[25-07-02 09:46:00] [INFO] ----------------------------------------
[25-07-02 09:46:17] [INFO] 훈련 - Loss: 0.0339, Acc: 0.9904, F1: 0.9911
[25-07-02 09:46:17] [INFO] 검증 - Loss: 0.2430, Acc: 0.9363, F1: 0.9325
[25-07-02 09:46:17] [INFO] 성능 개선 없음 (4/7)
[25-07-02 09:46:17] [INFO] 
Fold 1 - Epoch 27/50
[25-07-02 09:46:17] [INFO] ----------------------------------------
[25-07-02 09:46:33] [INFO] 훈련 - Loss: 0.0280, Acc: 0.9952, F1: 0.9956
[25-07-02 09:46:33] [INFO] 검증 - Loss: 0.7934, Acc: 0.8121, F1: 0.8063
[25-07-02 09:46:33] [INFO] 성능 개선 없음 (5/7)
[25-07-02 09:46:33] [INFO] 
Fold 1 - Epoch 28/50
[25-07-02 09:46:33] [INFO] ----------------------------------------
[25-07-02 09:46:49] [INFO] 훈련 - Loss: 0.0324, Acc: 0.9889, F1: 0.9893
[25-07-02 09:46:49] [INFO] 검증 - Loss: 0.2346, Acc: 0.9268, F1: 0.9224
[25-07-02 09:46:49] [INFO] 성능 개선 없음 (6/7)
[25-07-02 09:46:49] [INFO] 
Fold 1 - Epoch 29/50
[25-07-02 09:46:49] [INFO] ----------------------------------------
[25-07-02 09:47:08] [INFO] 훈련 - Loss: 0.0064, Acc: 0.9992, F1: 0.9993
[25-07-02 09:47:08] [INFO] 검증 - Loss: 0.2919, Acc: 0.9299, F1: 0.9270
[25-07-02 09:47:08] [INFO] 성능 개선 없음 (7/7)
[25-07-02 09:47:08] [INFO] 
Early stopping! 최고 F1 스코어: 0.9388
[25-07-02 09:47:09] [INFO] Fold 1 - 최고 성능 모델 저장됨: saved_models/fold_1_best_model.pth (F1: 0.9388)
[25-07-02 09:47:09] [INFO] 
============================================================
[25-07-02 09:47:09] [INFO] Fold 2/5 훈련 시작...
[25-07-02 09:47:09] [INFO] ============================================================
[25-07-02 09:47:09] [INFO] Fold 2 훈련 데이터 크기: 1256
[25-07-02 09:47:09] [INFO] Fold 2 검증 데이터 크기: 314
[25-07-02 09:47:10] [INFO] 
Fold 2 - Epoch 1/50
[25-07-02 09:47:10] [INFO] ----------------------------------------
[25-07-02 09:47:29] [INFO] 훈련 - Loss: 1.8434, Acc: 0.5358, F1: 0.4959
[25-07-02 09:47:29] [INFO] 검증 - Loss: 0.7774, Acc: 0.7516, F1: 0.6725
[25-07-02 09:47:29] [INFO] ✓ 최고 F1 스코어 갱신: 0.6725
[25-07-02 09:47:29] [INFO] 
Fold 2 - Epoch 2/50
[25-07-02 09:47:29] [INFO] ----------------------------------------
[25-07-02 09:47:52] [INFO] 훈련 - Loss: 0.4885, Acc: 0.8631, F1: 0.8258
[25-07-02 09:47:52] [INFO] 검증 - Loss: 0.4211, Acc: 0.8694, F1: 0.8428
[25-07-02 09:47:52] [INFO] ✓ 최고 F1 스코어 갱신: 0.8428
[25-07-02 09:47:52] [INFO] 
Fold 2 - Epoch 3/50
[25-07-02 09:47:52] [INFO] ----------------------------------------
[25-07-02 09:48:13] [INFO] 훈련 - Loss: 0.2260, Acc: 0.9220, F1: 0.9115
[25-07-02 09:48:13] [INFO] 검증 - Loss: 0.2174, Acc: 0.9108, F1: 0.8974
[25-07-02 09:48:13] [INFO] ✓ 최고 F1 스코어 갱신: 0.8974
[25-07-02 09:48:13] [INFO] 
Fold 2 - Epoch 4/50
[25-07-02 09:48:13] [INFO] ----------------------------------------
[25-07-02 09:48:27] [INFO] 훈련 - Loss: 0.1361, Acc: 0.9594, F1: 0.9582
[25-07-02 09:48:27] [INFO] 검증 - Loss: 0.5427, Acc: 0.8248, F1: 0.7641
[25-07-02 09:48:27] [INFO] 성능 개선 없음 (1/7)
[25-07-02 09:48:27] [INFO] 
Fold 2 - Epoch 5/50
[25-07-02 09:48:27] [INFO] ----------------------------------------
[25-07-02 09:48:42] [INFO] 훈련 - Loss: 0.0937, Acc: 0.9729, F1: 0.9727
[25-07-02 09:48:42] [INFO] 검증 - Loss: 0.5063, Acc: 0.8694, F1: 0.8544
[25-07-02 09:48:42] [INFO] 성능 개선 없음 (2/7)
[25-07-02 09:48:42] [INFO] 
Fold 2 - Epoch 6/50
[25-07-02 09:48:42] [INFO] ----------------------------------------
[25-07-02 09:49:01] [INFO] 훈련 - Loss: 0.0867, Acc: 0.9777, F1: 0.9778
[25-07-02 09:49:01] [INFO] 검증 - Loss: 0.2512, Acc: 0.9236, F1: 0.9158
[25-07-02 09:49:01] [INFO] ✓ 최고 F1 스코어 갱신: 0.9158
[25-07-02 09:49:01] [INFO] 
Fold 2 - Epoch 7/50
[25-07-02 09:49:01] [INFO] ----------------------------------------
[25-07-02 09:49:18] [INFO] 훈련 - Loss: 0.1012, Acc: 0.9729, F1: 0.9715
[25-07-02 09:49:18] [INFO] 검증 - Loss: 0.3506, Acc: 0.8949, F1: 0.8877
[25-07-02 09:49:18] [INFO] 성능 개선 없음 (1/7)
[25-07-02 09:49:18] [INFO] 
Fold 2 - Epoch 8/50
[25-07-02 09:49:18] [INFO] ----------------------------------------
[25-07-02 09:49:34] [INFO] 훈련 - Loss: 0.0633, Acc: 0.9849, F1: 0.9834
[25-07-02 09:49:34] [INFO] 검증 - Loss: 0.1820, Acc: 0.9554, F1: 0.9522
[25-07-02 09:49:34] [INFO] ✓ 최고 F1 스코어 갱신: 0.9522
[25-07-02 09:49:34] [INFO] 
Fold 2 - Epoch 9/50
[25-07-02 09:49:34] [INFO] ----------------------------------------
[25-07-02 09:49:55] [INFO] 훈련 - Loss: 0.0252, Acc: 0.9976, F1: 0.9978
[25-07-02 09:49:55] [INFO] 검증 - Loss: 0.1505, Acc: 0.9618, F1: 0.9619
[25-07-02 09:49:55] [INFO] ✓ 최고 F1 스코어 갱신: 0.9619
[25-07-02 09:49:55] [INFO] 
Fold 2 - Epoch 10/50
[25-07-02 09:49:55] [INFO] ----------------------------------------
[25-07-02 09:50:17] [INFO] 훈련 - Loss: 0.0113, Acc: 1.0000, F1: 1.0000
[25-07-02 09:50:17] [INFO] 검증 - Loss: 0.1818, Acc: 0.9459, F1: 0.9443
[25-07-02 09:50:17] [INFO] 성능 개선 없음 (1/7)
[25-07-02 09:50:17] [INFO] 
Fold 2 - Epoch 11/50
[25-07-02 09:50:17] [INFO] ----------------------------------------
[25-07-02 09:50:41] [INFO] 훈련 - Loss: 0.0041, Acc: 1.0000, F1: 1.0000
[25-07-02 09:50:41] [INFO] 검증 - Loss: 0.1680, Acc: 0.9586, F1: 0.9600
[25-07-02 09:50:41] [INFO] 성능 개선 없음 (2/7)
[25-07-02 09:50:41] [INFO] 
Fold 2 - Epoch 12/50
[25-07-02 09:50:41] [INFO] ----------------------------------------
[25-07-02 09:51:05] [INFO] 훈련 - Loss: 0.0062, Acc: 0.9992, F1: 0.9989
[25-07-02 09:51:05] [INFO] 검증 - Loss: 0.1900, Acc: 0.9522, F1: 0.9535
[25-07-02 09:51:05] [INFO] 성능 개선 없음 (3/7)
[25-07-02 09:51:05] [INFO] 
Fold 2 - Epoch 13/50
[25-07-02 09:51:05] [INFO] ----------------------------------------
[25-07-02 09:51:25] [INFO] 훈련 - Loss: 0.0223, Acc: 0.9952, F1: 0.9938
[25-07-02 09:51:25] [INFO] 검증 - Loss: 0.2544, Acc: 0.9331, F1: 0.9292
[25-07-02 09:51:25] [INFO] 성능 개선 없음 (4/7)
[25-07-02 09:51:25] [INFO] 
Fold 2 - Epoch 14/50
[25-07-02 09:51:25] [INFO] ----------------------------------------
[25-07-02 09:51:43] [INFO] 훈련 - Loss: 0.0064, Acc: 0.9992, F1: 0.9993
[25-07-02 09:51:43] [INFO] 검증 - Loss: 0.2286, Acc: 0.9490, F1: 0.9500
[25-07-02 09:51:43] [INFO] 성능 개선 없음 (5/7)
[25-07-02 09:51:43] [INFO] 
Fold 2 - Epoch 15/50
[25-07-02 09:51:43] [INFO] ----------------------------------------
[25-07-02 09:52:01] [INFO] 훈련 - Loss: 0.0077, Acc: 0.9976, F1: 0.9972
[25-07-02 09:52:01] [INFO] 검증 - Loss: 0.1441, Acc: 0.9586, F1: 0.9580
[25-07-02 09:52:01] [INFO] 성능 개선 없음 (6/7)
[25-07-02 09:52:01] [INFO] 
Fold 2 - Epoch 16/50
[25-07-02 09:52:01] [INFO] ----------------------------------------
[25-07-02 09:52:25] [INFO] 훈련 - Loss: 0.0070, Acc: 1.0000, F1: 1.0000
[25-07-02 09:52:25] [INFO] 검증 - Loss: 0.1584, Acc: 0.9618, F1: 0.9632
[25-07-02 09:52:25] [INFO] ✓ 최고 F1 스코어 갱신: 0.9632
[25-07-02 09:52:25] [INFO] 
Fold 2 - Epoch 17/50
[25-07-02 09:52:25] [INFO] ----------------------------------------
[25-07-02 09:52:48] [INFO] 훈련 - Loss: 0.0072, Acc: 0.9992, F1: 0.9988
[25-07-02 09:52:48] [INFO] 검증 - Loss: 0.2310, Acc: 0.9490, F1: 0.9474
[25-07-02 09:52:48] [INFO] 성능 개선 없음 (1/7)
[25-07-02 09:52:48] [INFO] 
Fold 2 - Epoch 18/50
[25-07-02 09:52:48] [INFO] ----------------------------------------
[25-07-02 09:53:12] [INFO] 훈련 - Loss: 0.0067, Acc: 0.9992, F1: 0.9993
[25-07-02 09:53:12] [INFO] 검증 - Loss: 0.2714, Acc: 0.9490, F1: 0.9459
[25-07-02 09:53:12] [INFO] 성능 개선 없음 (2/7)
[25-07-02 09:53:12] [INFO] 
Fold 2 - Epoch 19/50
[25-07-02 09:53:12] [INFO] ----------------------------------------
[25-07-02 09:53:36] [INFO] 훈련 - Loss: 0.0454, Acc: 0.9873, F1: 0.9883
[25-07-02 09:53:36] [INFO] 검증 - Loss: 0.3125, Acc: 0.8917, F1: 0.8924
[25-07-02 09:53:36] [INFO] 성능 개선 없음 (3/7)
[25-07-02 09:53:36] [INFO] 
Fold 2 - Epoch 20/50
[25-07-02 09:53:36] [INFO] ----------------------------------------
[25-07-02 09:53:57] [INFO] 훈련 - Loss: 0.0606, Acc: 0.9841, F1: 0.9850
[25-07-02 09:53:57] [INFO] 검증 - Loss: 0.2580, Acc: 0.9076, F1: 0.9099
[25-07-02 09:53:57] [INFO] 성능 개선 없음 (4/7)
[25-07-02 09:53:57] [INFO] 
Fold 2 - Epoch 21/50
[25-07-02 09:53:57] [INFO] ----------------------------------------
[25-07-02 09:54:19] [INFO] 훈련 - Loss: 0.0523, Acc: 0.9857, F1: 0.9863
[25-07-02 09:54:19] [INFO] 검증 - Loss: 0.2010, Acc: 0.9299, F1: 0.9248
[25-07-02 09:54:19] [INFO] 성능 개선 없음 (5/7)
[25-07-02 09:54:19] [INFO] 
Fold 2 - Epoch 22/50
[25-07-02 09:54:19] [INFO] ----------------------------------------
[25-07-02 09:54:44] [INFO] 훈련 - Loss: 0.0181, Acc: 0.9944, F1: 0.9948
[25-07-02 09:54:44] [INFO] 검증 - Loss: 0.2304, Acc: 0.9299, F1: 0.9239
[25-07-02 09:54:44] [INFO] 성능 개선 없음 (6/7)
[25-07-02 09:54:44] [INFO] 
Fold 2 - Epoch 23/50
[25-07-02 09:54:44] [INFO] ----------------------------------------
[25-07-02 09:55:11] [INFO] 훈련 - Loss: 0.0051, Acc: 0.9984, F1: 0.9982
[25-07-02 09:55:11] [INFO] 검증 - Loss: 0.1650, Acc: 0.9490, F1: 0.9493
[25-07-02 09:55:11] [INFO] 성능 개선 없음 (7/7)
[25-07-02 09:55:11] [INFO] 
Early stopping! 최고 F1 스코어: 0.9632
[25-07-02 09:55:11] [INFO] Fold 2 - 최고 성능 모델 저장됨: saved_models/fold_2_best_model.pth (F1: 0.9632)
[25-07-02 09:55:11] [INFO] 
============================================================
[25-07-02 09:55:11] [INFO] Fold 3/5 훈련 시작...
[25-07-02 09:55:11] [INFO] ============================================================
[25-07-02 09:55:11] [INFO] Fold 3 훈련 데이터 크기: 1256
[25-07-02 09:55:11] [INFO] Fold 3 검증 데이터 크기: 314
[25-07-02 09:55:14] [INFO] 
Fold 3 - Epoch 1/50
[25-07-02 09:55:14] [INFO] ----------------------------------------
[25-07-02 09:55:35] [INFO] 훈련 - Loss: 1.9203, Acc: 0.4984, F1: 0.4796
[25-07-02 09:55:35] [INFO] 검증 - Loss: 0.8107, Acc: 0.7580, F1: 0.6831
[25-07-02 09:55:35] [INFO] ✓ 최고 F1 스코어 갱신: 0.6831
[25-07-02 09:55:35] [INFO] 
Fold 3 - Epoch 2/50
[25-07-02 09:55:35] [INFO] ----------------------------------------
[25-07-02 09:55:58] [INFO] 훈련 - Loss: 0.4762, Acc: 0.8591, F1: 0.8220
[25-07-02 09:55:58] [INFO] 검증 - Loss: 0.3563, Acc: 0.8694, F1: 0.8398
[25-07-02 09:55:58] [INFO] ✓ 최고 F1 스코어 갱신: 0.8398
[25-07-02 09:55:58] [INFO] 
Fold 3 - Epoch 3/50
[25-07-02 09:55:58] [INFO] ----------------------------------------
[25-07-02 09:56:21] [INFO] 훈련 - Loss: 0.2468, Acc: 0.9260, F1: 0.9135
[25-07-02 09:56:21] [INFO] 검증 - Loss: 0.2451, Acc: 0.8981, F1: 0.8642
[25-07-02 09:56:21] [INFO] ✓ 최고 F1 스코어 갱신: 0.8642
[25-07-02 09:56:21] [INFO] 
Fold 3 - Epoch 4/50
[25-07-02 09:56:21] [INFO] ----------------------------------------
[25-07-02 09:56:41] [INFO] 훈련 - Loss: 0.1177, Acc: 0.9666, F1: 0.9643
[25-07-02 09:56:41] [INFO] 검증 - Loss: 0.1531, Acc: 0.9363, F1: 0.9340
[25-07-02 09:56:41] [INFO] ✓ 최고 F1 스코어 갱신: 0.9340
[25-07-02 09:56:41] [INFO] 
Fold 3 - Epoch 5/50
[25-07-02 09:56:41] [INFO] ----------------------------------------
[25-07-02 09:56:59] [INFO] 훈련 - Loss: 0.0612, Acc: 0.9825, F1: 0.9827
[25-07-02 09:56:59] [INFO] 검증 - Loss: 0.1760, Acc: 0.9395, F1: 0.9377
[25-07-02 09:56:59] [INFO] ✓ 최고 F1 스코어 갱신: 0.9377
[25-07-02 09:56:59] [INFO] 
Fold 3 - Epoch 6/50
[25-07-02 09:56:59] [INFO] ----------------------------------------
[25-07-02 09:57:17] [INFO] 훈련 - Loss: 0.0509, Acc: 0.9865, F1: 0.9867
[25-07-02 09:57:17] [INFO] 검증 - Loss: 0.2032, Acc: 0.9395, F1: 0.9330
[25-07-02 09:57:17] [INFO] 성능 개선 없음 (1/7)
[25-07-02 09:57:17] [INFO] 
Fold 3 - Epoch 7/50
[25-07-02 09:57:17] [INFO] ----------------------------------------
[25-07-02 09:57:35] [INFO] 훈련 - Loss: 0.0399, Acc: 0.9904, F1: 0.9908
[25-07-02 09:57:35] [INFO] 검증 - Loss: 0.2995, Acc: 0.9076, F1: 0.8980
[25-07-02 09:57:35] [INFO] 성능 개선 없음 (2/7)
[25-07-02 09:57:35] [INFO] 
Fold 3 - Epoch 8/50
[25-07-02 09:57:35] [INFO] ----------------------------------------
[25-07-02 09:57:57] [INFO] 훈련 - Loss: 0.0385, Acc: 0.9920, F1: 0.9915
[25-07-02 09:57:57] [INFO] 검증 - Loss: 0.3411, Acc: 0.9172, F1: 0.8923
[25-07-02 09:57:57] [INFO] 성능 개선 없음 (3/7)
[25-07-02 09:57:57] [INFO] 
Fold 3 - Epoch 9/50
[25-07-02 09:57:57] [INFO] ----------------------------------------
[25-07-02 09:58:17] [INFO] 훈련 - Loss: 0.0312, Acc: 0.9912, F1: 0.9904
[25-07-02 09:58:17] [INFO] 검증 - Loss: 0.2125, Acc: 0.9331, F1: 0.9272
[25-07-02 09:58:17] [INFO] 성능 개선 없음 (4/7)
[25-07-02 09:58:17] [INFO] 
Fold 3 - Epoch 10/50
[25-07-02 09:58:17] [INFO] ----------------------------------------
[25-07-02 09:58:43] [INFO] 훈련 - Loss: 0.0297, Acc: 0.9904, F1: 0.9894
[25-07-02 09:58:43] [INFO] 검증 - Loss: 0.2165, Acc: 0.9490, F1: 0.9476
[25-07-02 09:58:43] [INFO] ✓ 최고 F1 스코어 갱신: 0.9476
[25-07-02 09:58:43] [INFO] 
Fold 3 - Epoch 11/50
[25-07-02 09:58:43] [INFO] ----------------------------------------
[25-07-02 09:59:04] [INFO] 훈련 - Loss: 0.0411, Acc: 0.9896, F1: 0.9893
[25-07-02 09:59:04] [INFO] 검증 - Loss: 0.2924, Acc: 0.9172, F1: 0.9144
[25-07-02 09:59:04] [INFO] 성능 개선 없음 (1/7)
[25-07-02 09:59:04] [INFO] 
Fold 3 - Epoch 12/50
[25-07-02 09:59:04] [INFO] ----------------------------------------
[25-07-02 09:59:26] [INFO] 훈련 - Loss: 0.0722, Acc: 0.9793, F1: 0.9771
[25-07-02 09:59:26] [INFO] 검증 - Loss: 0.1812, Acc: 0.9140, F1: 0.9075
[25-07-02 09:59:26] [INFO] 성능 개선 없음 (2/7)
[25-07-02 09:59:26] [INFO] 
Fold 3 - Epoch 13/50
[25-07-02 09:59:26] [INFO] ----------------------------------------
[25-07-02 09:59:49] [INFO] 훈련 - Loss: 0.0163, Acc: 0.9968, F1: 0.9963
[25-07-02 09:59:49] [INFO] 검증 - Loss: 0.2147, Acc: 0.9459, F1: 0.9398
[25-07-02 09:59:49] [INFO] 성능 개선 없음 (3/7)
[25-07-02 09:59:49] [INFO] 
Fold 3 - Epoch 14/50
[25-07-02 09:59:49] [INFO] ----------------------------------------
[25-07-02 10:00:07] [INFO] 훈련 - Loss: 0.0225, Acc: 0.9984, F1: 0.9982
[25-07-02 10:00:07] [INFO] 검증 - Loss: 0.1838, Acc: 0.9586, F1: 0.9572
[25-07-02 10:00:07] [INFO] ✓ 최고 F1 스코어 갱신: 0.9572
[25-07-02 10:00:07] [INFO] 
Fold 3 - Epoch 15/50
[25-07-02 10:00:07] [INFO] ----------------------------------------
[25-07-02 10:00:28] [INFO] 훈련 - Loss: 0.0071, Acc: 0.9992, F1: 0.9993
[25-07-02 10:00:28] [INFO] 검증 - Loss: 0.2063, Acc: 0.9395, F1: 0.9351
[25-07-02 10:00:28] [INFO] 성능 개선 없음 (1/7)
[25-07-02 10:00:28] [INFO] 
Fold 3 - Epoch 16/50
[25-07-02 10:00:28] [INFO] ----------------------------------------
[25-07-02 10:00:46] [INFO] 훈련 - Loss: 0.0205, Acc: 0.9976, F1: 0.9961
[25-07-02 10:00:46] [INFO] 검증 - Loss: 0.1536, Acc: 0.9554, F1: 0.9516
[25-07-02 10:00:46] [INFO] 성능 개선 없음 (2/7)
[25-07-02 10:00:46] [INFO] 
Fold 3 - Epoch 17/50
[25-07-02 10:00:46] [INFO] ----------------------------------------
[25-07-02 10:01:09] [INFO] 훈련 - Loss: 0.0509, Acc: 0.9849, F1: 0.9852
[25-07-02 10:01:09] [INFO] 검증 - Loss: 0.2089, Acc: 0.9268, F1: 0.9253
[25-07-02 10:01:09] [INFO] 성능 개선 없음 (3/7)
[25-07-02 10:01:09] [INFO] 
Fold 3 - Epoch 18/50
[25-07-02 10:01:09] [INFO] ----------------------------------------
[25-07-02 10:01:45] [INFO] 훈련 - Loss: 0.0206, Acc: 0.9968, F1: 0.9971
[25-07-02 10:01:45] [INFO] 검증 - Loss: 0.1746, Acc: 0.9299, F1: 0.9216
[25-07-02 10:01:45] [INFO] 성능 개선 없음 (4/7)
[25-07-02 10:01:45] [INFO] 
Fold 3 - Epoch 19/50
[25-07-02 10:01:45] [INFO] ----------------------------------------
[25-07-02 10:02:24] [INFO] 훈련 - Loss: 0.0297, Acc: 0.9928, F1: 0.9918
[25-07-02 10:02:24] [INFO] 검증 - Loss: 0.2350, Acc: 0.9427, F1: 0.9394
[25-07-02 10:02:24] [INFO] 성능 개선 없음 (5/7)
[25-07-02 10:02:24] [INFO] 
Fold 3 - Epoch 20/50
[25-07-02 10:02:24] [INFO] ----------------------------------------
[25-07-02 10:03:01] [INFO] 훈련 - Loss: 0.0097, Acc: 0.9968, F1: 0.9971
[25-07-02 10:03:01] [INFO] 검증 - Loss: 0.2152, Acc: 0.9522, F1: 0.9517
[25-07-02 10:03:01] [INFO] 성능 개선 없음 (6/7)
[25-07-02 10:03:01] [INFO] 
Fold 3 - Epoch 21/50
[25-07-02 10:03:01] [INFO] ----------------------------------------
[25-07-02 10:03:26] [INFO] 훈련 - Loss: 0.0114, Acc: 0.9976, F1: 0.9974
[25-07-02 10:03:26] [INFO] 검증 - Loss: 0.2441, Acc: 0.9427, F1: 0.9438
[25-07-02 10:03:26] [INFO] 성능 개선 없음 (7/7)
[25-07-02 10:03:26] [INFO] 
Early stopping! 최고 F1 스코어: 0.9572
[25-07-02 10:03:26] [INFO] Fold 3 - 최고 성능 모델 저장됨: saved_models/fold_3_best_model.pth (F1: 0.9572)
[25-07-02 10:03:26] [INFO] 
============================================================
[25-07-02 10:03:26] [INFO] Fold 4/5 훈련 시작...
[25-07-02 10:03:26] [INFO] ============================================================
[25-07-02 10:03:26] [INFO] Fold 4 훈련 데이터 크기: 1256
[25-07-02 10:03:26] [INFO] Fold 4 검증 데이터 크기: 314
[25-07-02 10:03:27] [INFO] 
Fold 4 - Epoch 1/50
[25-07-02 10:03:27] [INFO] ----------------------------------------
[25-07-02 10:03:51] [INFO] 훈련 - Loss: 1.8970, Acc: 0.4920, F1: 0.4524
[25-07-02 10:03:51] [INFO] 검증 - Loss: 0.9014, Acc: 0.7389, F1: 0.6545
[25-07-02 10:03:51] [INFO] ✓ 최고 F1 스코어 갱신: 0.6545
[25-07-02 10:03:51] [INFO] 
Fold 4 - Epoch 2/50
[25-07-02 10:03:51] [INFO] ----------------------------------------
[25-07-02 10:04:32] [INFO] 훈련 - Loss: 0.5076, Acc: 0.8479, F1: 0.8126
[25-07-02 10:04:32] [INFO] 검증 - Loss: 0.4012, Acc: 0.8726, F1: 0.8401
[25-07-02 10:04:32] [INFO] ✓ 최고 F1 스코어 갱신: 0.8401
[25-07-02 10:04:32] [INFO] 
Fold 4 - Epoch 3/50
[25-07-02 10:04:32] [INFO] ----------------------------------------
[25-07-02 10:05:11] [INFO] 훈련 - Loss: 0.2394, Acc: 0.9172, F1: 0.8999
[25-07-02 10:05:11] [INFO] 검증 - Loss: 0.2636, Acc: 0.9236, F1: 0.9044
[25-07-02 10:05:11] [INFO] ✓ 최고 F1 스코어 갱신: 0.9044
[25-07-02 10:05:11] [INFO] 
Fold 4 - Epoch 4/50
[25-07-02 10:05:11] [INFO] ----------------------------------------
[25-07-02 10:05:44] [INFO] 훈련 - Loss: 0.1265, Acc: 0.9554, F1: 0.9546
[25-07-02 10:05:44] [INFO] 검증 - Loss: 0.2793, Acc: 0.8885, F1: 0.8837
[25-07-02 10:05:44] [INFO] 성능 개선 없음 (1/7)
[25-07-02 10:05:44] [INFO] 
Fold 4 - Epoch 5/50
[25-07-02 10:05:44] [INFO] ----------------------------------------
[25-07-02 10:06:16] [INFO] 훈련 - Loss: 0.0631, Acc: 0.9849, F1: 0.9852
[25-07-02 10:06:16] [INFO] 검증 - Loss: 0.1776, Acc: 0.9331, F1: 0.9258
[25-07-02 10:06:16] [INFO] ✓ 최고 F1 스코어 갱신: 0.9258
[25-07-02 10:06:16] [INFO] 
Fold 4 - Epoch 6/50
[25-07-02 10:06:16] [INFO] ----------------------------------------
[25-07-02 10:06:58] [INFO] 훈련 - Loss: 0.0500, Acc: 0.9881, F1: 0.9871
[25-07-02 10:06:58] [INFO] 검증 - Loss: 0.2412, Acc: 0.9204, F1: 0.9110
[25-07-02 10:06:58] [INFO] 성능 개선 없음 (1/7)
[25-07-02 10:06:58] [INFO] 
Fold 4 - Epoch 7/50
[25-07-02 10:06:58] [INFO] ----------------------------------------
[25-07-02 10:07:35] [INFO] 훈련 - Loss: 0.0467, Acc: 0.9896, F1: 0.9888
[25-07-02 10:07:35] [INFO] 검증 - Loss: 0.3705, Acc: 0.9045, F1: 0.8866
[25-07-02 10:07:35] [INFO] 성능 개선 없음 (2/7)
[25-07-02 10:07:35] [INFO] 
Fold 4 - Epoch 8/50
[25-07-02 10:07:35] [INFO] ----------------------------------------
[25-07-02 10:08:14] [INFO] 훈련 - Loss: 0.0732, Acc: 0.9777, F1: 0.9764
[25-07-02 10:08:14] [INFO] 검증 - Loss: 0.3421, Acc: 0.9045, F1: 0.8934
[25-07-02 10:08:14] [INFO] 성능 개선 없음 (3/7)
[25-07-02 10:08:14] [INFO] 
Fold 4 - Epoch 9/50
[25-07-02 10:08:14] [INFO] ----------------------------------------
[25-07-02 10:08:41] [INFO] 훈련 - Loss: 0.0329, Acc: 0.9944, F1: 0.9949
[25-07-02 10:08:41] [INFO] 검증 - Loss: 0.2421, Acc: 0.9045, F1: 0.8977
[25-07-02 10:08:41] [INFO] 성능 개선 없음 (4/7)
[25-07-02 10:08:41] [INFO] 
Fold 4 - Epoch 10/50
[25-07-02 10:08:41] [INFO] ----------------------------------------
[25-07-02 10:09:16] [INFO] 훈련 - Loss: 0.0352, Acc: 0.9920, F1: 0.9926
[25-07-02 10:09:16] [INFO] 검증 - Loss: 0.2931, Acc: 0.9140, F1: 0.9085
[25-07-02 10:09:16] [INFO] 성능 개선 없음 (5/7)
[25-07-02 10:09:16] [INFO] 
Fold 4 - Epoch 11/50
[25-07-02 10:09:16] [INFO] ----------------------------------------
[25-07-02 10:09:51] [INFO] 훈련 - Loss: 0.0326, Acc: 0.9920, F1: 0.9919
[25-07-02 10:09:51] [INFO] 검증 - Loss: 0.2228, Acc: 0.9299, F1: 0.9256
[25-07-02 10:09:51] [INFO] 성능 개선 없음 (6/7)
[25-07-02 10:09:51] [INFO] 
Fold 4 - Epoch 12/50
[25-07-02 10:09:51] [INFO] ----------------------------------------
[25-07-02 10:10:27] [INFO] 훈련 - Loss: 0.0574, Acc: 0.9801, F1: 0.9801
[25-07-02 10:10:27] [INFO] 검증 - Loss: 0.3454, Acc: 0.8917, F1: 0.8815
[25-07-02 10:10:27] [INFO] 성능 개선 없음 (7/7)
[25-07-02 10:10:27] [INFO] 
Early stopping! 최고 F1 스코어: 0.9258
[25-07-02 10:10:28] [INFO] Fold 4 - 최고 성능 모델 저장됨: saved_models/fold_4_best_model.pth (F1: 0.9258)
[25-07-02 10:10:28] [INFO] 
============================================================
[25-07-02 10:10:28] [INFO] Fold 5/5 훈련 시작...
[25-07-02 10:10:28] [INFO] ============================================================
[25-07-02 10:10:28] [INFO] Fold 5 훈련 데이터 크기: 1256
[25-07-02 10:10:28] [INFO] Fold 5 검증 데이터 크기: 314
[25-07-02 10:10:31] [INFO] 
Fold 5 - Epoch 1/50
[25-07-02 10:10:31] [INFO] ----------------------------------------
[25-07-02 10:11:02] [INFO] 훈련 - Loss: 1.9730, Acc: 0.4896, F1: 0.4446
[25-07-02 10:11:02] [INFO] 검증 - Loss: 0.9108, Acc: 0.7166, F1: 0.6355
[25-07-02 10:11:02] [INFO] ✓ 최고 F1 스코어 갱신: 0.6355
[25-07-02 10:11:02] [INFO] 
Fold 5 - Epoch 2/50
[25-07-02 10:11:02] [INFO] ----------------------------------------
[25-07-02 10:11:30] [INFO] 훈련 - Loss: 0.5513, Acc: 0.8495, F1: 0.8142
[25-07-02 10:11:30] [INFO] 검증 - Loss: 0.3564, Acc: 0.8790, F1: 0.8287
[25-07-02 10:11:30] [INFO] ✓ 최고 F1 스코어 갱신: 0.8287
[25-07-02 10:11:30] [INFO] 
Fold 5 - Epoch 3/50
[25-07-02 10:11:30] [INFO] ----------------------------------------
[25-07-02 10:12:07] [INFO] 훈련 - Loss: 0.2378, Acc: 0.9148, F1: 0.9057
[25-07-02 10:12:07] [INFO] 검증 - Loss: 0.3485, Acc: 0.8790, F1: 0.8469
[25-07-02 10:12:07] [INFO] ✓ 최고 F1 스코어 갱신: 0.8469
[25-07-02 10:12:07] [INFO] 
Fold 5 - Epoch 4/50
[25-07-02 10:12:07] [INFO] ----------------------------------------
[25-07-02 10:12:35] [INFO] 훈련 - Loss: 0.1395, Acc: 0.9602, F1: 0.9556
[25-07-02 10:12:35] [INFO] 검증 - Loss: 0.3918, Acc: 0.8758, F1: 0.8701
[25-07-02 10:12:35] [INFO] ✓ 최고 F1 스코어 갱신: 0.8701
[25-07-02 10:12:35] [INFO] 
Fold 5 - Epoch 5/50
[25-07-02 10:12:35] [INFO] ----------------------------------------
[25-07-02 10:12:54] [INFO] 훈련 - Loss: 0.0740, Acc: 0.9801, F1: 0.9801
[25-07-02 10:12:54] [INFO] 검증 - Loss: 0.2431, Acc: 0.9204, F1: 0.9114
[25-07-02 10:12:54] [INFO] ✓ 최고 F1 스코어 갱신: 0.9114
[25-07-02 10:12:54] [INFO] 
Fold 5 - Epoch 6/50
[25-07-02 10:12:54] [INFO] ----------------------------------------
[25-07-02 10:13:13] [INFO] 훈련 - Loss: 0.0506, Acc: 0.9896, F1: 0.9889
[25-07-02 10:13:13] [INFO] 검증 - Loss: 0.2166, Acc: 0.9076, F1: 0.9018
[25-07-02 10:13:13] [INFO] 성능 개선 없음 (1/7)
[25-07-02 10:13:13] [INFO] 
Fold 5 - Epoch 7/50
[25-07-02 10:13:13] [INFO] ----------------------------------------
[25-07-02 10:13:30] [INFO] 훈련 - Loss: 0.0638, Acc: 0.9817, F1: 0.9824
[25-07-02 10:13:30] [INFO] 검증 - Loss: 0.3415, Acc: 0.8949, F1: 0.8808
[25-07-02 10:13:30] [INFO] 성능 개선 없음 (2/7)
[25-07-02 10:13:30] [INFO] 
Fold 5 - Epoch 8/50
[25-07-02 10:13:30] [INFO] ----------------------------------------
[25-07-02 10:13:50] [INFO] 훈련 - Loss: 0.0483, Acc: 0.9873, F1: 0.9871
[25-07-02 10:13:50] [INFO] 검증 - Loss: 0.2641, Acc: 0.9013, F1: 0.8914
[25-07-02 10:13:50] [INFO] 성능 개선 없음 (3/7)
[25-07-02 10:13:50] [INFO] 
Fold 5 - Epoch 9/50
[25-07-02 10:13:50] [INFO] ----------------------------------------
[25-07-02 10:14:12] [INFO] 훈련 - Loss: 0.0344, Acc: 0.9944, F1: 0.9949
[25-07-02 10:14:12] [INFO] 검증 - Loss: 0.2163, Acc: 0.9331, F1: 0.9275
[25-07-02 10:14:12] [INFO] ✓ 최고 F1 스코어 갱신: 0.9275
[25-07-02 10:14:12] [INFO] 
Fold 5 - Epoch 10/50
[25-07-02 10:14:12] [INFO] ----------------------------------------
[25-07-02 10:14:29] [INFO] 훈련 - Loss: 0.0569, Acc: 0.9865, F1: 0.9865
[25-07-02 10:14:29] [INFO] 검증 - Loss: 0.4112, Acc: 0.8662, F1: 0.8535
[25-07-02 10:14:29] [INFO] 성능 개선 없음 (1/7)
[25-07-02 10:14:29] [INFO] 
Fold 5 - Epoch 11/50
[25-07-02 10:14:29] [INFO] ----------------------------------------
[25-07-02 10:14:48] [INFO] 훈련 - Loss: 0.0467, Acc: 0.9857, F1: 0.9859
[25-07-02 10:14:48] [INFO] 검증 - Loss: 0.2928, Acc: 0.9140, F1: 0.9088
[25-07-02 10:14:48] [INFO] 성능 개선 없음 (2/7)
[25-07-02 10:14:48] [INFO] 
Fold 5 - Epoch 12/50
[25-07-02 10:14:48] [INFO] ----------------------------------------
[25-07-02 10:15:10] [INFO] 훈련 - Loss: 0.0298, Acc: 0.9904, F1: 0.9894
[25-07-02 10:15:10] [INFO] 검증 - Loss: 0.3280, Acc: 0.9299, F1: 0.9226
[25-07-02 10:15:10] [INFO] 성능 개선 없음 (3/7)
[25-07-02 10:15:10] [INFO] 
Fold 5 - Epoch 13/50
[25-07-02 10:15:10] [INFO] ----------------------------------------
[25-07-02 10:15:31] [INFO] 훈련 - Loss: 0.0413, Acc: 0.9896, F1: 0.9897
[25-07-02 10:15:31] [INFO] 검증 - Loss: 0.2629, Acc: 0.9268, F1: 0.9199
[25-07-02 10:15:31] [INFO] 성능 개선 없음 (4/7)
[25-07-02 10:15:31] [INFO] 
Fold 5 - Epoch 14/50
[25-07-02 10:15:31] [INFO] ----------------------------------------
[25-07-02 10:15:53] [INFO] 훈련 - Loss: 0.0272, Acc: 0.9968, F1: 0.9967
[25-07-02 10:15:53] [INFO] 검증 - Loss: 0.2026, Acc: 0.9490, F1: 0.9431
[25-07-02 10:15:53] [INFO] ✓ 최고 F1 스코어 갱신: 0.9431
[25-07-02 10:15:53] [INFO] 
Fold 5 - Epoch 15/50
[25-07-02 10:15:53] [INFO] ----------------------------------------
[25-07-02 10:16:15] [INFO] 훈련 - Loss: 0.0189, Acc: 0.9952, F1: 0.9941
[25-07-02 10:16:15] [INFO] 검증 - Loss: 0.2580, Acc: 0.9363, F1: 0.9299
[25-07-02 10:16:15] [INFO] 성능 개선 없음 (1/7)
[25-07-02 10:16:15] [INFO] 
Fold 5 - Epoch 16/50
[25-07-02 10:16:15] [INFO] ----------------------------------------
[25-07-02 10:16:36] [INFO] 훈련 - Loss: 0.0326, Acc: 0.9896, F1: 0.9893
[25-07-02 10:16:36] [INFO] 검증 - Loss: 0.2620, Acc: 0.9204, F1: 0.9145
[25-07-02 10:16:36] [INFO] 성능 개선 없음 (2/7)
[25-07-02 10:16:36] [INFO] 
Fold 5 - Epoch 17/50
[25-07-02 10:16:36] [INFO] ----------------------------------------
[25-07-02 10:16:56] [INFO] 훈련 - Loss: 0.0152, Acc: 0.9968, F1: 0.9971
[25-07-02 10:16:56] [INFO] 검증 - Loss: 0.1956, Acc: 0.9522, F1: 0.9507
[25-07-02 10:16:56] [INFO] ✓ 최고 F1 스코어 갱신: 0.9507
[25-07-02 10:16:56] [INFO] 
Fold 5 - Epoch 18/50
[25-07-02 10:16:56] [INFO] ----------------------------------------
[25-07-02 10:17:12] [INFO] 훈련 - Loss: 0.0039, Acc: 1.0000, F1: 1.0000
[25-07-02 10:17:12] [INFO] 검증 - Loss: 0.2145, Acc: 0.9427, F1: 0.9398
[25-07-02 10:17:12] [INFO] 성능 개선 없음 (1/7)
[25-07-02 10:17:12] [INFO] 
Fold 5 - Epoch 19/50
[25-07-02 10:17:12] [INFO] ----------------------------------------
[25-07-02 10:17:30] [INFO] 훈련 - Loss: 0.0044, Acc: 1.0000, F1: 1.0000
[25-07-02 10:17:30] [INFO] 검증 - Loss: 0.2013, Acc: 0.9490, F1: 0.9472
[25-07-02 10:17:30] [INFO] 성능 개선 없음 (2/7)
[25-07-02 10:17:30] [INFO] 
Fold 5 - Epoch 20/50
[25-07-02 10:17:30] [INFO] ----------------------------------------
[25-07-02 10:17:50] [INFO] 훈련 - Loss: 0.0029, Acc: 1.0000, F1: 1.0000
[25-07-02 10:17:50] [INFO] 검증 - Loss: 0.2073, Acc: 0.9427, F1: 0.9391
[25-07-02 10:17:50] [INFO] 성능 개선 없음 (3/7)
[25-07-02 10:17:50] [INFO] 
Fold 5 - Epoch 21/50
[25-07-02 10:17:50] [INFO] ----------------------------------------
[25-07-02 10:18:11] [INFO] 훈련 - Loss: 0.0048, Acc: 0.9992, F1: 0.9993
[25-07-02 10:18:11] [INFO] 검증 - Loss: 0.2487, Acc: 0.9427, F1: 0.9393
[25-07-02 10:18:11] [INFO] 성능 개선 없음 (4/7)
[25-07-02 10:18:11] [INFO] 
Fold 5 - Epoch 22/50
[25-07-02 10:18:11] [INFO] ----------------------------------------
[25-07-02 10:18:34] [INFO] 훈련 - Loss: 0.0267, Acc: 0.9920, F1: 0.9904
[25-07-02 10:18:34] [INFO] 검증 - Loss: 0.2521, Acc: 0.9363, F1: 0.9301
[25-07-02 10:18:34] [INFO] 성능 개선 없음 (5/7)
[25-07-02 10:18:34] [INFO] 
Fold 5 - Epoch 23/50
[25-07-02 10:18:34] [INFO] ----------------------------------------
[25-07-02 10:19:16] [INFO] 훈련 - Loss: 0.0257, Acc: 0.9920, F1: 0.9922
[25-07-02 10:19:16] [INFO] 검증 - Loss: 0.2853, Acc: 0.9299, F1: 0.9307
[25-07-02 10:19:16] [INFO] 성능 개선 없음 (6/7)
[25-07-02 10:19:16] [INFO] 
Fold 5 - Epoch 24/50
[25-07-02 10:19:16] [INFO] ----------------------------------------
[25-07-02 10:19:55] [INFO] 훈련 - Loss: 0.0199, Acc: 0.9944, F1: 0.9945
[25-07-02 10:19:55] [INFO] 검증 - Loss: 0.3153, Acc: 0.9140, F1: 0.9039
[25-07-02 10:19:55] [INFO] 성능 개선 없음 (7/7)
[25-07-02 10:19:55] [INFO] 
Early stopping! 최고 F1 스코어: 0.9507
[25-07-02 10:19:56] [INFO] Fold 5 - 최고 성능 모델 저장됨: saved_models/fold_5_best_model.pth (F1: 0.9507)
[25-07-02 10:19:56] [INFO] 
============================================================
[25-07-02 10:19:56] [INFO] 모든 폴드 훈련 완료. 각 폴드의 최고 F1 스코어: [0.9388073391618577, 0.9631904893786337, 0.9572459609382173, 0.9258039522745406, 0.9506711204937912]
[25-07-02 10:19:56] [INFO] 평균 F1 스코어: 0.9471
[25-07-02 10:19:56] [INFO] 저장된 모델 경로: ['saved_models/fold_1_best_model.pth', 'saved_models/fold_2_best_model.pth', 'saved_models/fold_3_best_model.pth', 'saved_models/fold_4_best_model.pth', 'saved_models/fold_5_best_model.pth']
[25-07-02 10:19:56] [INFO] ============================================================
[25-07-02 10:19:56] [INFO] 
============================================================
[25-07-02 10:19:56] [INFO] K-Fold 앙상블 테스트 데이터 추론 시작...
[25-07-02 10:19:56] [INFO] ============================================================
[25-07-02 10:19:56] [INFO] Fold 1 모델로 추론 중...
[25-07-02 10:21:01] [INFO] Fold 1 추론 완료
[25-07-02 10:21:01] [INFO] Fold 2 모델로 추론 중...
[25-07-02 10:21:47] [INFO] Fold 2 추론 완료
[25-07-02 10:21:47] [INFO] Fold 3 모델로 추론 중...
[25-07-02 10:22:58] [INFO] Fold 3 추론 완료
[25-07-02 10:22:58] [INFO] Fold 4 모델로 추론 중...
[25-07-02 10:24:11] [INFO] Fold 4 추론 완료
[25-07-02 10:24:11] [INFO] Fold 5 모델로 추론 중...
[25-07-02 10:25:21] [INFO] Fold 5 추론 완료
[25-07-02 10:25:21] [INFO] 앙상블 예측 생성 중...
[25-07-02 10:25:21] [INFO] 
앙상블 예측 결과가 output/pred_kfold_ensemble.csv에 저장되었습니다.
[25-07-02 10:25:21] [INFO] K-Fold 앙상블 검증 평균 F1 스코어: 0.9471
[25-07-02 10:25:21] [INFO] 사용된 폴드 수: 5
[25-07-02 10:25:21] [INFO] 앙상블 확률 결과가 output/ensemble_probabilities.csv에 저장되었습니다.
