[25-07-03 22:14:10] [INFO] 완전한 재현성 설정이 활성화되었습니다.
[25-07-03 22:14:10] [INFO] 🌱 Random seed set to 42
[25-07-03 22:14:10] [INFO] 💻 Using device: cuda
[25-07-03 22:14:10] [INFO] 📂 Total training samples: 1570
[25-07-03 22:14:10] [INFO] 📊 Class distribution: {0: 100, 1: 46, 2: 100, 3: 100, 4: 100, 5: 100, 6: 100, 7: 100, 8: 100, 9: 100, 10: 100, 11: 100, 12: 100, 13: 74, 14: 50, 15: 100, 16: 100}
[25-07-03 22:14:10] [INFO] 
🔄 Starting 5-Fold Cross Validation Training...
[25-07-03 22:14:10] [INFO] 
============================================================
[25-07-03 22:14:10] [INFO] 🔥 FOLD 1/5
[25-07-03 22:14:10] [INFO] ============================================================
[25-07-03 22:14:10] [INFO] 📚 Train samples: 1256
[25-07-03 22:14:10] [INFO] 📝 Validation samples: 314
[25-07-03 22:14:18] [INFO] 🏗️ Model: tf_efficientnetv2_xl
[25-07-03 22:14:18] [INFO] 🔢 Number of parameters: 206,860,585
[25-07-03 22:14:18] [INFO] 🚀 Starting Fold 1 training...
[25-07-03 22:14:18] [INFO] 
--- Fold 1 | Epoch 1/20 ---
[25-07-03 22:18:38] [INFO] 💾 Fold 1 Best model updated! F1: 0.8480
[25-07-03 22:18:38] [INFO] train_loss: 1.8609 | train_acc: 0.6513 | train_f1: 0.6247 | val_loss: 0.9995 | val_acc: 0.8694 | val_f1: 0.8480 | lr: 0.000099
[25-07-03 22:18:38] [INFO] 
--- Fold 1 | Epoch 2/20 ---
[25-07-03 22:21:14] [INFO] 💾 Fold 1 Best model updated! F1: 0.8674
[25-07-03 22:21:14] [INFO] train_loss: 0.9785 | train_acc: 0.8758 | train_f1: 0.8602 | val_loss: 0.9163 | val_acc: 0.8949 | val_f1: 0.8674 | lr: 0.000098
[25-07-03 22:21:14] [INFO] 
--- Fold 1 | Epoch 3/20 ---
[25-07-03 22:23:28] [INFO] 💾 Fold 1 Best model updated! F1: 0.8913
[25-07-03 22:23:28] [INFO] train_loss: 0.8684 | train_acc: 0.9156 | train_f1: 0.9071 | val_loss: 0.8649 | val_acc: 0.8981 | val_f1: 0.8913 | lr: 0.000095
[25-07-03 22:23:28] [INFO] 
--- Fold 1 | Epoch 4/20 ---
[25-07-03 22:25:48] [INFO] 💾 Fold 1 Best model updated! F1: 0.9052
[25-07-03 22:25:48] [INFO] train_loss: 0.8083 | train_acc: 0.9363 | train_f1: 0.9305 | val_loss: 0.8510 | val_acc: 0.9076 | val_f1: 0.9052 | lr: 0.000091
[25-07-03 22:25:48] [INFO] 
--- Fold 1 | Epoch 5/20 ---
[25-07-03 22:28:14] [INFO] 💾 Fold 1 Best model updated! F1: 0.9208
[25-07-03 22:28:14] [INFO] train_loss: 0.7691 | train_acc: 0.9562 | train_f1: 0.9530 | val_loss: 0.8179 | val_acc: 0.9236 | val_f1: 0.9208 | lr: 0.000086
[25-07-03 22:28:14] [INFO] 
--- Fold 1 | Epoch 6/20 ---
[25-07-03 22:30:30] [INFO] 💾 Fold 1 Best model updated! F1: 0.9381
[25-07-03 22:30:30] [INFO] train_loss: 0.7438 | train_acc: 0.9594 | train_f1: 0.9579 | val_loss: 0.8042 | val_acc: 0.9363 | val_f1: 0.9381 | lr: 0.000080
[25-07-03 22:30:30] [INFO] 
--- Fold 1 | Epoch 7/20 ---
[25-07-03 22:32:50] [INFO] train_loss: 0.7145 | train_acc: 0.9761 | train_f1: 0.9748 | val_loss: 0.8065 | val_acc: 0.9363 | val_f1: 0.9314 | lr: 0.000073
[25-07-03 22:32:50] [INFO] 
--- Fold 1 | Epoch 8/20 ---
[25-07-03 22:35:30] [INFO] train_loss: 0.7001 | train_acc: 0.9785 | train_f1: 0.9769 | val_loss: 0.8316 | val_acc: 0.9299 | val_f1: 0.9260 | lr: 0.000066
[25-07-03 22:35:30] [INFO] 
--- Fold 1 | Epoch 9/20 ---
[25-07-03 22:37:54] [INFO] 💾 Fold 1 Best model updated! F1: 0.9430
[25-07-03 22:37:54] [INFO] train_loss: 0.6953 | train_acc: 0.9809 | train_f1: 0.9798 | val_loss: 0.7662 | val_acc: 0.9427 | val_f1: 0.9430 | lr: 0.000058
[25-07-03 22:37:54] [INFO] 
--- Fold 1 | Epoch 10/20 ---
[25-07-03 22:40:19] [INFO] train_loss: 0.6716 | train_acc: 0.9912 | train_f1: 0.9908 | val_loss: 0.7737 | val_acc: 0.9395 | val_f1: 0.9404 | lr: 0.000051
[25-07-03 22:40:19] [INFO] 
--- Fold 1 | Epoch 11/20 ---
[25-07-03 22:42:31] [INFO] 💾 Fold 1 Best model updated! F1: 0.9477
[25-07-03 22:42:31] [INFO] train_loss: 0.6623 | train_acc: 0.9936 | train_f1: 0.9938 | val_loss: 0.7873 | val_acc: 0.9459 | val_f1: 0.9477 | lr: 0.000043
[25-07-03 22:42:31] [INFO] 
--- Fold 1 | Epoch 12/20 ---
[25-07-03 22:44:49] [INFO] train_loss: 0.6580 | train_acc: 0.9936 | train_f1: 0.9930 | val_loss: 0.7745 | val_acc: 0.9299 | val_f1: 0.9293 | lr: 0.000035
[25-07-03 22:44:49] [INFO] 
--- Fold 1 | Epoch 13/20 ---
[25-07-03 22:47:16] [INFO] train_loss: 0.6547 | train_acc: 0.9912 | train_f1: 0.9908 | val_loss: 0.7574 | val_acc: 0.9427 | val_f1: 0.9424 | lr: 0.000028
[25-07-03 22:47:16] [INFO] 
--- Fold 1 | Epoch 14/20 ---
[25-07-03 22:49:37] [INFO] train_loss: 0.6440 | train_acc: 0.9944 | train_f1: 0.9944 | val_loss: 0.7783 | val_acc: 0.9427 | val_f1: 0.9441 | lr: 0.000021
[25-07-03 22:49:37] [INFO] 
--- Fold 1 | Epoch 15/20 ---
[25-07-03 22:54:08] [INFO] train_loss: 0.6457 | train_acc: 0.9944 | train_f1: 0.9934 | val_loss: 0.7710 | val_acc: 0.9459 | val_f1: 0.9471 | lr: 0.000015
[25-07-03 22:54:08] [INFO] 
--- Fold 1 | Epoch 16/20 ---
[25-07-03 23:02:06] [INFO] train_loss: 0.6412 | train_acc: 0.9984 | train_f1: 0.9982 | val_loss: 0.7713 | val_acc: 0.9395 | val_f1: 0.9398 | lr: 0.000010
[25-07-03 23:02:06] [INFO] 
--- Fold 1 | Epoch 17/20 ---
[25-07-03 23:10:34] [INFO] train_loss: 0.6378 | train_acc: 0.9968 | train_f1: 0.9967 | val_loss: 0.7712 | val_acc: 0.9395 | val_f1: 0.9396 | lr: 0.000006
[25-07-03 23:10:34] [INFO] 
--- Fold 1 | Epoch 18/20 ---
[25-07-03 23:18:27] [INFO] train_loss: 0.6331 | train_acc: 0.9992 | train_f1: 0.9989 | val_loss: 0.7680 | val_acc: 0.9459 | val_f1: 0.9454 | lr: 0.000003
[25-07-03 23:18:27] [INFO] 
--- Fold 1 | Epoch 19/20 ---
[25-07-03 23:26:25] [INFO] train_loss: 0.6355 | train_acc: 0.9984 | train_f1: 0.9985 | val_loss: 0.7709 | val_acc: 0.9459 | val_f1: 0.9454 | lr: 0.000002
[25-07-03 23:26:25] [INFO] 
--- Fold 1 | Epoch 20/20 ---
[25-07-03 23:32:16] [INFO] train_loss: 0.6333 | train_acc: 0.9984 | train_f1: 0.9978 | val_loss: 0.7825 | val_acc: 0.9427 | val_f1: 0.9407 | lr: 0.000001
[25-07-03 23:32:16] [INFO] 
🎯 Fold 1 completed! Best F1: 0.9477
[25-07-03 23:32:17] [INFO] 
============================================================
[25-07-03 23:32:17] [INFO] 🔥 FOLD 2/5
[25-07-03 23:32:17] [INFO] ============================================================
[25-07-03 23:32:17] [INFO] 📚 Train samples: 1256
[25-07-03 23:32:17] [INFO] 📝 Validation samples: 314
[25-07-03 23:32:28] [INFO] 🏗️ Model: tf_efficientnetv2_xl
[25-07-03 23:32:28] [INFO] 🔢 Number of parameters: 206,860,585
[25-07-03 23:32:28] [INFO] 🚀 Starting Fold 2 training...
[25-07-03 23:32:28] [INFO] 
--- Fold 2 | Epoch 1/20 ---
[25-07-03 23:38:15] [INFO] 💾 Fold 2 Best model updated! F1: 0.9078
[25-07-03 23:38:15] [INFO] train_loss: 1.7773 | train_acc: 0.6768 | train_f1: 0.6596 | val_loss: 0.9780 | val_acc: 0.9172 | val_f1: 0.9078 | lr: 0.000099
[25-07-03 23:38:15] [INFO] 
--- Fold 2 | Epoch 2/20 ---
[25-07-03 23:46:15] [INFO] train_loss: 0.9721 | train_acc: 0.8822 | train_f1: 0.8682 | val_loss: 0.9083 | val_acc: 0.9045 | val_f1: 0.8913 | lr: 0.000098
[25-07-03 23:46:15] [INFO] 
--- Fold 2 | Epoch 3/20 ---
[25-07-03 23:53:06] [INFO] 💾 Fold 2 Best model updated! F1: 0.9117
[25-07-03 23:53:06] [INFO] train_loss: 0.8747 | train_acc: 0.9196 | train_f1: 0.9104 | val_loss: 0.8563 | val_acc: 0.9236 | val_f1: 0.9117 | lr: 0.000095
[25-07-03 23:53:06] [INFO] 
--- Fold 2 | Epoch 4/20 ---
[25-07-03 23:58:49] [INFO] 💾 Fold 2 Best model updated! F1: 0.9257
[25-07-03 23:58:49] [INFO] train_loss: 0.8041 | train_acc: 0.9427 | train_f1: 0.9383 | val_loss: 0.8080 | val_acc: 0.9299 | val_f1: 0.9257 | lr: 0.000091
[25-07-03 23:58:49] [INFO] 
--- Fold 2 | Epoch 5/20 ---
[25-07-04 00:04:43] [INFO] train_loss: 0.7728 | train_acc: 0.9570 | train_f1: 0.9545 | val_loss: 0.8250 | val_acc: 0.9204 | val_f1: 0.9093 | lr: 0.000086
[25-07-04 00:04:43] [INFO] 
--- Fold 2 | Epoch 6/20 ---
[25-07-04 00:13:52] [INFO] 💾 Fold 2 Best model updated! F1: 0.9438
[25-07-04 00:13:52] [INFO] train_loss: 0.7312 | train_acc: 0.9666 | train_f1: 0.9665 | val_loss: 0.7794 | val_acc: 0.9490 | val_f1: 0.9438 | lr: 0.000080
[25-07-04 00:13:52] [INFO] 
--- Fold 2 | Epoch 7/20 ---
[25-07-04 00:19:54] [INFO] train_loss: 0.7206 | train_acc: 0.9745 | train_f1: 0.9727 | val_loss: 0.7791 | val_acc: 0.9459 | val_f1: 0.9418 | lr: 0.000073
[25-07-04 00:19:54] [INFO] 
--- Fold 2 | Epoch 8/20 ---
[25-07-04 00:30:48] [INFO] 💾 Fold 2 Best model updated! F1: 0.9615
[25-07-04 00:30:48] [INFO] train_loss: 0.7028 | train_acc: 0.9769 | train_f1: 0.9760 | val_loss: 0.7688 | val_acc: 0.9618 | val_f1: 0.9615 | lr: 0.000066
[25-07-04 00:30:48] [INFO] 
--- Fold 2 | Epoch 9/20 ---
[25-07-04 00:43:25] [INFO] train_loss: 0.6862 | train_acc: 0.9825 | train_f1: 0.9823 | val_loss: 0.7556 | val_acc: 0.9490 | val_f1: 0.9468 | lr: 0.000058
[25-07-04 00:43:25] [INFO] 
--- Fold 2 | Epoch 10/20 ---
[25-07-04 00:51:25] [INFO] train_loss: 0.6704 | train_acc: 0.9912 | train_f1: 0.9904 | val_loss: 0.7667 | val_acc: 0.9522 | val_f1: 0.9469 | lr: 0.000051
[25-07-04 00:51:25] [INFO] 
--- Fold 2 | Epoch 11/20 ---
[25-07-04 01:02:05] [INFO] train_loss: 0.6690 | train_acc: 0.9857 | train_f1: 0.9852 | val_loss: 0.7717 | val_acc: 0.9490 | val_f1: 0.9466 | lr: 0.000043
[25-07-04 01:02:05] [INFO] 
--- Fold 2 | Epoch 12/20 ---
[25-07-04 01:09:05] [INFO] train_loss: 0.6592 | train_acc: 0.9920 | train_f1: 0.9915 | val_loss: 0.7577 | val_acc: 0.9554 | val_f1: 0.9528 | lr: 0.000035
[25-07-04 01:09:05] [INFO] 
--- Fold 2 | Epoch 13/20 ---
[25-07-04 01:17:33] [INFO] train_loss: 0.6596 | train_acc: 0.9928 | train_f1: 0.9919 | val_loss: 0.7889 | val_acc: 0.9459 | val_f1: 0.9441 | lr: 0.000028
[25-07-04 01:17:33] [INFO] 
--- Fold 2 | Epoch 14/20 ---
[25-07-04 01:23:35] [INFO] train_loss: 0.6575 | train_acc: 0.9873 | train_f1: 0.9870 | val_loss: 0.7680 | val_acc: 0.9490 | val_f1: 0.9468 | lr: 0.000021
[25-07-04 01:23:35] [INFO] 
--- Fold 2 | Epoch 15/20 ---
[25-07-04 01:32:31] [INFO] train_loss: 0.6429 | train_acc: 0.9976 | train_f1: 0.9974 | val_loss: 0.7574 | val_acc: 0.9586 | val_f1: 0.9575 | lr: 0.000015
[25-07-04 01:32:31] [INFO] 
--- Fold 2 | Epoch 16/20 ---
[25-07-04 01:39:13] [INFO] train_loss: 0.6437 | train_acc: 0.9976 | train_f1: 0.9978 | val_loss: 0.7529 | val_acc: 0.9586 | val_f1: 0.9580 | lr: 0.000010
[25-07-04 01:39:13] [INFO] 
--- Fold 2 | Epoch 17/20 ---
[25-07-04 01:45:14] [INFO] train_loss: 0.6385 | train_acc: 0.9952 | train_f1: 0.9952 | val_loss: 0.7569 | val_acc: 0.9586 | val_f1: 0.9580 | lr: 0.000006
[25-07-04 01:45:14] [INFO] 
--- Fold 2 | Epoch 18/20 ---
[25-07-04 01:51:39] [INFO] train_loss: 0.6355 | train_acc: 0.9976 | train_f1: 0.9974 | val_loss: 0.7570 | val_acc: 0.9586 | val_f1: 0.9580 | lr: 0.000003
[25-07-04 01:51:39] [INFO] 
--- Fold 2 | Epoch 19/20 ---
[25-07-04 02:03:10] [INFO] train_loss: 0.6340 | train_acc: 0.9984 | train_f1: 0.9982 | val_loss: 0.7512 | val_acc: 0.9618 | val_f1: 0.9612 | lr: 0.000002
[25-07-04 02:03:10] [INFO] 
--- Fold 2 | Epoch 20/20 ---
[25-07-04 02:13:13] [INFO] 💾 Fold 2 Best model updated! F1: 0.9642
[25-07-04 02:13:13] [INFO] train_loss: 0.6365 | train_acc: 0.9952 | train_f1: 0.9952 | val_loss: 0.7479 | val_acc: 0.9650 | val_f1: 0.9642 | lr: 0.000001
[25-07-04 02:13:13] [INFO] 
🎯 Fold 2 completed! Best F1: 0.9642
[25-07-04 02:13:14] [INFO] 
============================================================
[25-07-04 02:13:14] [INFO] 🔥 FOLD 3/5
[25-07-04 02:13:14] [INFO] ============================================================
[25-07-04 02:13:14] [INFO] 📚 Train samples: 1256
[25-07-04 02:13:14] [INFO] 📝 Validation samples: 314
[25-07-04 02:13:27] [INFO] 🏗️ Model: tf_efficientnetv2_xl
[25-07-04 02:13:27] [INFO] 🔢 Number of parameters: 206,860,585
[25-07-04 02:13:27] [INFO] 🚀 Starting Fold 3 training...
[25-07-04 02:13:27] [INFO] 
--- Fold 3 | Epoch 1/20 ---
[25-07-04 02:19:31] [INFO] 💾 Fold 3 Best model updated! F1: 0.8685
[25-07-04 02:19:31] [INFO] train_loss: 1.6673 | train_acc: 0.6799 | train_f1: 0.6591 | val_loss: 0.9771 | val_acc: 0.8949 | val_f1: 0.8685 | lr: 0.000099
[25-07-04 02:19:31] [INFO] 
--- Fold 3 | Epoch 2/20 ---
[25-07-04 02:25:02] [INFO] 💾 Fold 3 Best model updated! F1: 0.8899
[25-07-04 02:25:02] [INFO] train_loss: 0.9760 | train_acc: 0.8726 | train_f1: 0.8608 | val_loss: 0.9178 | val_acc: 0.9076 | val_f1: 0.8899 | lr: 0.000098
[25-07-04 02:25:02] [INFO] 
--- Fold 3 | Epoch 3/20 ---
[25-07-04 02:33:16] [INFO] 💾 Fold 3 Best model updated! F1: 0.9278
[25-07-04 02:33:16] [INFO] train_loss: 0.8558 | train_acc: 0.9148 | train_f1: 0.9097 | val_loss: 0.8288 | val_acc: 0.9363 | val_f1: 0.9278 | lr: 0.000095
[25-07-04 02:33:16] [INFO] 
--- Fold 3 | Epoch 4/20 ---
[25-07-04 02:40:13] [INFO] 💾 Fold 3 Best model updated! F1: 0.9373
[25-07-04 02:40:13] [INFO] train_loss: 0.8043 | train_acc: 0.9403 | train_f1: 0.9365 | val_loss: 0.8091 | val_acc: 0.9427 | val_f1: 0.9373 | lr: 0.000091
[25-07-04 02:40:13] [INFO] 
--- Fold 3 | Epoch 5/20 ---
[25-07-04 02:46:34] [INFO] 💾 Fold 3 Best model updated! F1: 0.9442
[25-07-04 02:46:34] [INFO] train_loss: 0.7694 | train_acc: 0.9498 | train_f1: 0.9490 | val_loss: 0.7851 | val_acc: 0.9459 | val_f1: 0.9442 | lr: 0.000086
[25-07-04 02:46:34] [INFO] 
--- Fold 3 | Epoch 6/20 ---
[25-07-04 02:54:33] [INFO] train_loss: 0.7314 | train_acc: 0.9602 | train_f1: 0.9603 | val_loss: 0.7882 | val_acc: 0.9395 | val_f1: 0.9395 | lr: 0.000080
[25-07-04 02:54:33] [INFO] 
--- Fold 3 | Epoch 7/20 ---
[25-07-04 03:03:01] [INFO] train_loss: 0.7194 | train_acc: 0.9658 | train_f1: 0.9652 | val_loss: 0.7799 | val_acc: 0.9299 | val_f1: 0.9265 | lr: 0.000073
[25-07-04 03:03:01] [INFO] 
--- Fold 3 | Epoch 8/20 ---
[25-07-04 03:10:46] [INFO] train_loss: 0.7099 | train_acc: 0.9745 | train_f1: 0.9721 | val_loss: 0.7944 | val_acc: 0.9331 | val_f1: 0.9295 | lr: 0.000066
[25-07-04 03:10:46] [INFO] 
--- Fold 3 | Epoch 9/20 ---
[25-07-04 03:17:38] [INFO] train_loss: 0.6836 | train_acc: 0.9857 | train_f1: 0.9844 | val_loss: 0.7734 | val_acc: 0.9427 | val_f1: 0.9441 | lr: 0.000058
[25-07-04 03:17:38] [INFO] 
--- Fold 3 | Epoch 10/20 ---
[25-07-04 03:26:23] [INFO] train_loss: 0.6806 | train_acc: 0.9833 | train_f1: 0.9823 | val_loss: 0.7763 | val_acc: 0.9459 | val_f1: 0.9405 | lr: 0.000051
[25-07-04 03:26:23] [INFO] 
--- Fold 3 | Epoch 11/20 ---
[25-07-04 03:32:33] [INFO] train_loss: 0.6722 | train_acc: 0.9912 | train_f1: 0.9905 | val_loss: 0.7543 | val_acc: 0.9395 | val_f1: 0.9351 | lr: 0.000043
[25-07-04 03:32:33] [INFO] 
--- Fold 3 | Epoch 12/20 ---
[25-07-04 03:38:34] [INFO] 💾 Fold 3 Best model updated! F1: 0.9506
[25-07-04 03:38:34] [INFO] train_loss: 0.6559 | train_acc: 0.9920 | train_f1: 0.9911 | val_loss: 0.7688 | val_acc: 0.9522 | val_f1: 0.9506 | lr: 0.000035
[25-07-04 03:38:34] [INFO] 
--- Fold 3 | Epoch 13/20 ---
[25-07-04 03:47:11] [INFO] train_loss: 0.6512 | train_acc: 0.9928 | train_f1: 0.9923 | val_loss: 0.7806 | val_acc: 0.9459 | val_f1: 0.9454 | lr: 0.000028
[25-07-04 03:47:11] [INFO] 
--- Fold 3 | Epoch 14/20 ---
[25-07-04 04:00:02] [INFO] train_loss: 0.6477 | train_acc: 0.9944 | train_f1: 0.9937 | val_loss: 0.7738 | val_acc: 0.9395 | val_f1: 0.9362 | lr: 0.000021
[25-07-04 04:00:02] [INFO] 
--- Fold 3 | Epoch 15/20 ---
[25-07-04 04:10:40] [INFO] train_loss: 0.6525 | train_acc: 0.9896 | train_f1: 0.9881 | val_loss: 0.7716 | val_acc: 0.9427 | val_f1: 0.9375 | lr: 0.000015
[25-07-04 04:10:40] [INFO] 
--- Fold 3 | Epoch 16/20 ---
[25-07-04 04:16:57] [INFO] train_loss: 0.6439 | train_acc: 0.9968 | train_f1: 0.9963 | val_loss: 0.7606 | val_acc: 0.9459 | val_f1: 0.9463 | lr: 0.000010
[25-07-04 04:16:57] [INFO] 
--- Fold 3 | Epoch 17/20 ---
[25-07-04 04:24:30] [INFO] train_loss: 0.6365 | train_acc: 0.9976 | train_f1: 0.9974 | val_loss: 0.7590 | val_acc: 0.9363 | val_f1: 0.9335 | lr: 0.000006
[25-07-04 04:24:30] [INFO] 
--- Fold 3 | Epoch 18/20 ---
[25-07-04 04:36:17] [INFO] train_loss: 0.6352 | train_acc: 0.9968 | train_f1: 0.9963 | val_loss: 0.7666 | val_acc: 0.9363 | val_f1: 0.9332 | lr: 0.000003
[25-07-04 04:36:17] [INFO] 
--- Fold 3 | Epoch 19/20 ---
[25-07-04 04:48:11] [INFO] train_loss: 0.6359 | train_acc: 0.9976 | train_f1: 0.9978 | val_loss: 0.7638 | val_acc: 0.9395 | val_f1: 0.9371 | lr: 0.000002
[25-07-04 04:48:11] [INFO] 
--- Fold 3 | Epoch 20/20 ---
[25-07-04 04:55:46] [INFO] train_loss: 0.6375 | train_acc: 0.9968 | train_f1: 0.9964 | val_loss: 0.7650 | val_acc: 0.9427 | val_f1: 0.9391 | lr: 0.000001
[25-07-04 04:55:46] [INFO] 
🎯 Fold 3 completed! Best F1: 0.9506
[25-07-04 04:55:47] [INFO] 
============================================================
[25-07-04 04:55:47] [INFO] 🔥 FOLD 4/5
[25-07-04 04:55:47] [INFO] ============================================================
[25-07-04 04:55:47] [INFO] 📚 Train samples: 1256
[25-07-04 04:55:47] [INFO] 📝 Validation samples: 314
[25-07-04 04:56:14] [INFO] 🏗️ Model: tf_efficientnetv2_xl
[25-07-04 04:56:14] [INFO] 🔢 Number of parameters: 206,860,585
[25-07-04 04:56:14] [INFO] 🚀 Starting Fold 4 training...
[25-07-04 04:56:14] [INFO] 
--- Fold 4 | Epoch 1/20 ---
[25-07-04 05:02:27] [INFO] 💾 Fold 4 Best model updated! F1: 0.8364
[25-07-04 05:02:27] [INFO] train_loss: 1.8672 | train_acc: 0.6481 | train_f1: 0.6316 | val_loss: 1.0119 | val_acc: 0.8726 | val_f1: 0.8364 | lr: 0.000099
[25-07-04 05:02:27] [INFO] 
--- Fold 4 | Epoch 2/20 ---
[25-07-04 05:08:06] [INFO] 💾 Fold 4 Best model updated! F1: 0.8848
[25-07-04 05:08:06] [INFO] train_loss: 0.9688 | train_acc: 0.8766 | train_f1: 0.8654 | val_loss: 0.9229 | val_acc: 0.9108 | val_f1: 0.8848 | lr: 0.000098
[25-07-04 05:08:06] [INFO] 
--- Fold 4 | Epoch 3/20 ---
[25-07-04 05:14:45] [INFO] 💾 Fold 4 Best model updated! F1: 0.9078
[25-07-04 05:14:45] [INFO] train_loss: 0.8712 | train_acc: 0.9164 | train_f1: 0.9100 | val_loss: 0.8571 | val_acc: 0.9172 | val_f1: 0.9078 | lr: 0.000095
[25-07-04 05:14:45] [INFO] 
--- Fold 4 | Epoch 4/20 ---
[25-07-04 05:22:08] [INFO] train_loss: 0.8128 | train_acc: 0.9371 | train_f1: 0.9329 | val_loss: 0.8474 | val_acc: 0.9108 | val_f1: 0.9073 | lr: 0.000091
[25-07-04 05:22:08] [INFO] 
--- Fold 4 | Epoch 5/20 ---
[25-07-04 05:27:30] [INFO] 💾 Fold 4 Best model updated! F1: 0.9176
[25-07-04 05:27:30] [INFO] train_loss: 0.7628 | train_acc: 0.9594 | train_f1: 0.9575 | val_loss: 0.8451 | val_acc: 0.9268 | val_f1: 0.9176 | lr: 0.000086
[25-07-04 05:27:30] [INFO] 
--- Fold 4 | Epoch 6/20 ---
[25-07-04 05:32:51] [INFO] 💾 Fold 4 Best model updated! F1: 0.9249
[25-07-04 05:32:51] [INFO] train_loss: 0.7376 | train_acc: 0.9618 | train_f1: 0.9613 | val_loss: 0.8370 | val_acc: 0.9363 | val_f1: 0.9249 | lr: 0.000080
[25-07-04 05:32:51] [INFO] 
--- Fold 4 | Epoch 7/20 ---
[25-07-04 05:40:07] [INFO] train_loss: 0.7132 | train_acc: 0.9761 | train_f1: 0.9737 | val_loss: 0.8227 | val_acc: 0.9204 | val_f1: 0.9119 | lr: 0.000073
[25-07-04 05:40:07] [INFO] 
--- Fold 4 | Epoch 8/20 ---
[25-07-04 05:45:57] [INFO] 💾 Fold 4 Best model updated! F1: 0.9370
[25-07-04 05:45:57] [INFO] train_loss: 0.7043 | train_acc: 0.9737 | train_f1: 0.9719 | val_loss: 0.7801 | val_acc: 0.9395 | val_f1: 0.9370 | lr: 0.000066
[25-07-04 05:45:57] [INFO] 
--- Fold 4 | Epoch 9/20 ---
[25-07-04 05:51:15] [INFO] 💾 Fold 4 Best model updated! F1: 0.9482
[25-07-04 05:51:15] [INFO] train_loss: 0.6896 | train_acc: 0.9785 | train_f1: 0.9786 | val_loss: 0.7696 | val_acc: 0.9490 | val_f1: 0.9482 | lr: 0.000058
[25-07-04 05:51:15] [INFO] 
--- Fold 4 | Epoch 10/20 ---
[25-07-04 05:57:05] [INFO] 💾 Fold 4 Best model updated! F1: 0.9520
[25-07-04 05:57:05] [INFO] train_loss: 0.6792 | train_acc: 0.9817 | train_f1: 0.9805 | val_loss: 0.7713 | val_acc: 0.9554 | val_f1: 0.9520 | lr: 0.000051
[25-07-04 05:57:05] [INFO] 
--- Fold 4 | Epoch 11/20 ---
[25-07-04 06:03:28] [INFO] train_loss: 0.6764 | train_acc: 0.9857 | train_f1: 0.9827 | val_loss: 0.7598 | val_acc: 0.9490 | val_f1: 0.9427 | lr: 0.000043
[25-07-04 06:03:28] [INFO] 
--- Fold 4 | Epoch 12/20 ---
[25-07-04 06:08:31] [INFO] train_loss: 0.6660 | train_acc: 0.9873 | train_f1: 0.9853 | val_loss: 0.7888 | val_acc: 0.9363 | val_f1: 0.9298 | lr: 0.000035
[25-07-04 06:08:31] [INFO] 
--- Fold 4 | Epoch 13/20 ---
[25-07-04 06:14:03] [INFO] train_loss: 0.6592 | train_acc: 0.9889 | train_f1: 0.9882 | val_loss: 0.7805 | val_acc: 0.9363 | val_f1: 0.9287 | lr: 0.000028
[25-07-04 06:14:03] [INFO] 
--- Fold 4 | Epoch 14/20 ---
[25-07-04 06:21:10] [INFO] train_loss: 0.6457 | train_acc: 0.9976 | train_f1: 0.9978 | val_loss: 0.7659 | val_acc: 0.9490 | val_f1: 0.9478 | lr: 0.000021
[25-07-04 06:21:10] [INFO] 
--- Fold 4 | Epoch 15/20 ---
[25-07-04 06:27:04] [INFO] train_loss: 0.6477 | train_acc: 0.9936 | train_f1: 0.9934 | val_loss: 0.7489 | val_acc: 0.9395 | val_f1: 0.9357 | lr: 0.000015
[25-07-04 06:27:04] [INFO] 
--- Fold 4 | Epoch 16/20 ---
[25-07-04 06:32:10] [INFO] train_loss: 0.6432 | train_acc: 0.9952 | train_f1: 0.9945 | val_loss: 0.7489 | val_acc: 0.9395 | val_f1: 0.9354 | lr: 0.000010
[25-07-04 06:32:10] [INFO] 
--- Fold 4 | Epoch 17/20 ---
[25-07-04 06:37:42] [INFO] train_loss: 0.6423 | train_acc: 0.9952 | train_f1: 0.9941 | val_loss: 0.7528 | val_acc: 0.9490 | val_f1: 0.9459 | lr: 0.000006
[25-07-04 06:37:42] [INFO] 
--- Fold 4 | Epoch 18/20 ---
[25-07-04 06:44:26] [INFO] train_loss: 0.6422 | train_acc: 0.9944 | train_f1: 0.9941 | val_loss: 0.7602 | val_acc: 0.9459 | val_f1: 0.9430 | lr: 0.000003
[25-07-04 06:44:26] [INFO] 
--- Fold 4 | Epoch 19/20 ---
[25-07-04 06:49:32] [INFO] train_loss: 0.6375 | train_acc: 0.9960 | train_f1: 0.9956 | val_loss: 0.7514 | val_acc: 0.9427 | val_f1: 0.9393 | lr: 0.000002
[25-07-04 06:49:32] [INFO] 
--- Fold 4 | Epoch 20/20 ---
[25-07-04 06:54:29] [INFO] train_loss: 0.6358 | train_acc: 0.9960 | train_f1: 0.9952 | val_loss: 0.7467 | val_acc: 0.9459 | val_f1: 0.9422 | lr: 0.000001
[25-07-04 06:54:29] [INFO] 
🎯 Fold 4 completed! Best F1: 0.9520
[25-07-04 06:54:29] [INFO] 
============================================================
[25-07-04 06:54:29] [INFO] 🔥 FOLD 5/5
[25-07-04 06:54:29] [INFO] ============================================================
[25-07-04 06:54:29] [INFO] 📚 Train samples: 1256
[25-07-04 06:54:29] [INFO] 📝 Validation samples: 314
[25-07-04 06:54:41] [INFO] 🏗️ Model: tf_efficientnetv2_xl
[25-07-04 06:54:41] [INFO] 🔢 Number of parameters: 206,860,585
[25-07-04 06:54:41] [INFO] 🚀 Starting Fold 5 training...
[25-07-04 06:54:41] [INFO] 
--- Fold 5 | Epoch 1/20 ---
[25-07-04 07:00:46] [INFO] 💾 Fold 5 Best model updated! F1: 0.8417
[25-07-04 07:00:46] [INFO] train_loss: 1.7924 | train_acc: 0.6672 | train_f1: 0.6434 | val_loss: 1.0092 | val_acc: 0.8535 | val_f1: 0.8417 | lr: 0.000099
[25-07-04 07:00:46] [INFO] 
--- Fold 5 | Epoch 2/20 ---
[25-07-04 07:07:06] [INFO] 💾 Fold 5 Best model updated! F1: 0.9136
[25-07-04 07:07:06] [INFO] train_loss: 0.9575 | train_acc: 0.8877 | train_f1: 0.8824 | val_loss: 0.8728 | val_acc: 0.9236 | val_f1: 0.9136 | lr: 0.000098
[25-07-04 07:07:06] [INFO] 
--- Fold 5 | Epoch 3/20 ---
[25-07-04 07:16:44] [INFO] 💾 Fold 5 Best model updated! F1: 0.9199
[25-07-04 07:16:44] [INFO] train_loss: 0.8655 | train_acc: 0.9164 | train_f1: 0.9073 | val_loss: 0.8536 | val_acc: 0.9299 | val_f1: 0.9199 | lr: 0.000095
[25-07-04 07:16:44] [INFO] 
--- Fold 5 | Epoch 4/20 ---
[25-07-04 07:26:02] [INFO] train_loss: 0.8229 | train_acc: 0.9331 | train_f1: 0.9274 | val_loss: 0.8353 | val_acc: 0.9172 | val_f1: 0.8999 | lr: 0.000091
[25-07-04 07:26:02] [INFO] 
--- Fold 5 | Epoch 5/20 ---
[25-07-04 07:33:09] [INFO] 💾 Fold 5 Best model updated! F1: 0.9391
[25-07-04 07:33:09] [INFO] train_loss: 0.7572 | train_acc: 0.9618 | train_f1: 0.9569 | val_loss: 0.7929 | val_acc: 0.9427 | val_f1: 0.9391 | lr: 0.000086
[25-07-04 07:33:09] [INFO] 
--- Fold 5 | Epoch 6/20 ---
[25-07-04 07:39:21] [INFO] train_loss: 0.7418 | train_acc: 0.9642 | train_f1: 0.9628 | val_loss: 0.8255 | val_acc: 0.9140 | val_f1: 0.9062 | lr: 0.000080
[25-07-04 07:39:21] [INFO] 
--- Fold 5 | Epoch 7/20 ---
[25-07-04 07:45:04] [INFO] train_loss: 0.7172 | train_acc: 0.9682 | train_f1: 0.9657 | val_loss: 0.8292 | val_acc: 0.9172 | val_f1: 0.9102 | lr: 0.000073
[25-07-04 07:45:04] [INFO] 
--- Fold 5 | Epoch 8/20 ---
[25-07-04 07:52:31] [INFO] train_loss: 0.6910 | train_acc: 0.9801 | train_f1: 0.9797 | val_loss: 0.7925 | val_acc: 0.9395 | val_f1: 0.9333 | lr: 0.000066
[25-07-04 07:52:31] [INFO] 
--- Fold 5 | Epoch 9/20 ---
[25-07-04 07:59:17] [INFO] train_loss: 0.6884 | train_acc: 0.9785 | train_f1: 0.9771 | val_loss: 0.7935 | val_acc: 0.9363 | val_f1: 0.9313 | lr: 0.000058
[25-07-04 07:59:17] [INFO] 
--- Fold 5 | Epoch 10/20 ---
[25-07-04 08:04:27] [INFO] train_loss: 0.6749 | train_acc: 0.9857 | train_f1: 0.9860 | val_loss: 0.7858 | val_acc: 0.9427 | val_f1: 0.9379 | lr: 0.000051
[25-07-04 08:04:27] [INFO] 
--- Fold 5 | Epoch 11/20 ---
[25-07-04 08:09:30] [INFO] 💾 Fold 5 Best model updated! F1: 0.9419
[25-07-04 08:09:30] [INFO] train_loss: 0.6679 | train_acc: 0.9896 | train_f1: 0.9897 | val_loss: 0.7860 | val_acc: 0.9459 | val_f1: 0.9419 | lr: 0.000043
[25-07-04 08:09:30] [INFO] 
--- Fold 5 | Epoch 12/20 ---
[25-07-04 08:16:47] [INFO] train_loss: 0.6568 | train_acc: 0.9920 | train_f1: 0.9919 | val_loss: 0.7883 | val_acc: 0.9427 | val_f1: 0.9392 | lr: 0.000035
[25-07-04 08:16:47] [INFO] 
--- Fold 5 | Epoch 13/20 ---
[25-07-04 08:24:24] [INFO] train_loss: 0.6570 | train_acc: 0.9928 | train_f1: 0.9926 | val_loss: 0.7971 | val_acc: 0.9427 | val_f1: 0.9395 | lr: 0.000028
[25-07-04 08:24:24] [INFO] 
--- Fold 5 | Epoch 14/20 ---
[25-07-04 08:32:54] [INFO] train_loss: 0.6460 | train_acc: 0.9968 | train_f1: 0.9963 | val_loss: 0.7821 | val_acc: 0.9427 | val_f1: 0.9418 | lr: 0.000021
[25-07-04 08:32:54] [INFO] 
--- Fold 5 | Epoch 15/20 ---
[25-07-04 08:39:54] [INFO] train_loss: 0.6458 | train_acc: 0.9912 | train_f1: 0.9904 | val_loss: 0.7806 | val_acc: 0.9427 | val_f1: 0.9379 | lr: 0.000015
[25-07-04 08:39:54] [INFO] 
--- Fold 5 | Epoch 16/20 ---
[25-07-04 08:47:22] [INFO] 💾 Fold 5 Best model updated! F1: 0.9425
[25-07-04 08:47:22] [INFO] train_loss: 0.6409 | train_acc: 0.9976 | train_f1: 0.9974 | val_loss: 0.7835 | val_acc: 0.9459 | val_f1: 0.9425 | lr: 0.000010
[25-07-04 08:47:22] [INFO] 
--- Fold 5 | Epoch 17/20 ---
[25-07-04 08:54:38] [INFO] 💾 Fold 5 Best model updated! F1: 0.9433
[25-07-04 08:54:38] [INFO] train_loss: 0.6389 | train_acc: 0.9968 | train_f1: 0.9963 | val_loss: 0.7835 | val_acc: 0.9459 | val_f1: 0.9433 | lr: 0.000006
[25-07-04 08:54:38] [INFO] 
--- Fold 5 | Epoch 18/20 ---
[25-07-04 09:05:34] [INFO] 💾 Fold 5 Best model updated! F1: 0.9435
[25-07-04 09:05:34] [INFO] train_loss: 0.6360 | train_acc: 0.9976 | train_f1: 0.9971 | val_loss: 0.7784 | val_acc: 0.9459 | val_f1: 0.9435 | lr: 0.000003
[25-07-04 09:05:34] [INFO] 
--- Fold 5 | Epoch 19/20 ---
[25-07-04 09:17:59] [INFO] 💾 Fold 5 Best model updated! F1: 0.9441
[25-07-04 09:17:59] [INFO] train_loss: 0.6331 | train_acc: 0.9992 | train_f1: 0.9993 | val_loss: 0.7770 | val_acc: 0.9459 | val_f1: 0.9441 | lr: 0.000002
[25-07-04 09:17:59] [INFO] 
--- Fold 5 | Epoch 20/20 ---
[25-07-04 09:27:05] [INFO] train_loss: 0.6319 | train_acc: 0.9984 | train_f1: 0.9985 | val_loss: 0.7848 | val_acc: 0.9395 | val_f1: 0.9355 | lr: 0.000001
[25-07-04 09:27:05] [INFO] 
🎯 Fold 5 completed! Best F1: 0.9441
[25-07-04 09:27:07] [INFO] 
============================================================
[25-07-04 09:27:07] [INFO] 📊 K-FOLD CROSS VALIDATION RESULTS
[25-07-04 09:27:07] [INFO] ============================================================
[25-07-04 09:27:07] [INFO] 📈 Individual fold scores: ['0.9477', '0.9642', '0.9506', '0.9520', '0.9441']
[25-07-04 09:27:07] [INFO] 🎯 Mean F1 Score: 0.9517
[25-07-04 09:27:07] [INFO] 📏 Standard Deviation: 0.0068
[25-07-04 09:27:07] [INFO] 📊 Score Range: 0.9517 ± 0.0068
[25-07-04 09:27:07] [INFO] ⬇️ Min Score: 0.9441
[25-07-04 09:27:07] [INFO] ⬆️ Max Score: 0.9642
[25-07-04 09:27:07] [INFO] 
🚀 Starting Ensemble Prediction...
[25-07-04 09:28:28] [INFO] ✅ Loaded Fold 1 model
[25-07-04 09:29:47] [INFO] ✅ Loaded Fold 2 model
[25-07-04 09:31:09] [INFO] ✅ Loaded Fold 3 model
[25-07-04 09:32:38] [INFO] ✅ Loaded Fold 4 model
[25-07-04 09:34:07] [INFO] ✅ Loaded Fold 5 model
[25-07-04 09:34:07] [INFO] 
🔮 Running ensemble prediction with 5 models and TTA...
[25-07-04 09:34:07] [INFO] 🔮 Predicting with Fold 1 model...
