[25-07-08 14:06:33] [INFO] 완전한 재현성 설정이 활성화되었습니다.
[25-07-08 14:06:33] [INFO] 🌱 Random seed set to 42
[25-07-08 14:06:33] [INFO] 💻 Using device: cuda
[25-07-08 14:06:33] [INFO] 📂 Data path: /root/dev/upstageailab-cv-classification-cv_1_fork/input/data
[25-07-08 14:06:33] [INFO] 📂 Total training samples: 1570
[25-07-08 14:06:33] [INFO] 📊 Class distribution: {0: 100, 1: 46, 2: 100, 3: 100, 4: 100, 5: 100, 6: 100, 7: 100, 8: 100, 9: 100, 10: 100, 11: 100, 12: 100, 13: 74, 14: 50, 15: 100, 16: 100}
[25-07-08 14:06:33] [INFO] 
🔄 Starting 5-Fold Cross Validation Training...
[25-07-08 14:06:33] [INFO] 
============================================================
[25-07-08 14:06:33] [INFO] 🔥 FOLD 1/5
[25-07-08 14:06:33] [INFO] ============================================================
[25-07-08 14:06:33] [INFO] 📚 Train samples: 1256
[25-07-08 14:06:33] [INFO] 📝 Validation samples: 314
[25-07-08 14:06:33] [INFO] 📸 Augraphy pipeline initialized
[25-07-08 14:06:33] [INFO] 📁 Augmented cache directory: /root/dev/upstageailab-cv-classification-cv_1_fork/input/data/train/img_cache
[25-07-08 14:06:33] [INFO] 📈 Data augmented (원본 제외): 1256 → 3768 samples (증강 x3)
[25-07-08 14:06:33] [INFO] 📸 Augraphy pipeline initialized
[25-07-08 14:06:33] [INFO] 📁 Augmented cache directory: /root/dev/upstageailab-cv-classification-cv_1_fork/input/data/train/img_cache
[25-07-08 14:06:33] [INFO] 📈 Data augmented (원본 제외): 314 → 942 samples (증강 x3)
[25-07-08 14:06:35] [INFO] 🏗️ Model: efficientnetv2_rw_m
[25-07-08 14:06:35] [INFO] 🔢 Number of parameters: 51,120,043
[25-07-08 14:06:35] [INFO] 🚀 Starting Fold 1 training...
[25-07-08 14:06:35] [INFO] 
--- Fold 1 | Epoch 1/100 ---
[25-07-08 14:10:40] [INFO] 💾 Fold 1 Best model updated! F1: 0.8687
[25-07-08 14:10:40] [INFO] train_loss: 1.0884 | train_acc: 0.8230 | train_f1: 0.8071 | val_loss: 0.8898 | val_acc: 0.8896 | val_f1: 0.8687 | lr: 0.001000
[25-07-08 14:10:40] [INFO] 
📊 Epoch 1 Cache Statistics:
[25-07-08 14:10:40] [INFO] 📊 Dataset Cache Statistics:
[25-07-08 14:10:40] [INFO]    Current epoch requests: 3768
[25-07-08 14:10:40] [INFO]    Original cache hits: 2512 (66.7%)
[25-07-08 14:10:40] [INFO]    Original cache misses: 1256 (33.3%)
[25-07-08 14:10:40] [INFO]    Augmented cache hits: 0 (0.0%)
[25-07-08 14:10:40] [INFO]    Augmented cache misses: 3768 (100.0%)
[25-07-08 14:10:40] [INFO]    Disk loads: 1256
[25-07-08 14:10:40] [INFO]    Augmented saves: 3768
[25-07-08 14:10:40] [INFO]    Augmentations applied: 3768
[25-07-08 14:10:40] [INFO]    Original cache size: 1256
[25-07-08 14:10:40] [INFO]    Augmented cache size: 3768
[25-07-08 14:10:40] [INFO] 📊 Dataset Cache Statistics:
[25-07-08 14:10:40] [INFO]    Current epoch requests: 942
[25-07-08 14:10:40] [INFO]    Original cache hits: 628 (66.7%)
[25-07-08 14:10:40] [INFO]    Original cache misses: 314 (33.3%)
[25-07-08 14:10:40] [INFO]    Augmented cache hits: 0 (0.0%)
[25-07-08 14:10:40] [INFO]    Augmented cache misses: 942 (100.0%)
[25-07-08 14:10:40] [INFO]    Disk loads: 314
[25-07-08 14:10:40] [INFO]    Augmented saves: 942
[25-07-08 14:10:40] [INFO]    Augmentations applied: 942
[25-07-08 14:10:40] [INFO]    Original cache size: 314
[25-07-08 14:10:40] [INFO]    Augmented cache size: 942
[25-07-08 14:10:40] [INFO] 
--- Fold 1 | Epoch 2/100 ---
[25-07-08 14:11:13] [INFO] 💾 Fold 1 Best model updated! F1: 0.8766
[25-07-08 14:11:13] [INFO] train_loss: 0.8254 | train_acc: 0.9180 | train_f1: 0.9118 | val_loss: 0.9011 | val_acc: 0.8907 | val_f1: 0.8766 | lr: 0.000999
[25-07-08 14:11:13] [INFO] 
📊 Epoch 2 Cache Statistics:
[25-07-08 14:11:13] [INFO] 📊 Dataset Cache Statistics:
[25-07-08 14:11:13] [INFO]    Current epoch requests: 3768
[25-07-08 14:11:13] [INFO]    Original cache hits: 0 (0.0%)
[25-07-08 14:11:13] [INFO]    Original cache misses: 0 (0.0%)
[25-07-08 14:11:13] [INFO]    Augmented cache hits: 3768 (100.0%)
[25-07-08 14:11:13] [INFO]    Augmented cache misses: 0 (0.0%)
[25-07-08 14:11:13] [INFO]    Disk loads: 0
[25-07-08 14:11:13] [INFO]    Augmented saves: 0
[25-07-08 14:11:13] [INFO]    Augmentations applied: 0
[25-07-08 14:11:13] [INFO]    Original cache size: 1256
[25-07-08 14:11:13] [INFO]    Augmented cache size: 3768
[25-07-08 14:11:13] [INFO]    Cache efficiency: 100.0%
[25-07-08 14:11:13] [INFO] 📊 Dataset Cache Statistics:
[25-07-08 14:11:13] [INFO]    Current epoch requests: 942
[25-07-08 14:11:13] [INFO]    Original cache hits: 0 (0.0%)
[25-07-08 14:11:13] [INFO]    Original cache misses: 0 (0.0%)
[25-07-08 14:11:13] [INFO]    Augmented cache hits: 942 (100.0%)
[25-07-08 14:11:13] [INFO]    Augmented cache misses: 0 (0.0%)
[25-07-08 14:11:13] [INFO]    Disk loads: 0
[25-07-08 14:11:13] [INFO]    Augmented saves: 0
[25-07-08 14:11:13] [INFO]    Augmentations applied: 0
[25-07-08 14:11:13] [INFO]    Original cache size: 314
[25-07-08 14:11:13] [INFO]    Augmented cache size: 942
[25-07-08 14:11:13] [INFO]    Cache efficiency: 100.0%
[25-07-08 14:11:13] [INFO] 
--- Fold 1 | Epoch 3/100 ---
[25-07-08 14:11:46] [INFO] train_loss: 0.7780 | train_acc: 0.9480 | train_f1: 0.9459 | val_loss: 1.1634 | val_acc: 0.8248 | val_f1: 0.7920 | lr: 0.000998
[25-07-08 14:11:46] [INFO] 
📊 Epoch 3 Cache Statistics:
[25-07-08 14:11:46] [INFO] 📊 Dataset Cache Statistics:
[25-07-08 14:11:46] [INFO]    Current epoch requests: 3768
[25-07-08 14:11:46] [INFO]    Original cache hits: 0 (0.0%)
[25-07-08 14:11:46] [INFO]    Original cache misses: 0 (0.0%)
[25-07-08 14:11:46] [INFO]    Augmented cache hits: 3768 (100.0%)
[25-07-08 14:11:46] [INFO]    Augmented cache misses: 0 (0.0%)
[25-07-08 14:11:46] [INFO]    Disk loads: 0
[25-07-08 14:11:46] [INFO]    Augmented saves: 0
[25-07-08 14:11:46] [INFO]    Augmentations applied: 0
[25-07-08 14:11:46] [INFO]    Original cache size: 1256
[25-07-08 14:11:46] [INFO]    Augmented cache size: 3768
[25-07-08 14:11:46] [INFO]    Cache efficiency: 100.0%
[25-07-08 14:11:46] [INFO] 📊 Dataset Cache Statistics:
[25-07-08 14:11:46] [INFO]    Current epoch requests: 942
[25-07-08 14:11:46] [INFO]    Original cache hits: 0 (0.0%)
[25-07-08 14:11:46] [INFO]    Original cache misses: 0 (0.0%)
[25-07-08 14:11:46] [INFO]    Augmented cache hits: 942 (100.0%)
[25-07-08 14:11:46] [INFO]    Augmented cache misses: 0 (0.0%)
[25-07-08 14:11:46] [INFO]    Disk loads: 0
[25-07-08 14:11:46] [INFO]    Augmented saves: 0
[25-07-08 14:11:46] [INFO]    Augmentations applied: 0
[25-07-08 14:11:46] [INFO]    Original cache size: 314
[25-07-08 14:11:46] [INFO]    Augmented cache size: 942
[25-07-08 14:11:46] [INFO]    Cache efficiency: 100.0%
[25-07-08 14:11:46] [INFO] 
--- Fold 1 | Epoch 4/100 ---
[25-07-08 14:12:19] [INFO] 💾 Fold 1 Best model updated! F1: 0.8959
[25-07-08 14:12:19] [INFO] train_loss: 0.7940 | train_acc: 0.9437 | train_f1: 0.9399 | val_loss: 0.8775 | val_acc: 0.9055 | val_f1: 0.8959 | lr: 0.000996
[25-07-08 14:12:19] [INFO] 
📊 Epoch 4 Cache Statistics:
[25-07-08 14:12:19] [INFO] 📊 Dataset Cache Statistics:
[25-07-08 14:12:19] [INFO]    Current epoch requests: 3768
[25-07-08 14:12:19] [INFO]    Original cache hits: 0 (0.0%)
[25-07-08 14:12:19] [INFO]    Original cache misses: 0 (0.0%)
[25-07-08 14:12:19] [INFO]    Augmented cache hits: 3768 (100.0%)
[25-07-08 14:12:19] [INFO]    Augmented cache misses: 0 (0.0%)
[25-07-08 14:12:19] [INFO]    Disk loads: 0
[25-07-08 14:12:19] [INFO]    Augmented saves: 0
[25-07-08 14:12:19] [INFO]    Augmentations applied: 0
[25-07-08 14:12:19] [INFO]    Original cache size: 1256
[25-07-08 14:12:19] [INFO]    Augmented cache size: 3768
[25-07-08 14:12:19] [INFO]    Cache efficiency: 100.0%
[25-07-08 14:12:19] [INFO] 📊 Dataset Cache Statistics:
[25-07-08 14:12:19] [INFO]    Current epoch requests: 942
[25-07-08 14:12:19] [INFO]    Original cache hits: 0 (0.0%)
[25-07-08 14:12:19] [INFO]    Original cache misses: 0 (0.0%)
[25-07-08 14:12:19] [INFO]    Augmented cache hits: 942 (100.0%)
[25-07-08 14:12:19] [INFO]    Augmented cache misses: 0 (0.0%)
[25-07-08 14:12:19] [INFO]    Disk loads: 0
[25-07-08 14:12:19] [INFO]    Augmented saves: 0
[25-07-08 14:12:19] [INFO]    Augmentations applied: 0
[25-07-08 14:12:19] [INFO]    Original cache size: 314
[25-07-08 14:12:19] [INFO]    Augmented cache size: 942
[25-07-08 14:12:19] [INFO]    Cache efficiency: 100.0%
[25-07-08 14:12:19] [INFO] 
--- Fold 1 | Epoch 5/100 ---
[25-07-08 14:12:52] [INFO] train_loss: 0.7290 | train_acc: 0.9674 | train_f1: 0.9656 | val_loss: 0.8809 | val_acc: 0.8896 | val_f1: 0.8704 | lr: 0.000994
[25-07-08 14:12:52] [INFO] 
📊 Epoch 5 Cache Statistics:
[25-07-08 14:12:52] [INFO] 📊 Dataset Cache Statistics:
[25-07-08 14:12:52] [INFO]    Current epoch requests: 3768
[25-07-08 14:12:52] [INFO]    Original cache hits: 0 (0.0%)
[25-07-08 14:12:52] [INFO]    Original cache misses: 0 (0.0%)
[25-07-08 14:12:52] [INFO]    Augmented cache hits: 3768 (100.0%)
[25-07-08 14:12:52] [INFO]    Augmented cache misses: 0 (0.0%)
[25-07-08 14:12:52] [INFO]    Disk loads: 0
[25-07-08 14:12:52] [INFO]    Augmented saves: 0
[25-07-08 14:12:52] [INFO]    Augmentations applied: 0
[25-07-08 14:12:52] [INFO]    Original cache size: 1256
[25-07-08 14:12:52] [INFO]    Augmented cache size: 3768
[25-07-08 14:12:52] [INFO]    Cache efficiency: 100.0%
[25-07-08 14:12:52] [INFO] 📊 Dataset Cache Statistics:
[25-07-08 14:12:52] [INFO]    Current epoch requests: 942
[25-07-08 14:12:52] [INFO]    Original cache hits: 0 (0.0%)
[25-07-08 14:12:52] [INFO]    Original cache misses: 0 (0.0%)
[25-07-08 14:12:52] [INFO]    Augmented cache hits: 942 (100.0%)
[25-07-08 14:12:52] [INFO]    Augmented cache misses: 0 (0.0%)
[25-07-08 14:12:52] [INFO]    Disk loads: 0
[25-07-08 14:12:52] [INFO]    Augmented saves: 0
[25-07-08 14:12:52] [INFO]    Augmentations applied: 0
[25-07-08 14:12:52] [INFO]    Original cache size: 314
[25-07-08 14:12:52] [INFO]    Augmented cache size: 942
[25-07-08 14:12:52] [INFO]    Cache efficiency: 100.0%
[25-07-08 14:12:52] [INFO] 
--- Fold 1 | Epoch 6/100 ---
[25-07-08 14:13:25] [INFO] train_loss: 0.7374 | train_acc: 0.9724 | train_f1: 0.9708 | val_loss: 0.9254 | val_acc: 0.8917 | val_f1: 0.8802 | lr: 0.000991
[25-07-08 14:13:25] [INFO] 
📊 Epoch 6 Cache Statistics:
[25-07-08 14:13:25] [INFO] 📊 Dataset Cache Statistics:
[25-07-08 14:13:25] [INFO]    Current epoch requests: 3768
[25-07-08 14:13:25] [INFO]    Original cache hits: 0 (0.0%)
[25-07-08 14:13:25] [INFO]    Original cache misses: 0 (0.0%)
[25-07-08 14:13:25] [INFO]    Augmented cache hits: 3768 (100.0%)
[25-07-08 14:13:25] [INFO]    Augmented cache misses: 0 (0.0%)
[25-07-08 14:13:25] [INFO]    Disk loads: 0
[25-07-08 14:13:25] [INFO]    Augmented saves: 0
[25-07-08 14:13:25] [INFO]    Augmentations applied: 0
[25-07-08 14:13:25] [INFO]    Original cache size: 1256
[25-07-08 14:13:25] [INFO]    Augmented cache size: 3768
[25-07-08 14:13:25] [INFO]    Cache efficiency: 100.0%
[25-07-08 14:13:25] [INFO] 📊 Dataset Cache Statistics:
[25-07-08 14:13:25] [INFO]    Current epoch requests: 942
[25-07-08 14:13:25] [INFO]    Original cache hits: 0 (0.0%)
[25-07-08 14:13:25] [INFO]    Original cache misses: 0 (0.0%)
[25-07-08 14:13:25] [INFO]    Augmented cache hits: 942 (100.0%)
[25-07-08 14:13:25] [INFO]    Augmented cache misses: 0 (0.0%)
[25-07-08 14:13:25] [INFO]    Disk loads: 0
[25-07-08 14:13:25] [INFO]    Augmented saves: 0
[25-07-08 14:13:25] [INFO]    Augmentations applied: 0
[25-07-08 14:13:25] [INFO]    Original cache size: 314
[25-07-08 14:13:25] [INFO]    Augmented cache size: 942
[25-07-08 14:13:25] [INFO]    Cache efficiency: 100.0%
[25-07-08 14:13:25] [INFO] 
--- Fold 1 | Epoch 7/100 ---
[25-07-08 14:13:58] [INFO] train_loss: 0.7620 | train_acc: 0.9634 | train_f1: 0.9609 | val_loss: 0.8974 | val_acc: 0.8854 | val_f1: 0.8806 | lr: 0.000988
[25-07-08 14:13:58] [INFO] 
📊 Epoch 7 Cache Statistics:
[25-07-08 14:13:58] [INFO] 📊 Dataset Cache Statistics:
[25-07-08 14:13:58] [INFO]    Current epoch requests: 3768
[25-07-08 14:13:58] [INFO]    Original cache hits: 0 (0.0%)
[25-07-08 14:13:58] [INFO]    Original cache misses: 0 (0.0%)
[25-07-08 14:13:58] [INFO]    Augmented cache hits: 3768 (100.0%)
[25-07-08 14:13:58] [INFO]    Augmented cache misses: 0 (0.0%)
[25-07-08 14:13:58] [INFO]    Disk loads: 0
[25-07-08 14:13:58] [INFO]    Augmented saves: 0
[25-07-08 14:13:58] [INFO]    Augmentations applied: 0
[25-07-08 14:13:58] [INFO]    Original cache size: 1256
[25-07-08 14:13:58] [INFO]    Augmented cache size: 3768
[25-07-08 14:13:58] [INFO]    Cache efficiency: 100.0%
[25-07-08 14:13:58] [INFO] 📊 Dataset Cache Statistics:
[25-07-08 14:13:58] [INFO]    Current epoch requests: 942
[25-07-08 14:13:58] [INFO]    Original cache hits: 0 (0.0%)
[25-07-08 14:13:58] [INFO]    Original cache misses: 0 (0.0%)
[25-07-08 14:13:58] [INFO]    Augmented cache hits: 942 (100.0%)
[25-07-08 14:13:58] [INFO]    Augmented cache misses: 0 (0.0%)
[25-07-08 14:13:58] [INFO]    Disk loads: 0
[25-07-08 14:13:58] [INFO]    Augmented saves: 0
[25-07-08 14:13:58] [INFO]    Augmentations applied: 0
[25-07-08 14:13:58] [INFO]    Original cache size: 314
[25-07-08 14:13:58] [INFO]    Augmented cache size: 942
[25-07-08 14:13:58] [INFO]    Cache efficiency: 100.0%
[25-07-08 14:13:58] [INFO] 
--- Fold 1 | Epoch 8/100 ---
[25-07-08 14:14:31] [INFO] 💾 Fold 1 Best model updated! F1: 0.8998
[25-07-08 14:14:31] [INFO] train_loss: 0.7348 | train_acc: 0.9719 | train_f1: 0.9693 | val_loss: 0.8861 | val_acc: 0.9055 | val_f1: 0.8998 | lr: 0.000984
[25-07-08 14:14:31] [INFO] 
📊 Epoch 8 Cache Statistics:
[25-07-08 14:14:31] [INFO] 📊 Dataset Cache Statistics:
[25-07-08 14:14:31] [INFO]    Current epoch requests: 3768
[25-07-08 14:14:31] [INFO]    Original cache hits: 0 (0.0%)
[25-07-08 14:14:31] [INFO]    Original cache misses: 0 (0.0%)
[25-07-08 14:14:31] [INFO]    Augmented cache hits: 3768 (100.0%)
[25-07-08 14:14:31] [INFO]    Augmented cache misses: 0 (0.0%)
[25-07-08 14:14:31] [INFO]    Disk loads: 0
[25-07-08 14:14:31] [INFO]    Augmented saves: 0
[25-07-08 14:14:31] [INFO]    Augmentations applied: 0
[25-07-08 14:14:31] [INFO]    Original cache size: 1256
[25-07-08 14:14:31] [INFO]    Augmented cache size: 3768
[25-07-08 14:14:31] [INFO]    Cache efficiency: 100.0%
[25-07-08 14:14:31] [INFO] 📊 Dataset Cache Statistics:
[25-07-08 14:14:31] [INFO]    Current epoch requests: 942
[25-07-08 14:14:31] [INFO]    Original cache hits: 0 (0.0%)
[25-07-08 14:14:31] [INFO]    Original cache misses: 0 (0.0%)
[25-07-08 14:14:31] [INFO]    Augmented cache hits: 942 (100.0%)
[25-07-08 14:14:31] [INFO]    Augmented cache misses: 0 (0.0%)
[25-07-08 14:14:31] [INFO]    Disk loads: 0
[25-07-08 14:14:31] [INFO]    Augmented saves: 0
[25-07-08 14:14:31] [INFO]    Augmentations applied: 0
[25-07-08 14:14:31] [INFO]    Original cache size: 314
[25-07-08 14:14:31] [INFO]    Augmented cache size: 942
[25-07-08 14:14:31] [INFO]    Cache efficiency: 100.0%
[25-07-08 14:14:31] [INFO] 
--- Fold 1 | Epoch 9/100 ---
[25-07-08 14:15:04] [INFO] train_loss: 0.7000 | train_acc: 0.9841 | train_f1: 0.9827 | val_loss: 0.9066 | val_acc: 0.8885 | val_f1: 0.8869 | lr: 0.000980
[25-07-08 14:15:04] [INFO] 
📊 Epoch 9 Cache Statistics:
[25-07-08 14:15:04] [INFO] 📊 Dataset Cache Statistics:
[25-07-08 14:15:04] [INFO]    Current epoch requests: 3768
[25-07-08 14:15:04] [INFO]    Original cache hits: 0 (0.0%)
[25-07-08 14:15:04] [INFO]    Original cache misses: 0 (0.0%)
[25-07-08 14:15:04] [INFO]    Augmented cache hits: 3768 (100.0%)
[25-07-08 14:15:04] [INFO]    Augmented cache misses: 0 (0.0%)
[25-07-08 14:15:04] [INFO]    Disk loads: 0
[25-07-08 14:15:04] [INFO]    Augmented saves: 0
[25-07-08 14:15:04] [INFO]    Augmentations applied: 0
[25-07-08 14:15:04] [INFO]    Original cache size: 1256
[25-07-08 14:15:04] [INFO]    Augmented cache size: 3768
[25-07-08 14:15:04] [INFO]    Cache efficiency: 100.0%
[25-07-08 14:15:04] [INFO] 📊 Dataset Cache Statistics:
[25-07-08 14:15:04] [INFO]    Current epoch requests: 942
[25-07-08 14:15:04] [INFO]    Original cache hits: 0 (0.0%)
[25-07-08 14:15:04] [INFO]    Original cache misses: 0 (0.0%)
[25-07-08 14:15:04] [INFO]    Augmented cache hits: 942 (100.0%)
[25-07-08 14:15:04] [INFO]    Augmented cache misses: 0 (0.0%)
[25-07-08 14:15:04] [INFO]    Disk loads: 0
[25-07-08 14:15:04] [INFO]    Augmented saves: 0
[25-07-08 14:15:04] [INFO]    Augmentations applied: 0
[25-07-08 14:15:04] [INFO]    Original cache size: 314
[25-07-08 14:15:04] [INFO]    Augmented cache size: 942
[25-07-08 14:15:04] [INFO]    Cache efficiency: 100.0%
[25-07-08 14:15:04] [INFO] 
--- Fold 1 | Epoch 10/100 ---
[25-07-08 14:15:37] [INFO] train_loss: 0.7320 | train_acc: 0.9716 | train_f1: 0.9706 | val_loss: 0.9528 | val_acc: 0.8928 | val_f1: 0.8951 | lr: 0.000976
[25-07-08 14:15:37] [INFO] 
📊 Epoch 10 Cache Statistics:
[25-07-08 14:15:37] [INFO] 📊 Dataset Cache Statistics:
[25-07-08 14:15:37] [INFO]    Current epoch requests: 3768
[25-07-08 14:15:37] [INFO]    Original cache hits: 0 (0.0%)
[25-07-08 14:15:37] [INFO]    Original cache misses: 0 (0.0%)
[25-07-08 14:15:37] [INFO]    Augmented cache hits: 3768 (100.0%)
[25-07-08 14:15:37] [INFO]    Augmented cache misses: 0 (0.0%)
[25-07-08 14:15:37] [INFO]    Disk loads: 0
[25-07-08 14:15:37] [INFO]    Augmented saves: 0
[25-07-08 14:15:37] [INFO]    Augmentations applied: 0
[25-07-08 14:15:37] [INFO]    Original cache size: 1256
[25-07-08 14:15:37] [INFO]    Augmented cache size: 3768
[25-07-08 14:15:37] [INFO]    Cache efficiency: 100.0%
[25-07-08 14:15:37] [INFO] 📊 Dataset Cache Statistics:
[25-07-08 14:15:37] [INFO]    Current epoch requests: 942
[25-07-08 14:15:37] [INFO]    Original cache hits: 0 (0.0%)
[25-07-08 14:15:37] [INFO]    Original cache misses: 0 (0.0%)
[25-07-08 14:15:37] [INFO]    Augmented cache hits: 942 (100.0%)
[25-07-08 14:15:37] [INFO]    Augmented cache misses: 0 (0.0%)
[25-07-08 14:15:37] [INFO]    Disk loads: 0
[25-07-08 14:15:37] [INFO]    Augmented saves: 0
[25-07-08 14:15:37] [INFO]    Augmentations applied: 0
[25-07-08 14:15:37] [INFO]    Original cache size: 314
[25-07-08 14:15:37] [INFO]    Augmented cache size: 942
[25-07-08 14:15:37] [INFO]    Cache efficiency: 100.0%
[25-07-08 14:15:37] [INFO] 
--- Fold 1 | Epoch 11/100 ---
[25-07-08 14:16:11] [INFO] 💾 Fold 1 Best model updated! F1: 0.9249
[25-07-08 14:16:11] [INFO] train_loss: 0.7021 | train_acc: 0.9841 | train_f1: 0.9831 | val_loss: 0.8464 | val_acc: 0.9278 | val_f1: 0.9249 | lr: 0.000970
[25-07-08 14:16:11] [INFO] 
📊 Epoch 11 Cache Statistics:
[25-07-08 14:16:11] [INFO] 📊 Dataset Cache Statistics:
[25-07-08 14:16:11] [INFO]    Current epoch requests: 3768
[25-07-08 14:16:11] [INFO]    Original cache hits: 0 (0.0%)
[25-07-08 14:16:11] [INFO]    Original cache misses: 0 (0.0%)
[25-07-08 14:16:11] [INFO]    Augmented cache hits: 3768 (100.0%)
[25-07-08 14:16:11] [INFO]    Augmented cache misses: 0 (0.0%)
[25-07-08 14:16:11] [INFO]    Disk loads: 0
[25-07-08 14:16:11] [INFO]    Augmented saves: 0
[25-07-08 14:16:11] [INFO]    Augmentations applied: 0
[25-07-08 14:16:11] [INFO]    Original cache size: 1256
[25-07-08 14:16:11] [INFO]    Augmented cache size: 3768
[25-07-08 14:16:11] [INFO]    Cache efficiency: 100.0%
[25-07-08 14:16:11] [INFO] 📊 Dataset Cache Statistics:
[25-07-08 14:16:11] [INFO]    Current epoch requests: 942
[25-07-08 14:16:11] [INFO]    Original cache hits: 0 (0.0%)
[25-07-08 14:16:11] [INFO]    Original cache misses: 0 (0.0%)
[25-07-08 14:16:11] [INFO]    Augmented cache hits: 942 (100.0%)
[25-07-08 14:16:11] [INFO]    Augmented cache misses: 0 (0.0%)
[25-07-08 14:16:11] [INFO]    Disk loads: 0
[25-07-08 14:16:11] [INFO]    Augmented saves: 0
[25-07-08 14:16:11] [INFO]    Augmentations applied: 0
[25-07-08 14:16:11] [INFO]    Original cache size: 314
[25-07-08 14:16:11] [INFO]    Augmented cache size: 942
[25-07-08 14:16:11] [INFO]    Cache efficiency: 100.0%
[25-07-08 14:16:11] [INFO] 
--- Fold 1 | Epoch 12/100 ---
[25-07-08 14:16:44] [INFO] train_loss: 0.6728 | train_acc: 0.9920 | train_f1: 0.9912 | val_loss: 0.8196 | val_acc: 0.9204 | val_f1: 0.9179 | lr: 0.000965
[25-07-08 14:16:44] [INFO] 
📊 Epoch 12 Cache Statistics:
[25-07-08 14:16:44] [INFO] 📊 Dataset Cache Statistics:
[25-07-08 14:16:44] [INFO]    Current epoch requests: 3768
[25-07-08 14:16:44] [INFO]    Original cache hits: 0 (0.0%)
[25-07-08 14:16:44] [INFO]    Original cache misses: 0 (0.0%)
[25-07-08 14:16:44] [INFO]    Augmented cache hits: 3768 (100.0%)
[25-07-08 14:16:44] [INFO]    Augmented cache misses: 0 (0.0%)
[25-07-08 14:16:44] [INFO]    Disk loads: 0
[25-07-08 14:16:44] [INFO]    Augmented saves: 0
[25-07-08 14:16:44] [INFO]    Augmentations applied: 0
[25-07-08 14:16:44] [INFO]    Original cache size: 1256
[25-07-08 14:16:44] [INFO]    Augmented cache size: 3768
[25-07-08 14:16:44] [INFO]    Cache efficiency: 100.0%
[25-07-08 14:16:44] [INFO] 📊 Dataset Cache Statistics:
[25-07-08 14:16:44] [INFO]    Current epoch requests: 942
[25-07-08 14:16:44] [INFO]    Original cache hits: 0 (0.0%)
[25-07-08 14:16:44] [INFO]    Original cache misses: 0 (0.0%)
[25-07-08 14:16:44] [INFO]    Augmented cache hits: 942 (100.0%)
[25-07-08 14:16:44] [INFO]    Augmented cache misses: 0 (0.0%)
[25-07-08 14:16:44] [INFO]    Disk loads: 0
[25-07-08 14:16:44] [INFO]    Augmented saves: 0
[25-07-08 14:16:44] [INFO]    Augmentations applied: 0
[25-07-08 14:16:44] [INFO]    Original cache size: 314
[25-07-08 14:16:44] [INFO]    Augmented cache size: 942
[25-07-08 14:16:44] [INFO]    Cache efficiency: 100.0%
[25-07-08 14:16:44] [INFO] 
--- Fold 1 | Epoch 13/100 ---
[25-07-08 14:17:16] [INFO] train_loss: 0.6939 | train_acc: 0.9875 | train_f1: 0.9867 | val_loss: 0.8844 | val_acc: 0.8928 | val_f1: 0.8862 | lr: 0.000959
[25-07-08 14:17:16] [INFO] 
📊 Epoch 13 Cache Statistics:
[25-07-08 14:17:16] [INFO] 📊 Dataset Cache Statistics:
[25-07-08 14:17:16] [INFO]    Current epoch requests: 3768
[25-07-08 14:17:16] [INFO]    Original cache hits: 0 (0.0%)
[25-07-08 14:17:16] [INFO]    Original cache misses: 0 (0.0%)
[25-07-08 14:17:16] [INFO]    Augmented cache hits: 3768 (100.0%)
[25-07-08 14:17:16] [INFO]    Augmented cache misses: 0 (0.0%)
[25-07-08 14:17:16] [INFO]    Disk loads: 0
[25-07-08 14:17:16] [INFO]    Augmented saves: 0
[25-07-08 14:17:16] [INFO]    Augmentations applied: 0
[25-07-08 14:17:16] [INFO]    Original cache size: 1256
[25-07-08 14:17:16] [INFO]    Augmented cache size: 3768
[25-07-08 14:17:16] [INFO]    Cache efficiency: 100.0%
[25-07-08 14:17:16] [INFO] 📊 Dataset Cache Statistics:
[25-07-08 14:17:16] [INFO]    Current epoch requests: 942
[25-07-08 14:17:16] [INFO]    Original cache hits: 0 (0.0%)
[25-07-08 14:17:16] [INFO]    Original cache misses: 0 (0.0%)
[25-07-08 14:17:16] [INFO]    Augmented cache hits: 942 (100.0%)
[25-07-08 14:17:16] [INFO]    Augmented cache misses: 0 (0.0%)
[25-07-08 14:17:16] [INFO]    Disk loads: 0
[25-07-08 14:17:16] [INFO]    Augmented saves: 0
[25-07-08 14:17:16] [INFO]    Augmentations applied: 0
[25-07-08 14:17:16] [INFO]    Original cache size: 314
[25-07-08 14:17:16] [INFO]    Augmented cache size: 942
[25-07-08 14:17:16] [INFO]    Cache efficiency: 100.0%
[25-07-08 14:17:16] [INFO] 
--- Fold 1 | Epoch 14/100 ---
[25-07-08 14:17:50] [INFO] train_loss: 0.7698 | train_acc: 0.9620 | train_f1: 0.9593 | val_loss: 0.8619 | val_acc: 0.9193 | val_f1: 0.9167 | lr: 0.000952
[25-07-08 14:17:50] [INFO] 
📊 Epoch 14 Cache Statistics:
[25-07-08 14:17:50] [INFO] 📊 Dataset Cache Statistics:
[25-07-08 14:17:50] [INFO]    Current epoch requests: 3768
[25-07-08 14:17:50] [INFO]    Original cache hits: 0 (0.0%)
[25-07-08 14:17:50] [INFO]    Original cache misses: 0 (0.0%)
[25-07-08 14:17:50] [INFO]    Augmented cache hits: 3768 (100.0%)
[25-07-08 14:17:50] [INFO]    Augmented cache misses: 0 (0.0%)
[25-07-08 14:17:50] [INFO]    Disk loads: 0
[25-07-08 14:17:50] [INFO]    Augmented saves: 0
[25-07-08 14:17:50] [INFO]    Augmentations applied: 0
[25-07-08 14:17:50] [INFO]    Original cache size: 1256
[25-07-08 14:17:50] [INFO]    Augmented cache size: 3768
[25-07-08 14:17:50] [INFO]    Cache efficiency: 100.0%
[25-07-08 14:17:50] [INFO] 📊 Dataset Cache Statistics:
[25-07-08 14:17:50] [INFO]    Current epoch requests: 942
[25-07-08 14:17:50] [INFO]    Original cache hits: 0 (0.0%)
[25-07-08 14:17:50] [INFO]    Original cache misses: 0 (0.0%)
[25-07-08 14:17:50] [INFO]    Augmented cache hits: 942 (100.0%)
[25-07-08 14:17:50] [INFO]    Augmented cache misses: 0 (0.0%)
[25-07-08 14:17:50] [INFO]    Disk loads: 0
[25-07-08 14:17:50] [INFO]    Augmented saves: 0
[25-07-08 14:17:50] [INFO]    Augmentations applied: 0
[25-07-08 14:17:50] [INFO]    Original cache size: 314
[25-07-08 14:17:50] [INFO]    Augmented cache size: 942
[25-07-08 14:17:50] [INFO]    Cache efficiency: 100.0%
[25-07-08 14:17:50] [INFO] 
--- Fold 1 | Epoch 15/100 ---
[25-07-08 14:18:44] [INFO] train_loss: 0.6857 | train_acc: 0.9865 | train_f1: 0.9849 | val_loss: 0.9078 | val_acc: 0.8938 | val_f1: 0.8831 | lr: 0.000946
[25-07-08 14:18:44] [INFO] 
📊 Epoch 15 Cache Statistics:
[25-07-08 14:18:44] [INFO] 📊 Dataset Cache Statistics:
[25-07-08 14:18:44] [INFO]    Current epoch requests: 3768
[25-07-08 14:18:44] [INFO]    Original cache hits: 0 (0.0%)
[25-07-08 14:18:44] [INFO]    Original cache misses: 0 (0.0%)
[25-07-08 14:18:44] [INFO]    Augmented cache hits: 3768 (100.0%)
[25-07-08 14:18:44] [INFO]    Augmented cache misses: 0 (0.0%)
[25-07-08 14:18:44] [INFO]    Disk loads: 0
[25-07-08 14:18:44] [INFO]    Augmented saves: 0
[25-07-08 14:18:44] [INFO]    Augmentations applied: 0
[25-07-08 14:18:44] [INFO]    Original cache size: 1256
[25-07-08 14:18:44] [INFO]    Augmented cache size: 3768
[25-07-08 14:18:44] [INFO]    Cache efficiency: 100.0%
[25-07-08 14:18:44] [INFO] 📊 Dataset Cache Statistics:
[25-07-08 14:18:44] [INFO]    Current epoch requests: 942
[25-07-08 14:18:44] [INFO]    Original cache hits: 0 (0.0%)
[25-07-08 14:18:44] [INFO]    Original cache misses: 0 (0.0%)
[25-07-08 14:18:44] [INFO]    Augmented cache hits: 942 (100.0%)
[25-07-08 14:18:44] [INFO]    Augmented cache misses: 0 (0.0%)
[25-07-08 14:18:44] [INFO]    Disk loads: 0
[25-07-08 14:18:44] [INFO]    Augmented saves: 0
[25-07-08 14:18:44] [INFO]    Augmentations applied: 0
[25-07-08 14:18:44] [INFO]    Original cache size: 314
[25-07-08 14:18:44] [INFO]    Augmented cache size: 942
[25-07-08 14:18:44] [INFO]    Cache efficiency: 100.0%
[25-07-08 14:18:44] [INFO] 
--- Fold 1 | Epoch 16/100 ---
[25-07-08 14:19:45] [INFO] 💾 Fold 1 Best model updated! F1: 0.9278
[25-07-08 14:19:45] [INFO] train_loss: 0.6590 | train_acc: 0.9952 | train_f1: 0.9947 | val_loss: 0.7918 | val_acc: 0.9331 | val_f1: 0.9278 | lr: 0.000938
[25-07-08 14:19:45] [INFO] 
📊 Epoch 16 Cache Statistics:
[25-07-08 14:19:45] [INFO] 📊 Dataset Cache Statistics:
[25-07-08 14:19:45] [INFO]    Current epoch requests: 3768
[25-07-08 14:19:45] [INFO]    Original cache hits: 0 (0.0%)
[25-07-08 14:19:45] [INFO]    Original cache misses: 0 (0.0%)
[25-07-08 14:19:45] [INFO]    Augmented cache hits: 3768 (100.0%)
[25-07-08 14:19:45] [INFO]    Augmented cache misses: 0 (0.0%)
[25-07-08 14:19:45] [INFO]    Disk loads: 0
[25-07-08 14:19:45] [INFO]    Augmented saves: 0
[25-07-08 14:19:45] [INFO]    Augmentations applied: 0
[25-07-08 14:19:45] [INFO]    Original cache size: 1256
[25-07-08 14:19:45] [INFO]    Augmented cache size: 3768
[25-07-08 14:19:45] [INFO]    Cache efficiency: 100.0%
[25-07-08 14:19:45] [INFO] 📊 Dataset Cache Statistics:
[25-07-08 14:19:45] [INFO]    Current epoch requests: 942
[25-07-08 14:19:45] [INFO]    Original cache hits: 0 (0.0%)
[25-07-08 14:19:45] [INFO]    Original cache misses: 0 (0.0%)
[25-07-08 14:19:45] [INFO]    Augmented cache hits: 942 (100.0%)
[25-07-08 14:19:45] [INFO]    Augmented cache misses: 0 (0.0%)
[25-07-08 14:19:45] [INFO]    Disk loads: 0
[25-07-08 14:19:45] [INFO]    Augmented saves: 0
[25-07-08 14:19:45] [INFO]    Augmentations applied: 0
[25-07-08 14:19:45] [INFO]    Original cache size: 314
[25-07-08 14:19:45] [INFO]    Augmented cache size: 942
[25-07-08 14:19:45] [INFO]    Cache efficiency: 100.0%
[25-07-08 14:19:45] [INFO] 
--- Fold 1 | Epoch 17/100 ---
[25-07-08 14:20:47] [INFO] train_loss: 0.6495 | train_acc: 0.9958 | train_f1: 0.9950 | val_loss: 0.8164 | val_acc: 0.9278 | val_f1: 0.9215 | lr: 0.000930
[25-07-08 14:20:47] [INFO] 
📊 Epoch 17 Cache Statistics:
[25-07-08 14:20:47] [INFO] 📊 Dataset Cache Statistics:
[25-07-08 14:20:47] [INFO]    Current epoch requests: 3768
[25-07-08 14:20:47] [INFO]    Original cache hits: 0 (0.0%)
[25-07-08 14:20:47] [INFO]    Original cache misses: 0 (0.0%)
[25-07-08 14:20:47] [INFO]    Augmented cache hits: 3768 (100.0%)
[25-07-08 14:20:47] [INFO]    Augmented cache misses: 0 (0.0%)
[25-07-08 14:20:47] [INFO]    Disk loads: 0
[25-07-08 14:20:47] [INFO]    Augmented saves: 0
[25-07-08 14:20:47] [INFO]    Augmentations applied: 0
[25-07-08 14:20:47] [INFO]    Original cache size: 1256
[25-07-08 14:20:47] [INFO]    Augmented cache size: 3768
[25-07-08 14:20:47] [INFO]    Cache efficiency: 100.0%
[25-07-08 14:20:47] [INFO] 📊 Dataset Cache Statistics:
[25-07-08 14:20:47] [INFO]    Current epoch requests: 942
[25-07-08 14:20:47] [INFO]    Original cache hits: 0 (0.0%)
[25-07-08 14:20:47] [INFO]    Original cache misses: 0 (0.0%)
[25-07-08 14:20:47] [INFO]    Augmented cache hits: 942 (100.0%)
[25-07-08 14:20:47] [INFO]    Augmented cache misses: 0 (0.0%)
[25-07-08 14:20:47] [INFO]    Disk loads: 0
[25-07-08 14:20:47] [INFO]    Augmented saves: 0
[25-07-08 14:20:47] [INFO]    Augmentations applied: 0
[25-07-08 14:20:47] [INFO]    Original cache size: 314
[25-07-08 14:20:47] [INFO]    Augmented cache size: 942
[25-07-08 14:20:47] [INFO]    Cache efficiency: 100.0%
[25-07-08 14:20:47] [INFO] 
--- Fold 1 | Epoch 18/100 ---
[25-07-08 14:21:49] [INFO] train_loss: 0.7191 | train_acc: 0.9782 | train_f1: 0.9775 | val_loss: 0.9036 | val_acc: 0.9023 | val_f1: 0.8937 | lr: 0.000922
[25-07-08 14:21:49] [INFO] 
📊 Epoch 18 Cache Statistics:
[25-07-08 14:21:49] [INFO] 📊 Dataset Cache Statistics:
[25-07-08 14:21:49] [INFO]    Current epoch requests: 3768
[25-07-08 14:21:49] [INFO]    Original cache hits: 0 (0.0%)
[25-07-08 14:21:49] [INFO]    Original cache misses: 0 (0.0%)
[25-07-08 14:21:49] [INFO]    Augmented cache hits: 3768 (100.0%)
[25-07-08 14:21:49] [INFO]    Augmented cache misses: 0 (0.0%)
[25-07-08 14:21:49] [INFO]    Disk loads: 0
[25-07-08 14:21:49] [INFO]    Augmented saves: 0
[25-07-08 14:21:49] [INFO]    Augmentations applied: 0
[25-07-08 14:21:49] [INFO]    Original cache size: 1256
[25-07-08 14:21:49] [INFO]    Augmented cache size: 3768
[25-07-08 14:21:49] [INFO]    Cache efficiency: 100.0%
[25-07-08 14:21:49] [INFO] 📊 Dataset Cache Statistics:
[25-07-08 14:21:49] [INFO]    Current epoch requests: 942
[25-07-08 14:21:49] [INFO]    Original cache hits: 0 (0.0%)
[25-07-08 14:21:49] [INFO]    Original cache misses: 0 (0.0%)
[25-07-08 14:21:49] [INFO]    Augmented cache hits: 942 (100.0%)
[25-07-08 14:21:49] [INFO]    Augmented cache misses: 0 (0.0%)
[25-07-08 14:21:49] [INFO]    Disk loads: 0
[25-07-08 14:21:49] [INFO]    Augmented saves: 0
[25-07-08 14:21:49] [INFO]    Augmentations applied: 0
[25-07-08 14:21:49] [INFO]    Original cache size: 314
[25-07-08 14:21:49] [INFO]    Augmented cache size: 942
[25-07-08 14:21:49] [INFO]    Cache efficiency: 100.0%
[25-07-08 14:21:49] [INFO] 
--- Fold 1 | Epoch 19/100 ---
[25-07-08 14:22:50] [INFO] train_loss: 0.7116 | train_acc: 0.9806 | train_f1: 0.9789 | val_loss: 0.8610 | val_acc: 0.9108 | val_f1: 0.9072 | lr: 0.000914
[25-07-08 14:22:50] [INFO] 
📊 Epoch 19 Cache Statistics:
[25-07-08 14:22:50] [INFO] 📊 Dataset Cache Statistics:
[25-07-08 14:22:50] [INFO]    Current epoch requests: 3768
[25-07-08 14:22:50] [INFO]    Original cache hits: 0 (0.0%)
[25-07-08 14:22:50] [INFO]    Original cache misses: 0 (0.0%)
[25-07-08 14:22:50] [INFO]    Augmented cache hits: 3768 (100.0%)
[25-07-08 14:22:50] [INFO]    Augmented cache misses: 0 (0.0%)
[25-07-08 14:22:50] [INFO]    Disk loads: 0
[25-07-08 14:22:50] [INFO]    Augmented saves: 0
[25-07-08 14:22:50] [INFO]    Augmentations applied: 0
[25-07-08 14:22:50] [INFO]    Original cache size: 1256
[25-07-08 14:22:50] [INFO]    Augmented cache size: 3768
[25-07-08 14:22:50] [INFO]    Cache efficiency: 100.0%
[25-07-08 14:22:50] [INFO] 📊 Dataset Cache Statistics:
[25-07-08 14:22:50] [INFO]    Current epoch requests: 942
[25-07-08 14:22:50] [INFO]    Original cache hits: 0 (0.0%)
[25-07-08 14:22:50] [INFO]    Original cache misses: 0 (0.0%)
[25-07-08 14:22:50] [INFO]    Augmented cache hits: 942 (100.0%)
[25-07-08 14:22:50] [INFO]    Augmented cache misses: 0 (0.0%)
[25-07-08 14:22:50] [INFO]    Disk loads: 0
[25-07-08 14:22:50] [INFO]    Augmented saves: 0
[25-07-08 14:22:50] [INFO]    Augmentations applied: 0
[25-07-08 14:22:50] [INFO]    Original cache size: 314
[25-07-08 14:22:50] [INFO]    Augmented cache size: 942
[25-07-08 14:22:50] [INFO]    Cache efficiency: 100.0%
[25-07-08 14:22:50] [INFO] 
--- Fold 1 | Epoch 20/100 ---
[25-07-08 14:23:52] [INFO] train_loss: 0.6728 | train_acc: 0.9915 | train_f1: 0.9908 | val_loss: 0.9010 | val_acc: 0.9034 | val_f1: 0.8956 | lr: 0.000905
[25-07-08 14:23:52] [INFO] 
📊 Epoch 20 Cache Statistics:
[25-07-08 14:23:52] [INFO] 📊 Dataset Cache Statistics:
[25-07-08 14:23:52] [INFO]    Current epoch requests: 3768
[25-07-08 14:23:52] [INFO]    Original cache hits: 0 (0.0%)
[25-07-08 14:23:52] [INFO]    Original cache misses: 0 (0.0%)
[25-07-08 14:23:52] [INFO]    Augmented cache hits: 3768 (100.0%)
[25-07-08 14:23:52] [INFO]    Augmented cache misses: 0 (0.0%)
[25-07-08 14:23:52] [INFO]    Disk loads: 0
[25-07-08 14:23:52] [INFO]    Augmented saves: 0
[25-07-08 14:23:52] [INFO]    Augmentations applied: 0
[25-07-08 14:23:52] [INFO]    Original cache size: 1256
[25-07-08 14:23:52] [INFO]    Augmented cache size: 3768
[25-07-08 14:23:52] [INFO]    Cache efficiency: 100.0%
[25-07-08 14:23:52] [INFO] 📊 Dataset Cache Statistics:
[25-07-08 14:23:52] [INFO]    Current epoch requests: 942
[25-07-08 14:23:52] [INFO]    Original cache hits: 0 (0.0%)
[25-07-08 14:23:52] [INFO]    Original cache misses: 0 (0.0%)
[25-07-08 14:23:52] [INFO]    Augmented cache hits: 942 (100.0%)
[25-07-08 14:23:52] [INFO]    Augmented cache misses: 0 (0.0%)
[25-07-08 14:23:52] [INFO]    Disk loads: 0
[25-07-08 14:23:52] [INFO]    Augmented saves: 0
[25-07-08 14:23:52] [INFO]    Augmentations applied: 0
[25-07-08 14:23:52] [INFO]    Original cache size: 314
[25-07-08 14:23:52] [INFO]    Augmented cache size: 942
[25-07-08 14:23:52] [INFO]    Cache efficiency: 100.0%
[25-07-08 14:23:52] [INFO] 
--- Fold 1 | Epoch 21/100 ---
[25-07-08 14:24:54] [INFO] train_loss: 0.6839 | train_acc: 0.9865 | train_f1: 0.9842 | val_loss: 0.8158 | val_acc: 0.9289 | val_f1: 0.9218 | lr: 0.000895
[25-07-08 14:24:54] [INFO] 
📊 Epoch 21 Cache Statistics:
[25-07-08 14:24:54] [INFO] 📊 Dataset Cache Statistics:
[25-07-08 14:24:54] [INFO]    Current epoch requests: 3768
[25-07-08 14:24:54] [INFO]    Original cache hits: 0 (0.0%)
[25-07-08 14:24:54] [INFO]    Original cache misses: 0 (0.0%)
[25-07-08 14:24:54] [INFO]    Augmented cache hits: 3768 (100.0%)
[25-07-08 14:24:54] [INFO]    Augmented cache misses: 0 (0.0%)
[25-07-08 14:24:54] [INFO]    Disk loads: 0
[25-07-08 14:24:54] [INFO]    Augmented saves: 0
[25-07-08 14:24:54] [INFO]    Augmentations applied: 0
[25-07-08 14:24:54] [INFO]    Original cache size: 1256
[25-07-08 14:24:54] [INFO]    Augmented cache size: 3768
[25-07-08 14:24:54] [INFO]    Cache efficiency: 100.0%
[25-07-08 14:24:54] [INFO] 📊 Dataset Cache Statistics:
[25-07-08 14:24:54] [INFO]    Current epoch requests: 942
[25-07-08 14:24:54] [INFO]    Original cache hits: 0 (0.0%)
[25-07-08 14:24:54] [INFO]    Original cache misses: 0 (0.0%)
[25-07-08 14:24:54] [INFO]    Augmented cache hits: 942 (100.0%)
[25-07-08 14:24:54] [INFO]    Augmented cache misses: 0 (0.0%)
[25-07-08 14:24:54] [INFO]    Disk loads: 0
[25-07-08 14:24:54] [INFO]    Augmented saves: 0
[25-07-08 14:24:54] [INFO]    Augmentations applied: 0
[25-07-08 14:24:54] [INFO]    Original cache size: 314
[25-07-08 14:24:54] [INFO]    Augmented cache size: 942
[25-07-08 14:24:54] [INFO]    Cache efficiency: 100.0%
[25-07-08 14:24:54] [INFO] 
--- Fold 1 | Epoch 22/100 ---
[25-07-08 14:25:55] [INFO] train_loss: 0.6548 | train_acc: 0.9939 | train_f1: 0.9934 | val_loss: 0.8717 | val_acc: 0.9119 | val_f1: 0.9052 | lr: 0.000885
[25-07-08 14:25:55] [INFO] 
📊 Epoch 22 Cache Statistics:
[25-07-08 14:25:55] [INFO] 📊 Dataset Cache Statistics:
[25-07-08 14:25:55] [INFO]    Current epoch requests: 3768
[25-07-08 14:25:55] [INFO]    Original cache hits: 0 (0.0%)
[25-07-08 14:25:55] [INFO]    Original cache misses: 0 (0.0%)
[25-07-08 14:25:55] [INFO]    Augmented cache hits: 3768 (100.0%)
[25-07-08 14:25:55] [INFO]    Augmented cache misses: 0 (0.0%)
[25-07-08 14:25:55] [INFO]    Disk loads: 0
[25-07-08 14:25:55] [INFO]    Augmented saves: 0
[25-07-08 14:25:55] [INFO]    Augmentations applied: 0
[25-07-08 14:25:55] [INFO]    Original cache size: 1256
[25-07-08 14:25:55] [INFO]    Augmented cache size: 3768
[25-07-08 14:25:55] [INFO]    Cache efficiency: 100.0%
[25-07-08 14:25:55] [INFO] 📊 Dataset Cache Statistics:
[25-07-08 14:25:55] [INFO]    Current epoch requests: 942
[25-07-08 14:25:55] [INFO]    Original cache hits: 0 (0.0%)
[25-07-08 14:25:55] [INFO]    Original cache misses: 0 (0.0%)
[25-07-08 14:25:55] [INFO]    Augmented cache hits: 942 (100.0%)
[25-07-08 14:25:55] [INFO]    Augmented cache misses: 0 (0.0%)
[25-07-08 14:25:55] [INFO]    Disk loads: 0
[25-07-08 14:25:55] [INFO]    Augmented saves: 0
[25-07-08 14:25:55] [INFO]    Augmentations applied: 0
[25-07-08 14:25:55] [INFO]    Original cache size: 314
[25-07-08 14:25:55] [INFO]    Augmented cache size: 942
[25-07-08 14:25:55] [INFO]    Cache efficiency: 100.0%
[25-07-08 14:25:55] [INFO] 
--- Fold 1 | Epoch 23/100 ---
[25-07-08 14:26:56] [INFO] train_loss: 0.7162 | train_acc: 0.9796 | train_f1: 0.9787 | val_loss: 0.8649 | val_acc: 0.9183 | val_f1: 0.9149 | lr: 0.000875
[25-07-08 14:26:56] [INFO] 
📊 Epoch 23 Cache Statistics:
[25-07-08 14:26:56] [INFO] 📊 Dataset Cache Statistics:
[25-07-08 14:26:56] [INFO]    Current epoch requests: 3768
[25-07-08 14:26:56] [INFO]    Original cache hits: 0 (0.0%)
[25-07-08 14:26:56] [INFO]    Original cache misses: 0 (0.0%)
[25-07-08 14:26:56] [INFO]    Augmented cache hits: 3768 (100.0%)
[25-07-08 14:26:56] [INFO]    Augmented cache misses: 0 (0.0%)
[25-07-08 14:26:56] [INFO]    Disk loads: 0
[25-07-08 14:26:56] [INFO]    Augmented saves: 0
[25-07-08 14:26:56] [INFO]    Augmentations applied: 0
[25-07-08 14:26:56] [INFO]    Original cache size: 1256
[25-07-08 14:26:56] [INFO]    Augmented cache size: 3768
[25-07-08 14:26:56] [INFO]    Cache efficiency: 100.0%
[25-07-08 14:26:56] [INFO] 📊 Dataset Cache Statistics:
[25-07-08 14:26:56] [INFO]    Current epoch requests: 942
[25-07-08 14:26:56] [INFO]    Original cache hits: 0 (0.0%)
[25-07-08 14:26:56] [INFO]    Original cache misses: 0 (0.0%)
[25-07-08 14:26:56] [INFO]    Augmented cache hits: 942 (100.0%)
[25-07-08 14:26:56] [INFO]    Augmented cache misses: 0 (0.0%)
[25-07-08 14:26:56] [INFO]    Disk loads: 0
[25-07-08 14:26:56] [INFO]    Augmented saves: 0
[25-07-08 14:26:56] [INFO]    Augmentations applied: 0
[25-07-08 14:26:56] [INFO]    Original cache size: 314
[25-07-08 14:26:56] [INFO]    Augmented cache size: 942
[25-07-08 14:26:56] [INFO]    Cache efficiency: 100.0%
[25-07-08 14:26:56] [INFO] 
--- Fold 1 | Epoch 24/100 ---
[25-07-08 14:27:29] [INFO] train_loss: 0.6572 | train_acc: 0.9950 | train_f1: 0.9952 | val_loss: 0.8183 | val_acc: 0.9225 | val_f1: 0.9182 | lr: 0.000865
[25-07-08 14:27:29] [INFO] 
📊 Epoch 24 Cache Statistics:
[25-07-08 14:27:29] [INFO] 📊 Dataset Cache Statistics:
[25-07-08 14:27:29] [INFO]    Current epoch requests: 3768
[25-07-08 14:27:29] [INFO]    Original cache hits: 0 (0.0%)
[25-07-08 14:27:29] [INFO]    Original cache misses: 0 (0.0%)
[25-07-08 14:27:29] [INFO]    Augmented cache hits: 3768 (100.0%)
[25-07-08 14:27:29] [INFO]    Augmented cache misses: 0 (0.0%)
[25-07-08 14:27:29] [INFO]    Disk loads: 0
[25-07-08 14:27:29] [INFO]    Augmented saves: 0
[25-07-08 14:27:29] [INFO]    Augmentations applied: 0
[25-07-08 14:27:29] [INFO]    Original cache size: 1256
[25-07-08 14:27:29] [INFO]    Augmented cache size: 3768
[25-07-08 14:27:29] [INFO]    Cache efficiency: 100.0%
[25-07-08 14:27:29] [INFO] 📊 Dataset Cache Statistics:
[25-07-08 14:27:29] [INFO]    Current epoch requests: 942
[25-07-08 14:27:29] [INFO]    Original cache hits: 0 (0.0%)
[25-07-08 14:27:29] [INFO]    Original cache misses: 0 (0.0%)
[25-07-08 14:27:29] [INFO]    Augmented cache hits: 942 (100.0%)
[25-07-08 14:27:29] [INFO]    Augmented cache misses: 0 (0.0%)
[25-07-08 14:27:29] [INFO]    Disk loads: 0
[25-07-08 14:27:29] [INFO]    Augmented saves: 0
[25-07-08 14:27:29] [INFO]    Augmentations applied: 0
[25-07-08 14:27:29] [INFO]    Original cache size: 314
[25-07-08 14:27:29] [INFO]    Augmented cache size: 942
[25-07-08 14:27:29] [INFO]    Cache efficiency: 100.0%
[25-07-08 14:27:29] [INFO] 
--- Fold 1 | Epoch 25/100 ---
[25-07-08 14:28:02] [INFO] 💾 Fold 1 Best model updated! F1: 0.9322
[25-07-08 14:28:02] [INFO] train_loss: 0.6311 | train_acc: 1.0000 | train_f1: 1.0000 | val_loss: 0.7899 | val_acc: 0.9342 | val_f1: 0.9322 | lr: 0.000854
[25-07-08 14:28:02] [INFO] 
📊 Epoch 25 Cache Statistics:
[25-07-08 14:28:02] [INFO] 📊 Dataset Cache Statistics:
[25-07-08 14:28:02] [INFO]    Current epoch requests: 3768
[25-07-08 14:28:02] [INFO]    Original cache hits: 0 (0.0%)
[25-07-08 14:28:02] [INFO]    Original cache misses: 0 (0.0%)
[25-07-08 14:28:02] [INFO]    Augmented cache hits: 3768 (100.0%)
[25-07-08 14:28:02] [INFO]    Augmented cache misses: 0 (0.0%)
[25-07-08 14:28:02] [INFO]    Disk loads: 0
[25-07-08 14:28:02] [INFO]    Augmented saves: 0
[25-07-08 14:28:02] [INFO]    Augmentations applied: 0
[25-07-08 14:28:02] [INFO]    Original cache size: 1256
[25-07-08 14:28:02] [INFO]    Augmented cache size: 3768
[25-07-08 14:28:02] [INFO]    Cache efficiency: 100.0%
[25-07-08 14:28:02] [INFO] 📊 Dataset Cache Statistics:
[25-07-08 14:28:02] [INFO]    Current epoch requests: 942
[25-07-08 14:28:02] [INFO]    Original cache hits: 0 (0.0%)
[25-07-08 14:28:02] [INFO]    Original cache misses: 0 (0.0%)
[25-07-08 14:28:02] [INFO]    Augmented cache hits: 942 (100.0%)
[25-07-08 14:28:02] [INFO]    Augmented cache misses: 0 (0.0%)
[25-07-08 14:28:02] [INFO]    Disk loads: 0
[25-07-08 14:28:02] [INFO]    Augmented saves: 0
[25-07-08 14:28:02] [INFO]    Augmentations applied: 0
[25-07-08 14:28:02] [INFO]    Original cache size: 314
[25-07-08 14:28:02] [INFO]    Augmented cache size: 942
[25-07-08 14:28:02] [INFO]    Cache efficiency: 100.0%
[25-07-08 14:28:02] [INFO] 
--- Fold 1 | Epoch 26/100 ---
[25-07-08 14:28:35] [INFO] train_loss: 0.6297 | train_acc: 0.9997 | train_f1: 0.9998 | val_loss: 0.8070 | val_acc: 0.9236 | val_f1: 0.9194 | lr: 0.000842
[25-07-08 14:28:35] [INFO] 
📊 Epoch 26 Cache Statistics:
[25-07-08 14:28:35] [INFO] 📊 Dataset Cache Statistics:
[25-07-08 14:28:35] [INFO]    Current epoch requests: 3768
[25-07-08 14:28:35] [INFO]    Original cache hits: 0 (0.0%)
[25-07-08 14:28:35] [INFO]    Original cache misses: 0 (0.0%)
[25-07-08 14:28:35] [INFO]    Augmented cache hits: 3768 (100.0%)
[25-07-08 14:28:35] [INFO]    Augmented cache misses: 0 (0.0%)
[25-07-08 14:28:35] [INFO]    Disk loads: 0
[25-07-08 14:28:35] [INFO]    Augmented saves: 0
[25-07-08 14:28:35] [INFO]    Augmentations applied: 0
[25-07-08 14:28:35] [INFO]    Original cache size: 1256
[25-07-08 14:28:35] [INFO]    Augmented cache size: 3768
[25-07-08 14:28:35] [INFO]    Cache efficiency: 100.0%
[25-07-08 14:28:35] [INFO] 📊 Dataset Cache Statistics:
[25-07-08 14:28:35] [INFO]    Current epoch requests: 942
[25-07-08 14:28:35] [INFO]    Original cache hits: 0 (0.0%)
[25-07-08 14:28:35] [INFO]    Original cache misses: 0 (0.0%)
[25-07-08 14:28:35] [INFO]    Augmented cache hits: 942 (100.0%)
[25-07-08 14:28:35] [INFO]    Augmented cache misses: 0 (0.0%)
[25-07-08 14:28:35] [INFO]    Disk loads: 0
[25-07-08 14:28:35] [INFO]    Augmented saves: 0
[25-07-08 14:28:35] [INFO]    Augmentations applied: 0
[25-07-08 14:28:35] [INFO]    Original cache size: 314
[25-07-08 14:28:35] [INFO]    Augmented cache size: 942
[25-07-08 14:28:35] [INFO]    Cache efficiency: 100.0%
[25-07-08 14:28:35] [INFO] 
--- Fold 1 | Epoch 27/100 ---
[25-07-08 14:29:08] [INFO] train_loss: 0.7109 | train_acc: 0.9780 | train_f1: 0.9768 | val_loss: 0.9292 | val_acc: 0.8928 | val_f1: 0.8840 | lr: 0.000831
[25-07-08 14:29:08] [INFO] 
📊 Epoch 27 Cache Statistics:
[25-07-08 14:29:08] [INFO] 📊 Dataset Cache Statistics:
[25-07-08 14:29:08] [INFO]    Current epoch requests: 3768
[25-07-08 14:29:08] [INFO]    Original cache hits: 0 (0.0%)
[25-07-08 14:29:08] [INFO]    Original cache misses: 0 (0.0%)
[25-07-08 14:29:08] [INFO]    Augmented cache hits: 3768 (100.0%)
[25-07-08 14:29:08] [INFO]    Augmented cache misses: 0 (0.0%)
[25-07-08 14:29:08] [INFO]    Disk loads: 0
[25-07-08 14:29:08] [INFO]    Augmented saves: 0
[25-07-08 14:29:08] [INFO]    Augmentations applied: 0
[25-07-08 14:29:08] [INFO]    Original cache size: 1256
[25-07-08 14:29:08] [INFO]    Augmented cache size: 3768
[25-07-08 14:29:08] [INFO]    Cache efficiency: 100.0%
[25-07-08 14:29:08] [INFO] 📊 Dataset Cache Statistics:
[25-07-08 14:29:08] [INFO]    Current epoch requests: 942
[25-07-08 14:29:08] [INFO]    Original cache hits: 0 (0.0%)
[25-07-08 14:29:08] [INFO]    Original cache misses: 0 (0.0%)
[25-07-08 14:29:08] [INFO]    Augmented cache hits: 942 (100.0%)
[25-07-08 14:29:08] [INFO]    Augmented cache misses: 0 (0.0%)
[25-07-08 14:29:08] [INFO]    Disk loads: 0
[25-07-08 14:29:08] [INFO]    Augmented saves: 0
[25-07-08 14:29:08] [INFO]    Augmentations applied: 0
[25-07-08 14:29:08] [INFO]    Original cache size: 314
[25-07-08 14:29:08] [INFO]    Augmented cache size: 942
[25-07-08 14:29:08] [INFO]    Cache efficiency: 100.0%
[25-07-08 14:29:08] [INFO] 
--- Fold 1 | Epoch 28/100 ---
[25-07-08 14:30:01] [INFO] train_loss: 0.6957 | train_acc: 0.9822 | train_f1: 0.9811 | val_loss: 0.9037 | val_acc: 0.9002 | val_f1: 0.8960 | lr: 0.000819
[25-07-08 14:30:01] [INFO] 
📊 Epoch 28 Cache Statistics:
[25-07-08 14:30:01] [INFO] 📊 Dataset Cache Statistics:
[25-07-08 14:30:01] [INFO]    Current epoch requests: 3768
[25-07-08 14:30:01] [INFO]    Original cache hits: 0 (0.0%)
[25-07-08 14:30:01] [INFO]    Original cache misses: 0 (0.0%)
[25-07-08 14:30:01] [INFO]    Augmented cache hits: 3768 (100.0%)
[25-07-08 14:30:01] [INFO]    Augmented cache misses: 0 (0.0%)
[25-07-08 14:30:01] [INFO]    Disk loads: 0
[25-07-08 14:30:01] [INFO]    Augmented saves: 0
[25-07-08 14:30:01] [INFO]    Augmentations applied: 0
[25-07-08 14:30:01] [INFO]    Original cache size: 1256
[25-07-08 14:30:01] [INFO]    Augmented cache size: 3768
[25-07-08 14:30:01] [INFO]    Cache efficiency: 100.0%
[25-07-08 14:30:01] [INFO] 📊 Dataset Cache Statistics:
[25-07-08 14:30:01] [INFO]    Current epoch requests: 942
[25-07-08 14:30:01] [INFO]    Original cache hits: 0 (0.0%)
[25-07-08 14:30:01] [INFO]    Original cache misses: 0 (0.0%)
[25-07-08 14:30:01] [INFO]    Augmented cache hits: 942 (100.0%)
[25-07-08 14:30:01] [INFO]    Augmented cache misses: 0 (0.0%)
[25-07-08 14:30:01] [INFO]    Disk loads: 0
[25-07-08 14:30:01] [INFO]    Augmented saves: 0
[25-07-08 14:30:01] [INFO]    Augmentations applied: 0
[25-07-08 14:30:01] [INFO]    Original cache size: 314
[25-07-08 14:30:01] [INFO]    Augmented cache size: 942
[25-07-08 14:30:01] [INFO]    Cache efficiency: 100.0%
[25-07-08 14:30:01] [INFO] 
--- Fold 1 | Epoch 29/100 ---
[25-07-08 14:30:50] [INFO] train_loss: 0.6581 | train_acc: 0.9934 | train_f1: 0.9930 | val_loss: 0.8163 | val_acc: 0.9225 | val_f1: 0.9165 | lr: 0.000807
[25-07-08 14:30:50] [INFO] 
📊 Epoch 29 Cache Statistics:
[25-07-08 14:30:50] [INFO] 📊 Dataset Cache Statistics:
[25-07-08 14:30:50] [INFO]    Current epoch requests: 3768
[25-07-08 14:30:50] [INFO]    Original cache hits: 0 (0.0%)
[25-07-08 14:30:50] [INFO]    Original cache misses: 0 (0.0%)
[25-07-08 14:30:50] [INFO]    Augmented cache hits: 3768 (100.0%)
[25-07-08 14:30:50] [INFO]    Augmented cache misses: 0 (0.0%)
[25-07-08 14:30:50] [INFO]    Disk loads: 0
[25-07-08 14:30:50] [INFO]    Augmented saves: 0
[25-07-08 14:30:50] [INFO]    Augmentations applied: 0
[25-07-08 14:30:50] [INFO]    Original cache size: 1256
[25-07-08 14:30:50] [INFO]    Augmented cache size: 3768
[25-07-08 14:30:50] [INFO]    Cache efficiency: 100.0%
[25-07-08 14:30:50] [INFO] 📊 Dataset Cache Statistics:
[25-07-08 14:30:50] [INFO]    Current epoch requests: 942
[25-07-08 14:30:50] [INFO]    Original cache hits: 0 (0.0%)
[25-07-08 14:30:50] [INFO]    Original cache misses: 0 (0.0%)
[25-07-08 14:30:50] [INFO]    Augmented cache hits: 942 (100.0%)
[25-07-08 14:30:50] [INFO]    Augmented cache misses: 0 (0.0%)
[25-07-08 14:30:50] [INFO]    Disk loads: 0
[25-07-08 14:30:50] [INFO]    Augmented saves: 0
[25-07-08 14:30:50] [INFO]    Augmentations applied: 0
[25-07-08 14:30:50] [INFO]    Original cache size: 314
[25-07-08 14:30:50] [INFO]    Augmented cache size: 942
[25-07-08 14:30:50] [INFO]    Cache efficiency: 100.0%
[25-07-08 14:30:50] [INFO] 
--- Fold 1 | Epoch 30/100 ---
[25-07-08 14:31:23] [INFO] train_loss: 0.6395 | train_acc: 0.9979 | train_f1: 0.9977 | val_loss: 0.8212 | val_acc: 0.9161 | val_f1: 0.9104 | lr: 0.000794
[25-07-08 14:31:23] [INFO] 
📊 Epoch 30 Cache Statistics:
[25-07-08 14:31:23] [INFO] 📊 Dataset Cache Statistics:
[25-07-08 14:31:23] [INFO]    Current epoch requests: 3768
[25-07-08 14:31:23] [INFO]    Original cache hits: 0 (0.0%)
[25-07-08 14:31:23] [INFO]    Original cache misses: 0 (0.0%)
[25-07-08 14:31:23] [INFO]    Augmented cache hits: 3768 (100.0%)
[25-07-08 14:31:23] [INFO]    Augmented cache misses: 0 (0.0%)
[25-07-08 14:31:23] [INFO]    Disk loads: 0
[25-07-08 14:31:23] [INFO]    Augmented saves: 0
[25-07-08 14:31:23] [INFO]    Augmentations applied: 0
[25-07-08 14:31:23] [INFO]    Original cache size: 1256
[25-07-08 14:31:23] [INFO]    Augmented cache size: 3768
[25-07-08 14:31:23] [INFO]    Cache efficiency: 100.0%
[25-07-08 14:31:23] [INFO] 📊 Dataset Cache Statistics:
[25-07-08 14:31:23] [INFO]    Current epoch requests: 942
[25-07-08 14:31:23] [INFO]    Original cache hits: 0 (0.0%)
[25-07-08 14:31:23] [INFO]    Original cache misses: 0 (0.0%)
[25-07-08 14:31:23] [INFO]    Augmented cache hits: 942 (100.0%)
[25-07-08 14:31:23] [INFO]    Augmented cache misses: 0 (0.0%)
[25-07-08 14:31:23] [INFO]    Disk loads: 0
[25-07-08 14:31:23] [INFO]    Augmented saves: 0
[25-07-08 14:31:23] [INFO]    Augmentations applied: 0
[25-07-08 14:31:23] [INFO]    Original cache size: 314
[25-07-08 14:31:23] [INFO]    Augmented cache size: 942
[25-07-08 14:31:23] [INFO]    Cache efficiency: 100.0%
[25-07-08 14:31:23] [INFO] 
--- Fold 1 | Epoch 31/100 ---
[25-07-08 14:31:56] [INFO] train_loss: 0.6397 | train_acc: 0.9976 | train_f1: 0.9975 | val_loss: 0.8312 | val_acc: 0.9172 | val_f1: 0.9125 | lr: 0.000781
[25-07-08 14:31:56] [INFO] 
📊 Epoch 31 Cache Statistics:
[25-07-08 14:31:56] [INFO] 📊 Dataset Cache Statistics:
[25-07-08 14:31:56] [INFO]    Current epoch requests: 3768
[25-07-08 14:31:56] [INFO]    Original cache hits: 0 (0.0%)
[25-07-08 14:31:56] [INFO]    Original cache misses: 0 (0.0%)
[25-07-08 14:31:56] [INFO]    Augmented cache hits: 3768 (100.0%)
[25-07-08 14:31:56] [INFO]    Augmented cache misses: 0 (0.0%)
[25-07-08 14:31:56] [INFO]    Disk loads: 0
[25-07-08 14:31:56] [INFO]    Augmented saves: 0
[25-07-08 14:31:56] [INFO]    Augmentations applied: 0
[25-07-08 14:31:56] [INFO]    Original cache size: 1256
[25-07-08 14:31:56] [INFO]    Augmented cache size: 3768
[25-07-08 14:31:56] [INFO]    Cache efficiency: 100.0%
[25-07-08 14:31:56] [INFO] 📊 Dataset Cache Statistics:
[25-07-08 14:31:56] [INFO]    Current epoch requests: 942
[25-07-08 14:31:56] [INFO]    Original cache hits: 0 (0.0%)
[25-07-08 14:31:56] [INFO]    Original cache misses: 0 (0.0%)
[25-07-08 14:31:56] [INFO]    Augmented cache hits: 942 (100.0%)
[25-07-08 14:31:56] [INFO]    Augmented cache misses: 0 (0.0%)
[25-07-08 14:31:56] [INFO]    Disk loads: 0
[25-07-08 14:31:56] [INFO]    Augmented saves: 0
[25-07-08 14:31:56] [INFO]    Augmentations applied: 0
[25-07-08 14:31:56] [INFO]    Original cache size: 314
[25-07-08 14:31:56] [INFO]    Augmented cache size: 942
[25-07-08 14:31:56] [INFO]    Cache efficiency: 100.0%
[25-07-08 14:31:56] [INFO] 
--- Fold 1 | Epoch 32/100 ---
[25-07-08 14:32:29] [INFO] train_loss: 0.6626 | train_acc: 0.9923 | train_f1: 0.9921 | val_loss: 0.8823 | val_acc: 0.9045 | val_f1: 0.8953 | lr: 0.000768
[25-07-08 14:32:29] [INFO] 
📊 Epoch 32 Cache Statistics:
[25-07-08 14:32:29] [INFO] 📊 Dataset Cache Statistics:
[25-07-08 14:32:29] [INFO]    Current epoch requests: 3768
[25-07-08 14:32:29] [INFO]    Original cache hits: 0 (0.0%)
[25-07-08 14:32:29] [INFO]    Original cache misses: 0 (0.0%)
[25-07-08 14:32:29] [INFO]    Augmented cache hits: 3768 (100.0%)
[25-07-08 14:32:29] [INFO]    Augmented cache misses: 0 (0.0%)
[25-07-08 14:32:29] [INFO]    Disk loads: 0
[25-07-08 14:32:29] [INFO]    Augmented saves: 0
[25-07-08 14:32:29] [INFO]    Augmentations applied: 0
[25-07-08 14:32:29] [INFO]    Original cache size: 1256
[25-07-08 14:32:29] [INFO]    Augmented cache size: 3768
[25-07-08 14:32:29] [INFO]    Cache efficiency: 100.0%
[25-07-08 14:32:29] [INFO] 📊 Dataset Cache Statistics:
[25-07-08 14:32:29] [INFO]    Current epoch requests: 942
[25-07-08 14:32:29] [INFO]    Original cache hits: 0 (0.0%)
[25-07-08 14:32:29] [INFO]    Original cache misses: 0 (0.0%)
[25-07-08 14:32:29] [INFO]    Augmented cache hits: 942 (100.0%)
[25-07-08 14:32:29] [INFO]    Augmented cache misses: 0 (0.0%)
[25-07-08 14:32:29] [INFO]    Disk loads: 0
[25-07-08 14:32:29] [INFO]    Augmented saves: 0
[25-07-08 14:32:29] [INFO]    Augmentations applied: 0
[25-07-08 14:32:29] [INFO]    Original cache size: 314
[25-07-08 14:32:29] [INFO]    Augmented cache size: 942
[25-07-08 14:32:29] [INFO]    Cache efficiency: 100.0%
[25-07-08 14:32:29] [INFO] 
--- Fold 1 | Epoch 33/100 ---
[25-07-08 14:33:02] [INFO] train_loss: 0.6960 | train_acc: 0.9841 | train_f1: 0.9828 | val_loss: 0.8332 | val_acc: 0.9172 | val_f1: 0.9123 | lr: 0.000755
[25-07-08 14:33:02] [INFO] 
📊 Epoch 33 Cache Statistics:
[25-07-08 14:33:02] [INFO] 📊 Dataset Cache Statistics:
[25-07-08 14:33:02] [INFO]    Current epoch requests: 3768
[25-07-08 14:33:02] [INFO]    Original cache hits: 0 (0.0%)
[25-07-08 14:33:02] [INFO]    Original cache misses: 0 (0.0%)
[25-07-08 14:33:02] [INFO]    Augmented cache hits: 3768 (100.0%)
[25-07-08 14:33:02] [INFO]    Augmented cache misses: 0 (0.0%)
[25-07-08 14:33:02] [INFO]    Disk loads: 0
[25-07-08 14:33:02] [INFO]    Augmented saves: 0
[25-07-08 14:33:02] [INFO]    Augmentations applied: 0
[25-07-08 14:33:02] [INFO]    Original cache size: 1256
[25-07-08 14:33:02] [INFO]    Augmented cache size: 3768
[25-07-08 14:33:02] [INFO]    Cache efficiency: 100.0%
[25-07-08 14:33:02] [INFO] 📊 Dataset Cache Statistics:
[25-07-08 14:33:02] [INFO]    Current epoch requests: 942
[25-07-08 14:33:02] [INFO]    Original cache hits: 0 (0.0%)
[25-07-08 14:33:02] [INFO]    Original cache misses: 0 (0.0%)
[25-07-08 14:33:02] [INFO]    Augmented cache hits: 942 (100.0%)
[25-07-08 14:33:02] [INFO]    Augmented cache misses: 0 (0.0%)
[25-07-08 14:33:02] [INFO]    Disk loads: 0
[25-07-08 14:33:02] [INFO]    Augmented saves: 0
[25-07-08 14:33:02] [INFO]    Augmentations applied: 0
[25-07-08 14:33:02] [INFO]    Original cache size: 314
[25-07-08 14:33:02] [INFO]    Augmented cache size: 942
[25-07-08 14:33:02] [INFO]    Cache efficiency: 100.0%
[25-07-08 14:33:02] [INFO] 
--- Fold 1 | Epoch 34/100 ---
[25-07-08 14:33:35] [INFO] train_loss: 0.6463 | train_acc: 0.9955 | train_f1: 0.9953 | val_loss: 0.8177 | val_acc: 0.9236 | val_f1: 0.9202 | lr: 0.000741
[25-07-08 14:33:35] [INFO] 
📊 Epoch 34 Cache Statistics:
[25-07-08 14:33:35] [INFO] 📊 Dataset Cache Statistics:
[25-07-08 14:33:35] [INFO]    Current epoch requests: 3768
[25-07-08 14:33:35] [INFO]    Original cache hits: 0 (0.0%)
[25-07-08 14:33:35] [INFO]    Original cache misses: 0 (0.0%)
[25-07-08 14:33:35] [INFO]    Augmented cache hits: 3768 (100.0%)
[25-07-08 14:33:35] [INFO]    Augmented cache misses: 0 (0.0%)
[25-07-08 14:33:35] [INFO]    Disk loads: 0
[25-07-08 14:33:35] [INFO]    Augmented saves: 0
[25-07-08 14:33:35] [INFO]    Augmentations applied: 0
[25-07-08 14:33:35] [INFO]    Original cache size: 1256
[25-07-08 14:33:35] [INFO]    Augmented cache size: 3768
[25-07-08 14:33:35] [INFO]    Cache efficiency: 100.0%
[25-07-08 14:33:35] [INFO] 📊 Dataset Cache Statistics:
[25-07-08 14:33:35] [INFO]    Current epoch requests: 942
[25-07-08 14:33:35] [INFO]    Original cache hits: 0 (0.0%)
[25-07-08 14:33:35] [INFO]    Original cache misses: 0 (0.0%)
[25-07-08 14:33:35] [INFO]    Augmented cache hits: 942 (100.0%)
[25-07-08 14:33:35] [INFO]    Augmented cache misses: 0 (0.0%)
[25-07-08 14:33:35] [INFO]    Disk loads: 0
[25-07-08 14:33:35] [INFO]    Augmented saves: 0
[25-07-08 14:33:35] [INFO]    Augmentations applied: 0
[25-07-08 14:33:35] [INFO]    Original cache size: 314
[25-07-08 14:33:35] [INFO]    Augmented cache size: 942
[25-07-08 14:33:35] [INFO]    Cache efficiency: 100.0%
[25-07-08 14:33:35] [INFO] 
--- Fold 1 | Epoch 35/100 ---
[25-07-08 14:34:08] [INFO] 🛑 Early stopping triggered at epoch 35 for Fold 1
[25-07-08 14:34:08] [INFO] 🎯 Best F1 score: 0.9322
[25-07-08 14:34:08] [INFO] 
🎯 Fold 1 completed with early stopping! Best F1: 0.9322
[25-07-08 14:34:08] [INFO] 
============================================================
[25-07-08 14:34:08] [INFO] 🔥 FOLD 2/5
[25-07-08 14:34:08] [INFO] ============================================================
[25-07-08 14:34:08] [INFO] 📚 Train samples: 1256
[25-07-08 14:34:08] [INFO] 📝 Validation samples: 314
[25-07-08 14:34:08] [INFO] 📸 Augraphy pipeline initialized
[25-07-08 14:34:08] [INFO] 📁 Augmented cache directory: /root/dev/upstageailab-cv-classification-cv_1_fork/input/data/train/img_cache
[25-07-08 14:34:08] [INFO] 📈 Data augmented (원본 제외): 1256 → 3768 samples (증강 x3)
[25-07-08 14:34:08] [INFO] 📸 Augraphy pipeline initialized
[25-07-08 14:34:08] [INFO] 📁 Augmented cache directory: /root/dev/upstageailab-cv-classification-cv_1_fork/input/data/train/img_cache
[25-07-08 14:34:08] [INFO] 📈 Data augmented (원본 제외): 314 → 942 samples (증강 x3)
[25-07-08 14:34:09] [INFO] 🏗️ Model: efficientnetv2_rw_m
[25-07-08 14:34:09] [INFO] 🔢 Number of parameters: 51,120,043
[25-07-08 14:34:09] [INFO] 🚀 Starting Fold 2 training...
[25-07-08 14:34:09] [INFO] 
--- Fold 2 | Epoch 1/100 ---
