[25-07-04 22:33:34] [INFO] 완전한 재현성 설정이 활성화되었습니다.
[25-07-04 22:33:34] [INFO] Using device: cuda
[25-07-04 22:33:34] [INFO] Train samples: 1256
[25-07-04 22:33:34] [INFO] Validation samples: 314
[25-07-04 22:33:34] [INFO] Train dataset: 1256
[25-07-04 22:33:34] [INFO] Validation dataset: 314
[25-07-04 22:33:34] [INFO] Test dataset: 3140
[25-07-04 22:34:03] [INFO] Model: tf_efficientnetv2_xl
[25-07-04 22:34:03] [INFO] Number of parameters: 206,860,585
[25-07-04 22:34:03] [INFO] Starting training...
[25-07-04 22:34:03] [INFO] 
=== Epoch 1/20 ===
[25-07-04 22:42:23] [INFO] 💾 Best model saved! F1: 0.8351
[25-07-04 22:42:23] [INFO] train_train_loss: 1.7402 | train_train_acc: 0.6744 | train_train_f1: 0.6504 | train_epoch: 0.0000 | val_loss: 1.0251 | val_acc: 0.8471 | val_f1: 0.8351 | epoch: 0.0000 | lr: 0.0001
[25-07-04 22:42:23] [INFO] 
=== Epoch 2/20 ===
[25-07-04 22:50:46] [INFO] 💾 Best model saved! F1: 0.8868
[25-07-04 22:50:46] [INFO] train_train_loss: 0.9925 | train_train_acc: 0.8710 | train_train_f1: 0.8630 | train_epoch: 1.0000 | val_loss: 0.9119 | val_acc: 0.8981 | val_f1: 0.8868 | epoch: 1.0000 | lr: 0.0001
[25-07-04 22:50:46] [INFO] 
=== Epoch 3/20 ===
[25-07-04 22:59:10] [INFO] 💾 Best model saved! F1: 0.8983
[25-07-04 22:59:10] [INFO] train_train_loss: 0.8773 | train_train_acc: 0.9076 | train_train_f1: 0.8969 | train_epoch: 2.0000 | val_loss: 0.8638 | val_acc: 0.9045 | val_f1: 0.8983 | epoch: 2.0000 | lr: 0.0001
[25-07-04 22:59:10] [INFO] 
=== Epoch 4/20 ===
[25-07-04 23:07:29] [INFO] train_train_loss: 0.8090 | train_train_acc: 0.9419 | train_train_f1: 0.9369 | train_epoch: 3.0000 | val_loss: 0.9218 | val_acc: 0.8790 | val_f1: 0.8513 | epoch: 3.0000 | lr: 0.0001
[25-07-04 23:07:29] [INFO] 
=== Epoch 5/20 ===
[25-07-04 23:15:49] [INFO] train_train_loss: 0.7710 | train_train_acc: 0.9562 | train_train_f1: 0.9522 | train_epoch: 4.0000 | val_loss: 0.8843 | val_acc: 0.8885 | val_f1: 0.8837 | epoch: 4.0000 | lr: 0.0001
[25-07-04 23:15:49] [INFO] 
=== Epoch 6/20 ===
[25-07-04 23:24:16] [INFO] 💾 Best model saved! F1: 0.9167
[25-07-04 23:24:16] [INFO] train_train_loss: 0.7445 | train_train_acc: 0.9634 | train_train_f1: 0.9609 | train_epoch: 5.0000 | val_loss: 0.8359 | val_acc: 0.9204 | val_f1: 0.9167 | epoch: 5.0000 | lr: 0.0001
[25-07-04 23:24:16] [INFO] 
=== Epoch 7/20 ===
[25-07-04 23:32:42] [INFO] train_train_loss: 0.7210 | train_train_acc: 0.9697 | train_train_f1: 0.9677 | train_epoch: 6.0000 | val_loss: 0.9494 | val_acc: 0.8726 | val_f1: 0.8695 | epoch: 6.0000 | lr: 0.0001
[25-07-04 23:32:42] [INFO] 
=== Epoch 8/20 ===
[25-07-04 23:41:09] [INFO] train_train_loss: 0.7099 | train_train_acc: 0.9777 | train_train_f1: 0.9740 | train_epoch: 7.0000 | val_loss: 0.8371 | val_acc: 0.9172 | val_f1: 0.9136 | epoch: 7.0000 | lr: 0.0001
[25-07-04 23:41:09] [INFO] 
=== Epoch 9/20 ===
[25-07-04 23:49:39] [INFO] train_train_loss: 0.6852 | train_train_acc: 0.9849 | train_train_f1: 0.9840 | train_epoch: 8.0000 | val_loss: 0.8527 | val_acc: 0.9076 | val_f1: 0.9065 | epoch: 8.0000 | lr: 0.0001
[25-07-04 23:49:39] [INFO] 
=== Epoch 10/20 ===
[25-07-04 23:57:55] [INFO] train_train_loss: 0.6677 | train_train_acc: 0.9881 | train_train_f1: 0.9870 | train_epoch: 9.0000 | val_loss: 0.8347 | val_acc: 0.9108 | val_f1: 0.9075 | epoch: 9.0000 | lr: 0.0001
[25-07-04 23:57:55] [INFO] 
=== Epoch 11/20 ===
[25-07-05 00:06:22] [INFO] train_train_loss: 0.6636 | train_train_acc: 0.9896 | train_train_f1: 0.9893 | train_epoch: 10.0000 | val_loss: 0.8283 | val_acc: 0.9045 | val_f1: 0.9051 | epoch: 10.0000 | lr: 0.0000
[25-07-05 00:06:22] [INFO] 
=== Epoch 12/20 ===
[25-07-05 00:14:44] [INFO] train_train_loss: 0.6663 | train_train_acc: 0.9873 | train_train_f1: 0.9863 | train_epoch: 11.0000 | val_loss: 0.8317 | val_acc: 0.8949 | val_f1: 0.8935 | epoch: 11.0000 | lr: 0.0000
[25-07-05 00:14:44] [INFO] 
=== Epoch 13/20 ===
[25-07-05 00:23:01] [INFO] train_train_loss: 0.6497 | train_train_acc: 0.9944 | train_train_f1: 0.9941 | train_epoch: 12.0000 | val_loss: 0.8296 | val_acc: 0.9140 | val_f1: 0.9130 | epoch: 12.0000 | lr: 0.0000
[25-07-05 00:23:01] [INFO] 
=== Epoch 14/20 ===
[25-07-05 00:27:02] [INFO] train_train_loss: 0.6485 | train_train_acc: 0.9936 | train_train_f1: 0.9926 | train_epoch: 13.0000 | val_loss: 0.8322 | val_acc: 0.9140 | val_f1: 0.9086 | epoch: 13.0000 | lr: 0.0000
[25-07-05 00:27:02] [INFO] 
=== Epoch 15/20 ===
[25-07-05 00:34:41] [INFO] 💾 Best model saved! F1: 0.9279
[25-07-05 00:34:41] [INFO] train_train_loss: 0.6396 | train_train_acc: 0.9976 | train_train_f1: 0.9974 | train_epoch: 14.0000 | val_loss: 0.8078 | val_acc: 0.9331 | val_f1: 0.9279 | epoch: 14.0000 | lr: 0.0000
[25-07-05 00:34:41] [INFO] 
=== Epoch 16/20 ===
[25-07-05 00:41:18] [INFO] train_train_loss: 0.6382 | train_train_acc: 0.9976 | train_train_f1: 0.9974 | train_epoch: 15.0000 | val_loss: 0.8197 | val_acc: 0.9236 | val_f1: 0.9187 | epoch: 15.0000 | lr: 0.0000
[25-07-05 00:41:18] [INFO] 
=== Epoch 17/20 ===
[25-07-05 00:47:58] [INFO] train_train_loss: 0.6376 | train_train_acc: 0.9976 | train_train_f1: 0.9974 | train_epoch: 16.0000 | val_loss: 0.8137 | val_acc: 0.9236 | val_f1: 0.9204 | epoch: 16.0000 | lr: 0.0000
[25-07-05 00:47:58] [INFO] 
=== Epoch 18/20 ===
[25-07-05 00:56:16] [INFO] train_train_loss: 0.6313 | train_train_acc: 1.0000 | train_train_f1: 1.0000 | train_epoch: 17.0000 | val_loss: 0.8177 | val_acc: 0.9172 | val_f1: 0.9135 | epoch: 17.0000 | lr: 0.0000
[25-07-05 00:56:16] [INFO] 
=== Epoch 19/20 ===
[25-07-05 01:04:44] [INFO] 💾 Best model saved! F1: 0.9280
[25-07-05 01:04:44] [INFO] train_train_loss: 0.6343 | train_train_acc: 0.9976 | train_train_f1: 0.9967 | train_epoch: 18.0000 | val_loss: 0.8021 | val_acc: 0.9331 | val_f1: 0.9280 | epoch: 18.0000 | lr: 0.0000
[25-07-05 01:04:44] [INFO] 
=== Epoch 20/20 ===
[25-07-05 01:13:02] [INFO] train_train_loss: 0.6338 | train_train_acc: 0.9976 | train_train_f1: 0.9974 | train_epoch: 19.0000 | val_loss: 0.8079 | val_acc: 0.9204 | val_f1: 0.9158 | epoch: 19.0000 | lr: 0.0000
[25-07-05 01:13:02] [INFO] 
🏆 Loading best model (F1: 0.9280)
[25-07-05 01:13:04] [INFO] 
Starting inference with Test Time Augmentation...
[25-07-05 02:04:14] [INFO] 
✅ Prediction completed and saved to ./output/pred_advanced_tta2_efnv2xl_resize2.csv
[25-07-05 02:04:14] [INFO] Best validation F1 score: 0.9280
