[25-07-08 12:14:23] [INFO] 완전한 재현성 설정이 활성화되었습니다.
[25-07-08 12:14:23] [INFO] 🌱 Random seed set to 42
[25-07-08 12:14:23] [INFO] 💻 Using device: cuda
[25-07-08 12:14:23] [INFO] 📂 Total training samples: 1570
[25-07-08 12:14:23] [INFO] 📊 Class distribution: {0: 100, 1: 46, 2: 100, 3: 100, 4: 100, 5: 100, 6: 100, 7: 100, 8: 100, 9: 100, 10: 100, 11: 100, 12: 100, 13: 74, 14: 50, 15: 100, 16: 100}
[25-07-08 12:14:23] [INFO] 
🔄 Starting 5-Fold Cross Validation Training...
[25-07-08 12:14:23] [INFO] 
============================================================
[25-07-08 12:14:23] [INFO] 🔥 FOLD 1/5
[25-07-08 12:14:23] [INFO] ============================================================
[25-07-08 12:14:23] [INFO] 📚 Train samples: 1256
[25-07-08 12:14:23] [INFO] 📝 Validation samples: 314
[25-07-08 12:14:24] [INFO] 🏗️ Model: efficientnetv2_rw_m
[25-07-08 12:14:24] [INFO] 🔢 Number of parameters: 51,120,043
[25-07-08 12:14:24] [INFO] 🚀 Starting Fold 1 training...
[25-07-08 12:14:24] [INFO] 
--- Fold 1 | Epoch 1/100 ---
[25-07-08 12:14:42] [INFO] 💾 Fold 1 Best model updated! F1: 0.8125
[25-07-08 12:14:42] [INFO] train_loss: 1.6200 | train_acc: 0.6107 | train_f1: 0.5779 | val_loss: 1.0857 | val_acc: 0.8280 | val_f1: 0.8125 | lr: 0.001000
[25-07-08 12:14:42] [INFO] 
📊 Epoch 1 Cache Statistics:
[25-07-08 12:14:42] [INFO] 📊 Dataset Cache Statistics:
[25-07-08 12:14:42] [INFO]    Current epoch requests: 1256
[25-07-08 12:14:42] [INFO]    Original cache hits: 0 (0.0%)
[25-07-08 12:14:42] [INFO]    Original cache misses: 1256 (100.0%)
[25-07-08 12:14:42] [INFO]    Augmented cache hits: 0 (0.0%)
[25-07-08 12:14:42] [INFO]    Augmented cache misses: 1256 (100.0%)
[25-07-08 12:14:42] [INFO]    Disk loads: 1256
[25-07-08 12:14:42] [INFO]    Augmentations applied: 1256
[25-07-08 12:14:42] [INFO]    Original cache size: 1256
[25-07-08 12:14:42] [INFO]    Augmented cache size: 1256
[25-07-08 12:14:42] [INFO] 📊 Dataset Cache Statistics:
[25-07-08 12:14:42] [INFO]    Current epoch requests: 314
[25-07-08 12:14:42] [INFO]    Original cache hits: 0 (0.0%)
[25-07-08 12:14:42] [INFO]    Original cache misses: 314 (100.0%)
[25-07-08 12:14:42] [INFO]    Augmented cache hits: 0 (0.0%)
[25-07-08 12:14:42] [INFO]    Augmented cache misses: 314 (100.0%)
[25-07-08 12:14:42] [INFO]    Disk loads: 314
[25-07-08 12:14:42] [INFO]    Augmentations applied: 314
[25-07-08 12:14:42] [INFO]    Original cache size: 314
[25-07-08 12:14:42] [INFO]    Augmented cache size: 314
[25-07-08 12:14:42] [INFO] 
--- Fold 1 | Epoch 2/100 ---
[25-07-08 12:14:50] [INFO] 💾 Fold 1 Best model updated! F1: 0.8345
[25-07-08 12:14:50] [INFO] train_loss: 0.9215 | train_acc: 0.8877 | train_f1: 0.8735 | val_loss: 1.0071 | val_acc: 0.8503 | val_f1: 0.8345 | lr: 0.000999
[25-07-08 12:14:50] [INFO] 
📊 Epoch 2 Cache Statistics:
[25-07-08 12:14:50] [INFO] 📊 Dataset Cache Statistics:
[25-07-08 12:14:50] [INFO]    Current epoch requests: 1256
[25-07-08 12:14:50] [INFO]    Original cache hits: 0 (0.0%)
[25-07-08 12:14:50] [INFO]    Original cache misses: 0 (0.0%)
[25-07-08 12:14:50] [INFO]    Augmented cache hits: 1256 (100.0%)
[25-07-08 12:14:50] [INFO]    Augmented cache misses: 0 (0.0%)
[25-07-08 12:14:50] [INFO]    Disk loads: 0
[25-07-08 12:14:50] [INFO]    Augmentations applied: 0
[25-07-08 12:14:50] [INFO]    Original cache size: 1256
[25-07-08 12:14:50] [INFO]    Augmented cache size: 1256
[25-07-08 12:14:50] [INFO]    Cache efficiency: 100.0%
[25-07-08 12:14:50] [INFO] 📊 Dataset Cache Statistics:
[25-07-08 12:14:50] [INFO]    Current epoch requests: 314
[25-07-08 12:14:50] [INFO]    Original cache hits: 0 (0.0%)
[25-07-08 12:14:50] [INFO]    Original cache misses: 0 (0.0%)
[25-07-08 12:14:50] [INFO]    Augmented cache hits: 314 (100.0%)
[25-07-08 12:14:50] [INFO]    Augmented cache misses: 0 (0.0%)
[25-07-08 12:14:50] [INFO]    Disk loads: 0
[25-07-08 12:14:50] [INFO]    Augmentations applied: 0
[25-07-08 12:14:50] [INFO]    Original cache size: 314
[25-07-08 12:14:50] [INFO]    Augmented cache size: 314
[25-07-08 12:14:50] [INFO]    Cache efficiency: 100.0%
[25-07-08 12:14:50] [INFO] 
--- Fold 1 | Epoch 3/100 ---
[25-07-08 12:14:58] [INFO] 💾 Fold 1 Best model updated! F1: 0.8563
[25-07-08 12:14:58] [INFO] train_loss: 0.7604 | train_acc: 0.9490 | train_f1: 0.9480 | val_loss: 0.9744 | val_acc: 0.8726 | val_f1: 0.8563 | lr: 0.000998
[25-07-08 12:14:58] [INFO] 
📊 Epoch 3 Cache Statistics:
[25-07-08 12:14:58] [INFO] 📊 Dataset Cache Statistics:
[25-07-08 12:14:58] [INFO]    Current epoch requests: 1256
[25-07-08 12:14:58] [INFO]    Original cache hits: 0 (0.0%)
[25-07-08 12:14:58] [INFO]    Original cache misses: 0 (0.0%)
[25-07-08 12:14:58] [INFO]    Augmented cache hits: 1256 (100.0%)
[25-07-08 12:14:58] [INFO]    Augmented cache misses: 0 (0.0%)
[25-07-08 12:14:58] [INFO]    Disk loads: 0
[25-07-08 12:14:58] [INFO]    Augmentations applied: 0
[25-07-08 12:14:58] [INFO]    Original cache size: 1256
[25-07-08 12:14:58] [INFO]    Augmented cache size: 1256
[25-07-08 12:14:58] [INFO]    Cache efficiency: 100.0%
[25-07-08 12:14:58] [INFO] 📊 Dataset Cache Statistics:
[25-07-08 12:14:58] [INFO]    Current epoch requests: 314
[25-07-08 12:14:58] [INFO]    Original cache hits: 0 (0.0%)
[25-07-08 12:14:58] [INFO]    Original cache misses: 0 (0.0%)
[25-07-08 12:14:58] [INFO]    Augmented cache hits: 314 (100.0%)
[25-07-08 12:14:58] [INFO]    Augmented cache misses: 0 (0.0%)
[25-07-08 12:14:58] [INFO]    Disk loads: 0
[25-07-08 12:14:58] [INFO]    Augmentations applied: 0
[25-07-08 12:14:58] [INFO]    Original cache size: 314
[25-07-08 12:14:58] [INFO]    Augmented cache size: 314
[25-07-08 12:14:58] [INFO]    Cache efficiency: 100.0%
[25-07-08 12:14:58] [INFO] 
--- Fold 1 | Epoch 4/100 ---
[25-07-08 12:15:07] [INFO] train_loss: 0.7147 | train_acc: 0.9769 | train_f1: 0.9743 | val_loss: 1.0071 | val_acc: 0.8694 | val_f1: 0.8546 | lr: 0.000996
[25-07-08 12:15:07] [INFO] 
📊 Epoch 4 Cache Statistics:
[25-07-08 12:15:07] [INFO] 📊 Dataset Cache Statistics:
[25-07-08 12:15:07] [INFO]    Current epoch requests: 1256
[25-07-08 12:15:07] [INFO]    Original cache hits: 0 (0.0%)
[25-07-08 12:15:07] [INFO]    Original cache misses: 0 (0.0%)
[25-07-08 12:15:07] [INFO]    Augmented cache hits: 1256 (100.0%)
[25-07-08 12:15:07] [INFO]    Augmented cache misses: 0 (0.0%)
[25-07-08 12:15:07] [INFO]    Disk loads: 0
[25-07-08 12:15:07] [INFO]    Augmentations applied: 0
[25-07-08 12:15:07] [INFO]    Original cache size: 1256
[25-07-08 12:15:07] [INFO]    Augmented cache size: 1256
[25-07-08 12:15:07] [INFO]    Cache efficiency: 100.0%
[25-07-08 12:15:07] [INFO] 📊 Dataset Cache Statistics:
[25-07-08 12:15:07] [INFO]    Current epoch requests: 314
[25-07-08 12:15:07] [INFO]    Original cache hits: 0 (0.0%)
[25-07-08 12:15:07] [INFO]    Original cache misses: 0 (0.0%)
[25-07-08 12:15:07] [INFO]    Augmented cache hits: 314 (100.0%)
[25-07-08 12:15:07] [INFO]    Augmented cache misses: 0 (0.0%)
[25-07-08 12:15:07] [INFO]    Disk loads: 0
[25-07-08 12:15:07] [INFO]    Augmentations applied: 0
[25-07-08 12:15:07] [INFO]    Original cache size: 314
[25-07-08 12:15:07] [INFO]    Augmented cache size: 314
[25-07-08 12:15:07] [INFO]    Cache efficiency: 100.0%
[25-07-08 12:15:07] [INFO] 
--- Fold 1 | Epoch 5/100 ---
[25-07-08 12:15:15] [INFO] train_loss: 0.6999 | train_acc: 0.9761 | train_f1: 0.9768 | val_loss: 1.1516 | val_acc: 0.8248 | val_f1: 0.8088 | lr: 0.000994
[25-07-08 12:15:15] [INFO] 
📊 Epoch 5 Cache Statistics:
[25-07-08 12:15:15] [INFO] 📊 Dataset Cache Statistics:
[25-07-08 12:15:15] [INFO]    Current epoch requests: 1256
[25-07-08 12:15:15] [INFO]    Original cache hits: 0 (0.0%)
[25-07-08 12:15:15] [INFO]    Original cache misses: 0 (0.0%)
[25-07-08 12:15:15] [INFO]    Augmented cache hits: 1256 (100.0%)
[25-07-08 12:15:15] [INFO]    Augmented cache misses: 0 (0.0%)
[25-07-08 12:15:15] [INFO]    Disk loads: 0
[25-07-08 12:15:15] [INFO]    Augmentations applied: 0
[25-07-08 12:15:15] [INFO]    Original cache size: 1256
[25-07-08 12:15:15] [INFO]    Augmented cache size: 1256
[25-07-08 12:15:15] [INFO]    Cache efficiency: 100.0%
[25-07-08 12:15:15] [INFO] 📊 Dataset Cache Statistics:
[25-07-08 12:15:15] [INFO]    Current epoch requests: 314
[25-07-08 12:15:15] [INFO]    Original cache hits: 0 (0.0%)
[25-07-08 12:15:15] [INFO]    Original cache misses: 0 (0.0%)
[25-07-08 12:15:15] [INFO]    Augmented cache hits: 314 (100.0%)
[25-07-08 12:15:15] [INFO]    Augmented cache misses: 0 (0.0%)
[25-07-08 12:15:15] [INFO]    Disk loads: 0
[25-07-08 12:15:15] [INFO]    Augmentations applied: 0
[25-07-08 12:15:15] [INFO]    Original cache size: 314
[25-07-08 12:15:15] [INFO]    Augmented cache size: 314
[25-07-08 12:15:15] [INFO]    Cache efficiency: 100.0%
[25-07-08 12:15:15] [INFO] 
--- Fold 1 | Epoch 6/100 ---
[25-07-08 12:15:23] [INFO] train_loss: 0.6960 | train_acc: 0.9809 | train_f1: 0.9807 | val_loss: 1.1784 | val_acc: 0.8312 | val_f1: 0.8143 | lr: 0.000991
[25-07-08 12:15:23] [INFO] 
📊 Epoch 6 Cache Statistics:
[25-07-08 12:15:23] [INFO] 📊 Dataset Cache Statistics:
[25-07-08 12:15:23] [INFO]    Current epoch requests: 1256
[25-07-08 12:15:23] [INFO]    Original cache hits: 0 (0.0%)
[25-07-08 12:15:23] [INFO]    Original cache misses: 0 (0.0%)
[25-07-08 12:15:23] [INFO]    Augmented cache hits: 1256 (100.0%)
[25-07-08 12:15:23] [INFO]    Augmented cache misses: 0 (0.0%)
[25-07-08 12:15:23] [INFO]    Disk loads: 0
[25-07-08 12:15:23] [INFO]    Augmentations applied: 0
[25-07-08 12:15:23] [INFO]    Original cache size: 1256
[25-07-08 12:15:23] [INFO]    Augmented cache size: 1256
[25-07-08 12:15:23] [INFO]    Cache efficiency: 100.0%
[25-07-08 12:15:23] [INFO] 📊 Dataset Cache Statistics:
[25-07-08 12:15:23] [INFO]    Current epoch requests: 314
[25-07-08 12:15:23] [INFO]    Original cache hits: 0 (0.0%)
[25-07-08 12:15:23] [INFO]    Original cache misses: 0 (0.0%)
[25-07-08 12:15:23] [INFO]    Augmented cache hits: 314 (100.0%)
[25-07-08 12:15:23] [INFO]    Augmented cache misses: 0 (0.0%)
[25-07-08 12:15:23] [INFO]    Disk loads: 0
[25-07-08 12:15:23] [INFO]    Augmentations applied: 0
[25-07-08 12:15:23] [INFO]    Original cache size: 314
[25-07-08 12:15:23] [INFO]    Augmented cache size: 314
[25-07-08 12:15:23] [INFO]    Cache efficiency: 100.0%
[25-07-08 12:15:23] [INFO] 
--- Fold 1 | Epoch 7/100 ---
[25-07-08 12:15:32] [INFO] train_loss: 0.6910 | train_acc: 0.9809 | train_f1: 0.9796 | val_loss: 1.0569 | val_acc: 0.8248 | val_f1: 0.8110 | lr: 0.000988
[25-07-08 12:15:32] [INFO] 
📊 Epoch 7 Cache Statistics:
[25-07-08 12:15:32] [INFO] 📊 Dataset Cache Statistics:
[25-07-08 12:15:32] [INFO]    Current epoch requests: 1256
[25-07-08 12:15:32] [INFO]    Original cache hits: 0 (0.0%)
[25-07-08 12:15:32] [INFO]    Original cache misses: 0 (0.0%)
[25-07-08 12:15:32] [INFO]    Augmented cache hits: 1256 (100.0%)
[25-07-08 12:15:32] [INFO]    Augmented cache misses: 0 (0.0%)
[25-07-08 12:15:32] [INFO]    Disk loads: 0
[25-07-08 12:15:32] [INFO]    Augmentations applied: 0
[25-07-08 12:15:32] [INFO]    Original cache size: 1256
[25-07-08 12:15:32] [INFO]    Augmented cache size: 1256
[25-07-08 12:15:32] [INFO]    Cache efficiency: 100.0%
[25-07-08 12:15:32] [INFO] 📊 Dataset Cache Statistics:
[25-07-08 12:15:32] [INFO]    Current epoch requests: 314
[25-07-08 12:15:32] [INFO]    Original cache hits: 0 (0.0%)
[25-07-08 12:15:32] [INFO]    Original cache misses: 0 (0.0%)
[25-07-08 12:15:32] [INFO]    Augmented cache hits: 314 (100.0%)
[25-07-08 12:15:32] [INFO]    Augmented cache misses: 0 (0.0%)
[25-07-08 12:15:32] [INFO]    Disk loads: 0
[25-07-08 12:15:32] [INFO]    Augmentations applied: 0
[25-07-08 12:15:32] [INFO]    Original cache size: 314
[25-07-08 12:15:32] [INFO]    Augmented cache size: 314
[25-07-08 12:15:32] [INFO]    Cache efficiency: 100.0%
[25-07-08 12:15:32] [INFO] 
--- Fold 1 | Epoch 8/100 ---
[25-07-08 12:15:40] [INFO] train_loss: 0.6746 | train_acc: 0.9896 | train_f1: 0.9889 | val_loss: 1.0755 | val_acc: 0.8408 | val_f1: 0.8160 | lr: 0.000984
[25-07-08 12:15:40] [INFO] 
📊 Epoch 8 Cache Statistics:
[25-07-08 12:15:40] [INFO] 📊 Dataset Cache Statistics:
[25-07-08 12:15:40] [INFO]    Current epoch requests: 1256
[25-07-08 12:15:40] [INFO]    Original cache hits: 0 (0.0%)
[25-07-08 12:15:40] [INFO]    Original cache misses: 0 (0.0%)
[25-07-08 12:15:40] [INFO]    Augmented cache hits: 1256 (100.0%)
[25-07-08 12:15:40] [INFO]    Augmented cache misses: 0 (0.0%)
[25-07-08 12:15:40] [INFO]    Disk loads: 0
[25-07-08 12:15:40] [INFO]    Augmentations applied: 0
[25-07-08 12:15:40] [INFO]    Original cache size: 1256
[25-07-08 12:15:40] [INFO]    Augmented cache size: 1256
[25-07-08 12:15:40] [INFO]    Cache efficiency: 100.0%
[25-07-08 12:15:40] [INFO] 📊 Dataset Cache Statistics:
[25-07-08 12:15:40] [INFO]    Current epoch requests: 314
[25-07-08 12:15:40] [INFO]    Original cache hits: 0 (0.0%)
[25-07-08 12:15:40] [INFO]    Original cache misses: 0 (0.0%)
[25-07-08 12:15:40] [INFO]    Augmented cache hits: 314 (100.0%)
[25-07-08 12:15:40] [INFO]    Augmented cache misses: 0 (0.0%)
[25-07-08 12:15:40] [INFO]    Disk loads: 0
[25-07-08 12:15:40] [INFO]    Augmentations applied: 0
[25-07-08 12:15:40] [INFO]    Original cache size: 314
[25-07-08 12:15:40] [INFO]    Augmented cache size: 314
[25-07-08 12:15:40] [INFO]    Cache efficiency: 100.0%
[25-07-08 12:15:40] [INFO] 
--- Fold 1 | Epoch 9/100 ---
[25-07-08 12:15:49] [INFO] train_loss: 0.6830 | train_acc: 0.9841 | train_f1: 0.9824 | val_loss: 1.0365 | val_acc: 0.8662 | val_f1: 0.8499 | lr: 0.000980
[25-07-08 12:15:49] [INFO] 
📊 Epoch 9 Cache Statistics:
[25-07-08 12:15:49] [INFO] 📊 Dataset Cache Statistics:
[25-07-08 12:15:49] [INFO]    Current epoch requests: 1256
[25-07-08 12:15:49] [INFO]    Original cache hits: 0 (0.0%)
[25-07-08 12:15:49] [INFO]    Original cache misses: 0 (0.0%)
[25-07-08 12:15:49] [INFO]    Augmented cache hits: 1256 (100.0%)
[25-07-08 12:15:49] [INFO]    Augmented cache misses: 0 (0.0%)
[25-07-08 12:15:49] [INFO]    Disk loads: 0
[25-07-08 12:15:49] [INFO]    Augmentations applied: 0
[25-07-08 12:15:49] [INFO]    Original cache size: 1256
[25-07-08 12:15:49] [INFO]    Augmented cache size: 1256
[25-07-08 12:15:49] [INFO]    Cache efficiency: 100.0%
[25-07-08 12:15:49] [INFO] 📊 Dataset Cache Statistics:
[25-07-08 12:15:49] [INFO]    Current epoch requests: 314
[25-07-08 12:15:49] [INFO]    Original cache hits: 0 (0.0%)
[25-07-08 12:15:49] [INFO]    Original cache misses: 0 (0.0%)
[25-07-08 12:15:49] [INFO]    Augmented cache hits: 314 (100.0%)
[25-07-08 12:15:49] [INFO]    Augmented cache misses: 0 (0.0%)
[25-07-08 12:15:49] [INFO]    Disk loads: 0
[25-07-08 12:15:49] [INFO]    Augmentations applied: 0
[25-07-08 12:15:49] [INFO]    Original cache size: 314
[25-07-08 12:15:49] [INFO]    Augmented cache size: 314
[25-07-08 12:15:49] [INFO]    Cache efficiency: 100.0%
[25-07-08 12:15:49] [INFO] 
--- Fold 1 | Epoch 10/100 ---
[25-07-08 12:15:57] [INFO] train_loss: 0.6723 | train_acc: 0.9865 | train_f1: 0.9853 | val_loss: 1.1488 | val_acc: 0.8153 | val_f1: 0.8011 | lr: 0.000976
[25-07-08 12:15:57] [INFO] 
📊 Epoch 10 Cache Statistics:
[25-07-08 12:15:57] [INFO] 📊 Dataset Cache Statistics:
[25-07-08 12:15:57] [INFO]    Current epoch requests: 1256
[25-07-08 12:15:57] [INFO]    Original cache hits: 0 (0.0%)
[25-07-08 12:15:57] [INFO]    Original cache misses: 0 (0.0%)
[25-07-08 12:15:57] [INFO]    Augmented cache hits: 1256 (100.0%)
[25-07-08 12:15:57] [INFO]    Augmented cache misses: 0 (0.0%)
[25-07-08 12:15:57] [INFO]    Disk loads: 0
[25-07-08 12:15:57] [INFO]    Augmentations applied: 0
[25-07-08 12:15:57] [INFO]    Original cache size: 1256
[25-07-08 12:15:57] [INFO]    Augmented cache size: 1256
[25-07-08 12:15:57] [INFO]    Cache efficiency: 100.0%
[25-07-08 12:15:57] [INFO] 📊 Dataset Cache Statistics:
[25-07-08 12:15:57] [INFO]    Current epoch requests: 314
[25-07-08 12:15:57] [INFO]    Original cache hits: 0 (0.0%)
[25-07-08 12:15:57] [INFO]    Original cache misses: 0 (0.0%)
[25-07-08 12:15:57] [INFO]    Augmented cache hits: 314 (100.0%)
[25-07-08 12:15:57] [INFO]    Augmented cache misses: 0 (0.0%)
[25-07-08 12:15:57] [INFO]    Disk loads: 0
[25-07-08 12:15:57] [INFO]    Augmentations applied: 0
[25-07-08 12:15:57] [INFO]    Original cache size: 314
[25-07-08 12:15:57] [INFO]    Augmented cache size: 314
[25-07-08 12:15:57] [INFO]    Cache efficiency: 100.0%
[25-07-08 12:15:57] [INFO] 
--- Fold 1 | Epoch 11/100 ---
