[25-07-08 12:29:59] [INFO] 완전한 재현성 설정이 활성화되었습니다.
[25-07-08 12:29:59] [INFO] 🌱 Random seed set to 42
[25-07-08 12:29:59] [INFO] 💻 Using device: cuda
[25-07-08 12:29:59] [INFO] 📂 Total training samples: 1570
[25-07-08 12:29:59] [INFO] 📊 Class distribution: {0: 100, 1: 46, 2: 100, 3: 100, 4: 100, 5: 100, 6: 100, 7: 100, 8: 100, 9: 100, 10: 100, 11: 100, 12: 100, 13: 74, 14: 50, 15: 100, 16: 100}
[25-07-08 12:29:59] [INFO] 
🔄 Starting 5-Fold Cross Validation Training...
[25-07-08 12:29:59] [INFO] 
============================================================
[25-07-08 12:29:59] [INFO] 🔥 FOLD 1/5
[25-07-08 12:29:59] [INFO] ============================================================
[25-07-08 12:29:59] [INFO] 📚 Train samples: 1256
[25-07-08 12:29:59] [INFO] 📝 Validation samples: 314
[25-07-08 12:30:00] [INFO] 🏗️ Model: efficientnetv2_rw_m
[25-07-08 12:30:00] [INFO] 🔢 Number of parameters: 51,120,043
[25-07-08 12:30:00] [INFO] 🚀 Starting Fold 1 training...
[25-07-08 12:30:00] [INFO] 
--- Fold 1 | Epoch 1/100 ---
[25-07-08 12:30:20] [INFO] 💾 Fold 1 Best model updated! F1: 0.7964
[25-07-08 12:30:20] [INFO] train_loss: 1.4807 | train_acc: 0.6656 | train_f1: 0.6392 | val_loss: 1.0822 | val_acc: 0.8185 | val_f1: 0.7964 | lr: 0.001000
[25-07-08 12:30:20] [INFO] 
📊 Epoch 1 Cache Statistics:
[25-07-08 12:30:20] [INFO] 📊 Dataset Cache Statistics:
[25-07-08 12:30:20] [INFO]    Current epoch requests: 1256
[25-07-08 12:30:20] [INFO]    Original cache hits: 0 (0.0%)
[25-07-08 12:30:20] [INFO]    Original cache misses: 1256 (100.0%)
[25-07-08 12:30:20] [INFO]    Augmented cache hits: 0 (0.0%)
[25-07-08 12:30:20] [INFO]    Augmented cache misses: 1256 (100.0%)
[25-07-08 12:30:20] [INFO]    Disk loads: 1256
[25-07-08 12:30:20] [INFO]    Augmentations applied: 1256
[25-07-08 12:30:20] [INFO]    Original cache size: 1256
[25-07-08 12:30:20] [INFO]    Augmented cache size: 1256
[25-07-08 12:30:20] [INFO] 📊 Dataset Cache Statistics:
[25-07-08 12:30:20] [INFO]    Current epoch requests: 314
[25-07-08 12:30:20] [INFO]    Original cache hits: 0 (0.0%)
[25-07-08 12:30:20] [INFO]    Original cache misses: 314 (100.0%)
[25-07-08 12:30:20] [INFO]    Augmented cache hits: 0 (0.0%)
[25-07-08 12:30:20] [INFO]    Augmented cache misses: 314 (100.0%)
[25-07-08 12:30:20] [INFO]    Disk loads: 314
[25-07-08 12:30:20] [INFO]    Augmentations applied: 314
[25-07-08 12:30:20] [INFO]    Original cache size: 314
[25-07-08 12:30:20] [INFO]    Augmented cache size: 314
[25-07-08 12:30:20] [INFO] 
--- Fold 1 | Epoch 2/100 ---
[25-07-08 12:30:30] [INFO] 💾 Fold 1 Best model updated! F1: 0.8500
[25-07-08 12:30:30] [INFO] train_loss: 0.9322 | train_acc: 0.8854 | train_f1: 0.8754 | val_loss: 1.0092 | val_acc: 0.8599 | val_f1: 0.8500 | lr: 0.000999
[25-07-08 12:30:30] [INFO] 
📊 Epoch 2 Cache Statistics:
[25-07-08 12:30:30] [INFO] 📊 Dataset Cache Statistics:
[25-07-08 12:30:30] [INFO]    Current epoch requests: 1256
[25-07-08 12:30:30] [INFO]    Original cache hits: 0 (0.0%)
[25-07-08 12:30:30] [INFO]    Original cache misses: 0 (0.0%)
[25-07-08 12:30:30] [INFO]    Augmented cache hits: 1256 (100.0%)
[25-07-08 12:30:30] [INFO]    Augmented cache misses: 0 (0.0%)
[25-07-08 12:30:30] [INFO]    Disk loads: 0
[25-07-08 12:30:30] [INFO]    Augmentations applied: 0
[25-07-08 12:30:30] [INFO]    Original cache size: 1256
[25-07-08 12:30:30] [INFO]    Augmented cache size: 1256
[25-07-08 12:30:30] [INFO]    Cache efficiency: 100.0%
[25-07-08 12:30:30] [INFO] 📊 Dataset Cache Statistics:
[25-07-08 12:30:30] [INFO]    Current epoch requests: 314
[25-07-08 12:30:30] [INFO]    Original cache hits: 0 (0.0%)
[25-07-08 12:30:30] [INFO]    Original cache misses: 0 (0.0%)
[25-07-08 12:30:30] [INFO]    Augmented cache hits: 314 (100.0%)
[25-07-08 12:30:30] [INFO]    Augmented cache misses: 0 (0.0%)
[25-07-08 12:30:30] [INFO]    Disk loads: 0
[25-07-08 12:30:30] [INFO]    Augmentations applied: 0
[25-07-08 12:30:30] [INFO]    Original cache size: 314
[25-07-08 12:30:30] [INFO]    Augmented cache size: 314
[25-07-08 12:30:30] [INFO]    Cache efficiency: 100.0%
[25-07-08 12:30:30] [INFO] 
--- Fold 1 | Epoch 3/100 ---
[25-07-08 12:30:40] [INFO] train_loss: 0.8002 | train_acc: 0.9331 | train_f1: 0.9297 | val_loss: 0.9746 | val_acc: 0.8503 | val_f1: 0.8466 | lr: 0.000998
[25-07-08 12:30:40] [INFO] 
📊 Epoch 3 Cache Statistics:
[25-07-08 12:30:40] [INFO] 📊 Dataset Cache Statistics:
[25-07-08 12:30:40] [INFO]    Current epoch requests: 1256
[25-07-08 12:30:40] [INFO]    Original cache hits: 0 (0.0%)
[25-07-08 12:30:40] [INFO]    Original cache misses: 0 (0.0%)
[25-07-08 12:30:40] [INFO]    Augmented cache hits: 1256 (100.0%)
[25-07-08 12:30:40] [INFO]    Augmented cache misses: 0 (0.0%)
[25-07-08 12:30:40] [INFO]    Disk loads: 0
[25-07-08 12:30:40] [INFO]    Augmentations applied: 0
[25-07-08 12:30:40] [INFO]    Original cache size: 1256
[25-07-08 12:30:40] [INFO]    Augmented cache size: 1256
[25-07-08 12:30:40] [INFO]    Cache efficiency: 100.0%
[25-07-08 12:30:40] [INFO] 📊 Dataset Cache Statistics:
[25-07-08 12:30:40] [INFO]    Current epoch requests: 314
[25-07-08 12:30:40] [INFO]    Original cache hits: 0 (0.0%)
[25-07-08 12:30:40] [INFO]    Original cache misses: 0 (0.0%)
[25-07-08 12:30:40] [INFO]    Augmented cache hits: 314 (100.0%)
[25-07-08 12:30:40] [INFO]    Augmented cache misses: 0 (0.0%)
[25-07-08 12:30:40] [INFO]    Disk loads: 0
[25-07-08 12:30:40] [INFO]    Augmentations applied: 0
[25-07-08 12:30:40] [INFO]    Original cache size: 314
[25-07-08 12:30:40] [INFO]    Augmented cache size: 314
[25-07-08 12:30:40] [INFO]    Cache efficiency: 100.0%
[25-07-08 12:30:40] [INFO] 
--- Fold 1 | Epoch 4/100 ---
[25-07-08 12:30:50] [INFO] 💾 Fold 1 Best model updated! F1: 0.8643
[25-07-08 12:30:50] [INFO] train_loss: 0.7410 | train_acc: 0.9642 | train_f1: 0.9623 | val_loss: 0.9892 | val_acc: 0.8758 | val_f1: 0.8643 | lr: 0.000996
[25-07-08 12:30:50] [INFO] 
📊 Epoch 4 Cache Statistics:
[25-07-08 12:30:50] [INFO] 📊 Dataset Cache Statistics:
[25-07-08 12:30:50] [INFO]    Current epoch requests: 1256
[25-07-08 12:30:50] [INFO]    Original cache hits: 0 (0.0%)
[25-07-08 12:30:50] [INFO]    Original cache misses: 0 (0.0%)
[25-07-08 12:30:50] [INFO]    Augmented cache hits: 1256 (100.0%)
[25-07-08 12:30:50] [INFO]    Augmented cache misses: 0 (0.0%)
[25-07-08 12:30:50] [INFO]    Disk loads: 0
[25-07-08 12:30:50] [INFO]    Augmentations applied: 0
[25-07-08 12:30:50] [INFO]    Original cache size: 1256
[25-07-08 12:30:50] [INFO]    Augmented cache size: 1256
[25-07-08 12:30:50] [INFO]    Cache efficiency: 100.0%
[25-07-08 12:30:50] [INFO] 📊 Dataset Cache Statistics:
[25-07-08 12:30:50] [INFO]    Current epoch requests: 314
[25-07-08 12:30:50] [INFO]    Original cache hits: 0 (0.0%)
[25-07-08 12:30:50] [INFO]    Original cache misses: 0 (0.0%)
[25-07-08 12:30:50] [INFO]    Augmented cache hits: 314 (100.0%)
[25-07-08 12:30:50] [INFO]    Augmented cache misses: 0 (0.0%)
[25-07-08 12:30:50] [INFO]    Disk loads: 0
[25-07-08 12:30:50] [INFO]    Augmentations applied: 0
[25-07-08 12:30:50] [INFO]    Original cache size: 314
[25-07-08 12:30:50] [INFO]    Augmented cache size: 314
[25-07-08 12:30:50] [INFO]    Cache efficiency: 100.0%
[25-07-08 12:30:50] [INFO] 
--- Fold 1 | Epoch 5/100 ---
[25-07-08 12:31:01] [INFO] 💾 Fold 1 Best model updated! F1: 0.8795
[25-07-08 12:31:01] [INFO] train_loss: 0.6960 | train_acc: 0.9849 | train_f1: 0.9849 | val_loss: 0.9098 | val_acc: 0.8917 | val_f1: 0.8795 | lr: 0.000994
[25-07-08 12:31:01] [INFO] 
📊 Epoch 5 Cache Statistics:
[25-07-08 12:31:01] [INFO] 📊 Dataset Cache Statistics:
[25-07-08 12:31:01] [INFO]    Current epoch requests: 1256
[25-07-08 12:31:01] [INFO]    Original cache hits: 0 (0.0%)
[25-07-08 12:31:01] [INFO]    Original cache misses: 0 (0.0%)
[25-07-08 12:31:01] [INFO]    Augmented cache hits: 1256 (100.0%)
[25-07-08 12:31:01] [INFO]    Augmented cache misses: 0 (0.0%)
[25-07-08 12:31:01] [INFO]    Disk loads: 0
[25-07-08 12:31:01] [INFO]    Augmentations applied: 0
[25-07-08 12:31:01] [INFO]    Original cache size: 1256
[25-07-08 12:31:01] [INFO]    Augmented cache size: 1256
[25-07-08 12:31:01] [INFO]    Cache efficiency: 100.0%
[25-07-08 12:31:01] [INFO] 📊 Dataset Cache Statistics:
[25-07-08 12:31:01] [INFO]    Current epoch requests: 314
[25-07-08 12:31:01] [INFO]    Original cache hits: 0 (0.0%)
[25-07-08 12:31:01] [INFO]    Original cache misses: 0 (0.0%)
[25-07-08 12:31:01] [INFO]    Augmented cache hits: 314 (100.0%)
[25-07-08 12:31:01] [INFO]    Augmented cache misses: 0 (0.0%)
[25-07-08 12:31:01] [INFO]    Disk loads: 0
[25-07-08 12:31:01] [INFO]    Augmentations applied: 0
[25-07-08 12:31:01] [INFO]    Original cache size: 314
[25-07-08 12:31:01] [INFO]    Augmented cache size: 314
[25-07-08 12:31:01] [INFO]    Cache efficiency: 100.0%
[25-07-08 12:31:01] [INFO] 
--- Fold 1 | Epoch 6/100 ---
[25-07-08 12:31:11] [INFO] 💾 Fold 1 Best model updated! F1: 0.8877
[25-07-08 12:31:11] [INFO] train_loss: 0.6619 | train_acc: 0.9960 | train_f1: 0.9954 | val_loss: 0.9346 | val_acc: 0.8949 | val_f1: 0.8877 | lr: 0.000991
[25-07-08 12:31:11] [INFO] 
📊 Epoch 6 Cache Statistics:
[25-07-08 12:31:11] [INFO] 📊 Dataset Cache Statistics:
[25-07-08 12:31:11] [INFO]    Current epoch requests: 1256
[25-07-08 12:31:11] [INFO]    Original cache hits: 0 (0.0%)
[25-07-08 12:31:11] [INFO]    Original cache misses: 0 (0.0%)
[25-07-08 12:31:11] [INFO]    Augmented cache hits: 1256 (100.0%)
[25-07-08 12:31:11] [INFO]    Augmented cache misses: 0 (0.0%)
[25-07-08 12:31:11] [INFO]    Disk loads: 0
[25-07-08 12:31:11] [INFO]    Augmentations applied: 0
[25-07-08 12:31:11] [INFO]    Original cache size: 1256
[25-07-08 12:31:11] [INFO]    Augmented cache size: 1256
[25-07-08 12:31:11] [INFO]    Cache efficiency: 100.0%
[25-07-08 12:31:11] [INFO] 📊 Dataset Cache Statistics:
[25-07-08 12:31:11] [INFO]    Current epoch requests: 314
[25-07-08 12:31:11] [INFO]    Original cache hits: 0 (0.0%)
[25-07-08 12:31:11] [INFO]    Original cache misses: 0 (0.0%)
[25-07-08 12:31:11] [INFO]    Augmented cache hits: 314 (100.0%)
[25-07-08 12:31:11] [INFO]    Augmented cache misses: 0 (0.0%)
[25-07-08 12:31:11] [INFO]    Disk loads: 0
[25-07-08 12:31:11] [INFO]    Augmentations applied: 0
[25-07-08 12:31:11] [INFO]    Original cache size: 314
[25-07-08 12:31:11] [INFO]    Augmented cache size: 314
[25-07-08 12:31:11] [INFO]    Cache efficiency: 100.0%
[25-07-08 12:31:11] [INFO] 
--- Fold 1 | Epoch 7/100 ---
[25-07-08 12:31:21] [INFO] train_loss: 0.6892 | train_acc: 0.9809 | train_f1: 0.9780 | val_loss: 1.0562 | val_acc: 0.8631 | val_f1: 0.8435 | lr: 0.000988
[25-07-08 12:31:21] [INFO] 
📊 Epoch 7 Cache Statistics:
[25-07-08 12:31:21] [INFO] 📊 Dataset Cache Statistics:
[25-07-08 12:31:21] [INFO]    Current epoch requests: 1256
[25-07-08 12:31:21] [INFO]    Original cache hits: 0 (0.0%)
[25-07-08 12:31:21] [INFO]    Original cache misses: 0 (0.0%)
[25-07-08 12:31:21] [INFO]    Augmented cache hits: 1256 (100.0%)
[25-07-08 12:31:21] [INFO]    Augmented cache misses: 0 (0.0%)
[25-07-08 12:31:21] [INFO]    Disk loads: 0
[25-07-08 12:31:21] [INFO]    Augmentations applied: 0
[25-07-08 12:31:21] [INFO]    Original cache size: 1256
[25-07-08 12:31:21] [INFO]    Augmented cache size: 1256
[25-07-08 12:31:21] [INFO]    Cache efficiency: 100.0%
[25-07-08 12:31:21] [INFO] 📊 Dataset Cache Statistics:
[25-07-08 12:31:21] [INFO]    Current epoch requests: 314
[25-07-08 12:31:21] [INFO]    Original cache hits: 0 (0.0%)
[25-07-08 12:31:21] [INFO]    Original cache misses: 0 (0.0%)
[25-07-08 12:31:21] [INFO]    Augmented cache hits: 314 (100.0%)
[25-07-08 12:31:21] [INFO]    Augmented cache misses: 0 (0.0%)
[25-07-08 12:31:21] [INFO]    Disk loads: 0
[25-07-08 12:31:21] [INFO]    Augmentations applied: 0
[25-07-08 12:31:21] [INFO]    Original cache size: 314
[25-07-08 12:31:21] [INFO]    Augmented cache size: 314
[25-07-08 12:31:21] [INFO]    Cache efficiency: 100.0%
[25-07-08 12:31:21] [INFO] 
--- Fold 1 | Epoch 8/100 ---
[25-07-08 12:31:32] [INFO] train_loss: 0.7802 | train_acc: 0.9490 | train_f1: 0.9421 | val_loss: 1.1564 | val_acc: 0.7994 | val_f1: 0.7600 | lr: 0.000984
[25-07-08 12:31:32] [INFO] 
📊 Epoch 8 Cache Statistics:
[25-07-08 12:31:32] [INFO] 📊 Dataset Cache Statistics:
[25-07-08 12:31:32] [INFO]    Current epoch requests: 1256
[25-07-08 12:31:32] [INFO]    Original cache hits: 0 (0.0%)
[25-07-08 12:31:32] [INFO]    Original cache misses: 0 (0.0%)
[25-07-08 12:31:32] [INFO]    Augmented cache hits: 1256 (100.0%)
[25-07-08 12:31:32] [INFO]    Augmented cache misses: 0 (0.0%)
[25-07-08 12:31:32] [INFO]    Disk loads: 0
[25-07-08 12:31:32] [INFO]    Augmentations applied: 0
[25-07-08 12:31:32] [INFO]    Original cache size: 1256
[25-07-08 12:31:32] [INFO]    Augmented cache size: 1256
[25-07-08 12:31:32] [INFO]    Cache efficiency: 100.0%
[25-07-08 12:31:32] [INFO] 📊 Dataset Cache Statistics:
[25-07-08 12:31:32] [INFO]    Current epoch requests: 314
[25-07-08 12:31:32] [INFO]    Original cache hits: 0 (0.0%)
[25-07-08 12:31:32] [INFO]    Original cache misses: 0 (0.0%)
[25-07-08 12:31:32] [INFO]    Augmented cache hits: 314 (100.0%)
[25-07-08 12:31:32] [INFO]    Augmented cache misses: 0 (0.0%)
[25-07-08 12:31:32] [INFO]    Disk loads: 0
[25-07-08 12:31:32] [INFO]    Augmentations applied: 0
[25-07-08 12:31:32] [INFO]    Original cache size: 314
[25-07-08 12:31:32] [INFO]    Augmented cache size: 314
[25-07-08 12:31:32] [INFO]    Cache efficiency: 100.0%
[25-07-08 12:31:32] [INFO] 
--- Fold 1 | Epoch 9/100 ---
[25-07-08 12:31:42] [INFO] train_loss: 0.7959 | train_acc: 0.9490 | train_f1: 0.9450 | val_loss: 1.1552 | val_acc: 0.8185 | val_f1: 0.8005 | lr: 0.000980
[25-07-08 12:31:42] [INFO] 
📊 Epoch 9 Cache Statistics:
[25-07-08 12:31:42] [INFO] 📊 Dataset Cache Statistics:
[25-07-08 12:31:42] [INFO]    Current epoch requests: 1256
[25-07-08 12:31:42] [INFO]    Original cache hits: 0 (0.0%)
[25-07-08 12:31:42] [INFO]    Original cache misses: 0 (0.0%)
[25-07-08 12:31:42] [INFO]    Augmented cache hits: 1256 (100.0%)
[25-07-08 12:31:42] [INFO]    Augmented cache misses: 0 (0.0%)
[25-07-08 12:31:42] [INFO]    Disk loads: 0
[25-07-08 12:31:42] [INFO]    Augmentations applied: 0
[25-07-08 12:31:42] [INFO]    Original cache size: 1256
[25-07-08 12:31:42] [INFO]    Augmented cache size: 1256
[25-07-08 12:31:42] [INFO]    Cache efficiency: 100.0%
[25-07-08 12:31:42] [INFO] 📊 Dataset Cache Statistics:
[25-07-08 12:31:42] [INFO]    Current epoch requests: 314
[25-07-08 12:31:42] [INFO]    Original cache hits: 0 (0.0%)
[25-07-08 12:31:42] [INFO]    Original cache misses: 0 (0.0%)
[25-07-08 12:31:42] [INFO]    Augmented cache hits: 314 (100.0%)
[25-07-08 12:31:42] [INFO]    Augmented cache misses: 0 (0.0%)
[25-07-08 12:31:42] [INFO]    Disk loads: 0
[25-07-08 12:31:42] [INFO]    Augmentations applied: 0
[25-07-08 12:31:42] [INFO]    Original cache size: 314
[25-07-08 12:31:42] [INFO]    Augmented cache size: 314
[25-07-08 12:31:42] [INFO]    Cache efficiency: 100.0%
[25-07-08 12:31:42] [INFO] 
--- Fold 1 | Epoch 10/100 ---
[25-07-08 12:31:52] [INFO] train_loss: 0.7860 | train_acc: 0.9514 | train_f1: 0.9508 | val_loss: 1.0287 | val_acc: 0.8503 | val_f1: 0.8351 | lr: 0.000976
[25-07-08 12:31:52] [INFO] 
📊 Epoch 10 Cache Statistics:
[25-07-08 12:31:52] [INFO] 📊 Dataset Cache Statistics:
[25-07-08 12:31:52] [INFO]    Current epoch requests: 1256
[25-07-08 12:31:52] [INFO]    Original cache hits: 0 (0.0%)
[25-07-08 12:31:52] [INFO]    Original cache misses: 0 (0.0%)
[25-07-08 12:31:52] [INFO]    Augmented cache hits: 1256 (100.0%)
[25-07-08 12:31:52] [INFO]    Augmented cache misses: 0 (0.0%)
[25-07-08 12:31:52] [INFO]    Disk loads: 0
[25-07-08 12:31:52] [INFO]    Augmentations applied: 0
[25-07-08 12:31:52] [INFO]    Original cache size: 1256
[25-07-08 12:31:52] [INFO]    Augmented cache size: 1256
[25-07-08 12:31:52] [INFO]    Cache efficiency: 100.0%
[25-07-08 12:31:52] [INFO] 📊 Dataset Cache Statistics:
[25-07-08 12:31:52] [INFO]    Current epoch requests: 314
[25-07-08 12:31:52] [INFO]    Original cache hits: 0 (0.0%)
[25-07-08 12:31:52] [INFO]    Original cache misses: 0 (0.0%)
[25-07-08 12:31:52] [INFO]    Augmented cache hits: 314 (100.0%)
[25-07-08 12:31:52] [INFO]    Augmented cache misses: 0 (0.0%)
[25-07-08 12:31:52] [INFO]    Disk loads: 0
[25-07-08 12:31:52] [INFO]    Augmentations applied: 0
[25-07-08 12:31:52] [INFO]    Original cache size: 314
[25-07-08 12:31:52] [INFO]    Augmented cache size: 314
[25-07-08 12:31:52] [INFO]    Cache efficiency: 100.0%
[25-07-08 12:31:52] [INFO] 
--- Fold 1 | Epoch 11/100 ---
[25-07-08 12:32:03] [INFO] train_loss: 0.7300 | train_acc: 0.9721 | train_f1: 0.9719 | val_loss: 1.0175 | val_acc: 0.8790 | val_f1: 0.8684 | lr: 0.000970
[25-07-08 12:32:03] [INFO] 
📊 Epoch 11 Cache Statistics:
[25-07-08 12:32:03] [INFO] 📊 Dataset Cache Statistics:
[25-07-08 12:32:03] [INFO]    Current epoch requests: 1256
[25-07-08 12:32:03] [INFO]    Original cache hits: 0 (0.0%)
[25-07-08 12:32:03] [INFO]    Original cache misses: 0 (0.0%)
[25-07-08 12:32:03] [INFO]    Augmented cache hits: 1256 (100.0%)
[25-07-08 12:32:03] [INFO]    Augmented cache misses: 0 (0.0%)
[25-07-08 12:32:03] [INFO]    Disk loads: 0
[25-07-08 12:32:03] [INFO]    Augmentations applied: 0
[25-07-08 12:32:03] [INFO]    Original cache size: 1256
[25-07-08 12:32:03] [INFO]    Augmented cache size: 1256
[25-07-08 12:32:03] [INFO]    Cache efficiency: 100.0%
[25-07-08 12:32:03] [INFO] 📊 Dataset Cache Statistics:
[25-07-08 12:32:03] [INFO]    Current epoch requests: 314
[25-07-08 12:32:03] [INFO]    Original cache hits: 0 (0.0%)
[25-07-08 12:32:03] [INFO]    Original cache misses: 0 (0.0%)
[25-07-08 12:32:03] [INFO]    Augmented cache hits: 314 (100.0%)
[25-07-08 12:32:03] [INFO]    Augmented cache misses: 0 (0.0%)
[25-07-08 12:32:03] [INFO]    Disk loads: 0
[25-07-08 12:32:03] [INFO]    Augmentations applied: 0
[25-07-08 12:32:03] [INFO]    Original cache size: 314
[25-07-08 12:32:03] [INFO]    Augmented cache size: 314
[25-07-08 12:32:03] [INFO]    Cache efficiency: 100.0%
[25-07-08 12:32:03] [INFO] 
--- Fold 1 | Epoch 12/100 ---
[25-07-08 12:32:13] [INFO] train_loss: 0.7022 | train_acc: 0.9833 | train_f1: 0.9799 | val_loss: 0.9779 | val_acc: 0.8662 | val_f1: 0.8613 | lr: 0.000965
[25-07-08 12:32:13] [INFO] 
📊 Epoch 12 Cache Statistics:
[25-07-08 12:32:13] [INFO] 📊 Dataset Cache Statistics:
[25-07-08 12:32:13] [INFO]    Current epoch requests: 1256
[25-07-08 12:32:13] [INFO]    Original cache hits: 0 (0.0%)
[25-07-08 12:32:13] [INFO]    Original cache misses: 0 (0.0%)
[25-07-08 12:32:13] [INFO]    Augmented cache hits: 1256 (100.0%)
[25-07-08 12:32:13] [INFO]    Augmented cache misses: 0 (0.0%)
[25-07-08 12:32:13] [INFO]    Disk loads: 0
[25-07-08 12:32:13] [INFO]    Augmentations applied: 0
[25-07-08 12:32:13] [INFO]    Original cache size: 1256
[25-07-08 12:32:13] [INFO]    Augmented cache size: 1256
[25-07-08 12:32:13] [INFO]    Cache efficiency: 100.0%
[25-07-08 12:32:13] [INFO] 📊 Dataset Cache Statistics:
[25-07-08 12:32:13] [INFO]    Current epoch requests: 314
[25-07-08 12:32:13] [INFO]    Original cache hits: 0 (0.0%)
[25-07-08 12:32:13] [INFO]    Original cache misses: 0 (0.0%)
[25-07-08 12:32:13] [INFO]    Augmented cache hits: 314 (100.0%)
[25-07-08 12:32:13] [INFO]    Augmented cache misses: 0 (0.0%)
[25-07-08 12:32:13] [INFO]    Disk loads: 0
[25-07-08 12:32:13] [INFO]    Augmentations applied: 0
[25-07-08 12:32:13] [INFO]    Original cache size: 314
[25-07-08 12:32:13] [INFO]    Augmented cache size: 314
[25-07-08 12:32:13] [INFO]    Cache efficiency: 100.0%
[25-07-08 12:32:13] [INFO] 
--- Fold 1 | Epoch 13/100 ---
[25-07-08 12:32:23] [INFO] train_loss: 0.6537 | train_acc: 0.9968 | train_f1: 0.9967 | val_loss: 0.9537 | val_acc: 0.8790 | val_f1: 0.8789 | lr: 0.000959
[25-07-08 12:32:23] [INFO] 
📊 Epoch 13 Cache Statistics:
[25-07-08 12:32:23] [INFO] 📊 Dataset Cache Statistics:
[25-07-08 12:32:23] [INFO]    Current epoch requests: 1256
[25-07-08 12:32:23] [INFO]    Original cache hits: 0 (0.0%)
[25-07-08 12:32:23] [INFO]    Original cache misses: 0 (0.0%)
[25-07-08 12:32:23] [INFO]    Augmented cache hits: 1256 (100.0%)
[25-07-08 12:32:23] [INFO]    Augmented cache misses: 0 (0.0%)
[25-07-08 12:32:23] [INFO]    Disk loads: 0
[25-07-08 12:32:23] [INFO]    Augmentations applied: 0
[25-07-08 12:32:23] [INFO]    Original cache size: 1256
[25-07-08 12:32:23] [INFO]    Augmented cache size: 1256
[25-07-08 12:32:23] [INFO]    Cache efficiency: 100.0%
[25-07-08 12:32:23] [INFO] 📊 Dataset Cache Statistics:
[25-07-08 12:32:23] [INFO]    Current epoch requests: 314
[25-07-08 12:32:23] [INFO]    Original cache hits: 0 (0.0%)
[25-07-08 12:32:23] [INFO]    Original cache misses: 0 (0.0%)
[25-07-08 12:32:23] [INFO]    Augmented cache hits: 314 (100.0%)
[25-07-08 12:32:23] [INFO]    Augmented cache misses: 0 (0.0%)
[25-07-08 12:32:23] [INFO]    Disk loads: 0
[25-07-08 12:32:23] [INFO]    Augmentations applied: 0
[25-07-08 12:32:23] [INFO]    Original cache size: 314
[25-07-08 12:32:23] [INFO]    Augmented cache size: 314
[25-07-08 12:32:23] [INFO]    Cache efficiency: 100.0%
[25-07-08 12:32:23] [INFO] 
--- Fold 1 | Epoch 14/100 ---
